version:1.0.3.0806.1015               
                                      
                                      
            ..                    ..:.
           ..t..     Maxim      .h..
            ..i..  . ....... .  ..si
              sandroidmonkeystreste
              .sttoolMaxim.thistool.
           .helpyoutofoundappcrash.thi
         ..stooluserandomordfsalgorithm:.
        .smonkeyMaxim machine gunmonkey..
      ..monkey,..,monkeymonkeym,..,onkeym.
      .onkeymon..keymon.keymonke..ymonkeym.
      ,onkeymonkeymonkeymonkeymonkeymon.key.
     .monkeymonkeymonkeymonkeymonkeymonkeym.
     .onkeymonkeymonkeythxforphdguxiaotian.:
     .anythingUcancontactpanda_zzaqq77227005
      .                                   . 
                                            
      .                                   . 
                                            
[Maxim] // Device Info: Genymotion-Google, Android Version: 7.0
[Maxim] strategy : uiautomator-DFS.



[Maxim] // event0, 2018-12-06 00:41:43.891 
[Maxim] // event1, 2018-12-06 00:41:43.893 
[Maxim] // event1, 2018-12-06 00:41:44.394 
[Maxim] // event1, 2018-12-06 00:41:50.394 
[Maxim] // Current NO.10 Tree
[Maxim] // event1, 2018-12-06 00:41:51.513 
[Maxim] // event2, 2018-12-06 00:41:51.514 
[Maxim] // event3, 2018-12-06 00:41:53.516 
[Maxim] // event3, 2018-12-06 00:41:54.017 
[Maxim] // event4, 2018-12-06 00:41:54.025 
[Maxim] // Current NO.10 Tree
[Maxim] // event4, 2018-12-06 00:41:54.683 
[Maxim] // event5, 2018-12-06 00:41:54.684 
[Maxim] // event6, 2018-12-06 00:41:54.708 
[Maxim] // Current NO.19 Tree
[Maxim] // event6, 2018-12-06 00:41:55.528 
[Maxim] // event7, 2018-12-06 00:41:55.532 
[Maxim] // event8, 2018-12-06 00:41:55.533 
[Maxim] // event8, 2018-12-06 00:41:56.041 
[Maxim] // event9, 2018-12-06 00:41:56.041 
[Maxim] // event10, 2018-12-06 00:41:56.042 
[Maxim] // event11, 2018-12-06 00:41:56.043 
[Maxim] // event12, 2018-12-06 00:41:56.044 
[Maxim] // event13, 2018-12-06 00:41:56.045 
[Maxim] // event14, 2018-12-06 00:41:56.045 
[Maxim] // event15, 2018-12-06 00:41:56.062 
[Maxim] // event16, 2018-12-06 00:41:56.064 
[Maxim] // event17, 2018-12-06 00:41:56.065 
[Maxim] // event18, 2018-12-06 00:41:56.066 
[Maxim] // event18, 2018-12-06 00:41:56.566 
[Maxim] // event19, 2018-12-06 00:41:56.567 
[Maxim] // event20, 2018-12-06 00:41:56.568 
[Maxim] // event21, 2018-12-06 00:41:56.569 
[Maxim] // event22, 2018-12-06 00:41:56.570 
[Maxim] // event23, 2018-12-06 00:41:56.570 
[Maxim] // event24, 2018-12-06 00:41:56.571 
[Maxim] // event25, 2018-12-06 00:41:56.571 
[Maxim] // event26, 2018-12-06 00:41:56.572 
[Maxim] // event27, 2018-12-06 00:41:56.572 
[Maxim] // event27, 2018-12-06 00:41:57.074 
[Maxim] // event28, 2018-12-06 00:41:57.075 
[Maxim] // event29, 2018-12-06 00:41:57.076 
[Maxim] // event30, 2018-12-06 00:41:57.077 
[Maxim] // event30, 2018-12-06 00:41:57.577 
[Maxim] // event30, 2018-12-06 00:41:58.578 
[Maxim] // Current NO.10 Tree
[Maxim] // event30, 2018-12-06 00:41:59.239 
[Maxim] // event31, 2018-12-06 00:41:59.240 
[Maxim] // event32, 2018-12-06 00:41:59.263 
[Maxim] // Current NO.10 Tree
[Maxim] // event32, 2018-12-06 00:42:00.229 
[Maxim] // event33, 2018-12-06 00:42:00.230 
[Maxim] // event34, 2018-12-06 00:42:00.234 
[Maxim] // activityResuming(com.luojilab.player)
[Maxim] // Current NO.10 Tree
[Maxim] // event34, 2018-12-06 00:42:01.373 
[Maxim] // event35, 2018-12-06 00:42:01.375 
[Maxim] // event36, 2018-12-06 00:42:01.376 
[Maxim] // Current NO.10 Tree
[Maxim] // event36, 2018-12-06 00:42:02.061 
[Maxim] // event37, 2018-12-06 00:42:02.062 
[Maxim] // event38, 2018-12-06 00:42:02.066 
[Maxim] // Current NO.10 Tree
[Maxim] // event38, 2018-12-06 00:42:03.082 
[Maxim] // event39, 2018-12-06 00:42:03.084 
[Maxim] // event40, 2018-12-06 00:42:03.099 
[Maxim] // Current NO.11 Tree
[Maxim] // event40, 2018-12-06 00:42:05.395 
[Maxim] // event41, 2018-12-06 00:42:05.397 
[Maxim] // event42, 2018-12-06 00:42:07.397 
[Maxim] // event42, 2018-12-06 00:42:07.898 
[Maxim] // event43, 2018-12-06 00:42:07.900 
[Maxim] // Current NO.11 Tree
[Maxim] // event43, 2018-12-06 00:42:08.534 
[Maxim] // event44, 2018-12-06 00:42:08.535 
[Maxim] // event45, 2018-12-06 00:42:08.536 
[Maxim] // Current NO.11 Tree
[Maxim] // event45, 2018-12-06 00:42:09.256 
[Maxim] // event46, 2018-12-06 00:42:09.260 
[Maxim] // event47, 2018-12-06 00:42:09.261 
[Maxim] // Current NO.11 Tree
[Maxim] // event47, 2018-12-06 00:42:09.913 
[Maxim] // event48, 2018-12-06 00:42:09.915 
[Maxim] // event49, 2018-12-06 00:42:09.916 
[Maxim] // activityResuming(com.luojilab.player)
[Maxim] // Current NO.10 Tree
[Maxim] // event49, 2018-12-06 00:42:10.596 
[Maxim] // event50, 2018-12-06 00:42:10.598 
[Maxim] // event51, 2018-12-06 00:42:10.598 
[Maxim] // Current NO.10 Tree
[Maxim] // event51, 2018-12-06 00:42:11.393 
[Maxim] // event52, 2018-12-06 00:42:11.398 
[Maxim] // event53, 2018-12-06 00:42:11.399 
[Maxim] // Current NO.10 Tree
[Maxim] // event53, 2018-12-06 00:42:12.010 
[Maxim] // event54, 2018-12-06 00:42:12.012 
[Maxim] // event55, 2018-12-06 00:42:12.013 
[Maxim] // Current NO.10 Tree
[Maxim] // event55, 2018-12-06 00:42:12.706 
[Maxim] // event56, 2018-12-06 00:42:12.708 
[Maxim] // event57, 2018-12-06 00:42:12.715 
[Maxim] // Current NO.19 Tree
[Maxim] // event57, 2018-12-06 00:42:13.577 
[Maxim] // event58, 2018-12-06 00:42:13.580 
[Maxim] // event59, 2018-12-06 00:42:13.585 
[Maxim] // event59, 2018-12-06 00:42:14.156 
[Maxim] // event60, 2018-12-06 00:42:14.159 
[Maxim] // event61, 2018-12-06 00:42:14.166 
[Maxim] // event62, 2018-12-06 00:42:14.177 
[Maxim] // event63, 2018-12-06 00:42:14.179 
[Maxim] // event64, 2018-12-06 00:42:14.180 
[Maxim] // event65, 2018-12-06 00:42:14.181 
[Maxim] // event66, 2018-12-06 00:42:14.182 
[Maxim] // event67, 2018-12-06 00:42:14.183 
[Maxim] // event67, 2018-12-06 00:42:14.684 
[Maxim] // event68, 2018-12-06 00:42:14.685 
[Maxim] // event69, 2018-12-06 00:42:14.686 
[Maxim] // event70, 2018-12-06 00:42:14.686 
[Maxim] // event71, 2018-12-06 00:42:14.687 
[Maxim] // event72, 2018-12-06 00:42:14.688 
[Maxim] // event73, 2018-12-06 00:42:14.688 
[Maxim] // event73, 2018-12-06 00:42:15.188 
[Maxim] // event74, 2018-12-06 00:42:15.190 
[Maxim] // event75, 2018-12-06 00:42:15.190 
[Maxim] // event75, 2018-12-06 00:42:15.697 
[Maxim] // event76, 2018-12-06 00:42:15.698 
[Maxim] // event77, 2018-12-06 00:42:15.699 
[Maxim] // event78, 2018-12-06 00:42:15.700 
[Maxim] // event79, 2018-12-06 00:42:15.700 
[Maxim] // event80, 2018-12-06 00:42:15.701 
[Maxim] // event81, 2018-12-06 00:42:15.702 
[Maxim] // event82, 2018-12-06 00:42:15.702 
[Maxim] // event83, 2018-12-06 00:42:15.703 
[Maxim] // event83, 2018-12-06 00:42:16.204 
[Maxim] // event83, 2018-12-06 00:42:17.205 
[Maxim] // event83, 2018-12-06 00:42:17.713 
[Maxim] // event84, 2018-12-06 00:42:17.714 
[Maxim] // event85, 2018-12-06 00:42:17.715 
[Maxim] // event86, 2018-12-06 00:42:17.716 
[Maxim] // event87, 2018-12-06 00:42:17.716 
[Maxim] // event88, 2018-12-06 00:42:17.717 
[Maxim] // event89, 2018-12-06 00:42:17.718 
[Maxim] // event90, 2018-12-06 00:42:17.719 
[Maxim] // event90, 2018-12-06 00:42:18.220 
[Maxim] // event91, 2018-12-06 00:42:18.223 
[Maxim] // event92, 2018-12-06 00:42:18.224 
[Maxim] // event93, 2018-12-06 00:42:18.225 
[Maxim] // event94, 2018-12-06 00:42:18.226 
[Maxim] // event95, 2018-12-06 00:42:18.227 
[Maxim] // event96, 2018-12-06 00:42:18.229 
[Maxim] // event97, 2018-12-06 00:42:18.230 
[Maxim] // event98, 2018-12-06 00:42:18.232 
[Maxim] // event98, 2018-12-06 00:42:18.733 
[Maxim] // event99, 2018-12-06 00:42:18.734 
[Maxim] // event100, 2018-12-06 00:42:18.735 
[Maxim] // event101, 2018-12-06 00:42:18.735 
[Maxim] // event102, 2018-12-06 00:42:18.736 
[Maxim] // event103, 2018-12-06 00:42:18.737 
[Maxim] // event104, 2018-12-06 00:42:18.738 
[Maxim] // event104, 2018-12-06 00:42:19.238 
[Maxim] // event105, 2018-12-06 00:42:19.240 
[Maxim] // event106, 2018-12-06 00:42:19.241 
[Maxim] // event107, 2018-12-06 00:42:19.242 
[Maxim] // event108, 2018-12-06 00:42:19.242 
[Maxim] // event109, 2018-12-06 00:42:19.244 
[Maxim] // event110, 2018-12-06 00:42:19.245 
[Maxim] // event111, 2018-12-06 00:42:19.246 
[Maxim] // event112, 2018-12-06 00:42:19.250 
[Maxim] // event112, 2018-12-06 00:42:19.752 
[Maxim] // event113, 2018-12-06 00:42:19.753 
[Maxim] // event114, 2018-12-06 00:42:19.754 
[Maxim] // event114, 2018-12-06 00:42:20.255 
[Maxim] // event115, 2018-12-06 00:42:20.257 
[Maxim] // event116, 2018-12-06 00:42:20.258 
[Maxim] // event117, 2018-12-06 00:42:20.259 
[Maxim] // event118, 2018-12-06 00:42:20.260 
[Maxim] // event119, 2018-12-06 00:42:20.261 
[Maxim] // event120, 2018-12-06 00:42:20.262 
[Maxim] // event120, 2018-12-06 00:42:20.763 
[Maxim] // event121, 2018-12-06 00:42:20.765 
[Maxim] // event122, 2018-12-06 00:42:20.765 
[Maxim] // event123, 2018-12-06 00:42:20.766 
[Maxim] // event124, 2018-12-06 00:42:20.767 
[Maxim] // event124, 2018-12-06 00:42:21.268 
[Maxim] // event125, 2018-12-06 00:42:21.269 
[Maxim] // event126, 2018-12-06 00:42:21.270 
[Maxim] // event127, 2018-12-06 00:42:21.270 
[Maxim] // event128, 2018-12-06 00:42:21.271 
[Maxim] // event129, 2018-12-06 00:42:21.272 
[Maxim] // event130, 2018-12-06 00:42:21.273 
[Maxim] // event131, 2018-12-06 00:42:21.274 
[Maxim] // event131, 2018-12-06 00:42:21.775 
[Maxim] // event131, 2018-12-06 00:42:22.775 
[Maxim] // Current NO.10 Tree
[Maxim] // event131, 2018-12-06 00:42:23.457 
[Maxim] // event132, 2018-12-06 00:42:23.458 
[Maxim] // event133, 2018-12-06 00:42:23.482 
[Maxim] // Current NO.3 Tree
[Maxim] // event133, 2018-12-06 00:42:24.324 
[Maxim] // event134, 2018-12-06 00:42:24.327 
[Maxim] // event135, 2018-12-06 00:42:24.329 
[Maxim] // activityResuming(com.luojilab.player)
[Maxim] // Current NO.10 Tree
[Maxim] // event135, 2018-12-06 00:42:25.775 
[Maxim] // event136, 2018-12-06 00:42:25.776 
[Maxim] // event137, 2018-12-06 00:42:25.777 
[Maxim] // Current NO.10 Tree
[Maxim] // event137, 2018-12-06 00:42:26.658 
[Maxim] // event138, 2018-12-06 00:42:26.660 
[Maxim] // event139, 2018-12-06 00:42:26.664 
[Maxim] // event139, 2018-12-06 00:42:27.233 
[Maxim] // event140, 2018-12-06 00:42:27.235 
[Maxim] // event141, 2018-12-06 00:42:27.236 
[Maxim] // event142, 2018-12-06 00:42:27.237 
[Maxim] // event143, 2018-12-06 00:42:27.256 
[Maxim] // event144, 2018-12-06 00:42:27.258 
[Maxim] // event145, 2018-12-06 00:42:27.262 
[Maxim] // event146, 2018-12-06 00:42:27.263 
[Maxim] // event147, 2018-12-06 00:42:27.267 
[Maxim] // event148, 2018-12-06 00:42:27.268 
[Maxim] // event148, 2018-12-06 00:42:27.770 
[Maxim] // event149, 2018-12-06 00:42:27.771 
[Maxim] // event150, 2018-12-06 00:42:27.771 
[Maxim] // event151, 2018-12-06 00:42:27.772 
[Maxim] // event152, 2018-12-06 00:42:27.789 
[Maxim] // event153, 2018-12-06 00:42:27.790 
[Maxim] // event154, 2018-12-06 00:42:27.791 
[Maxim] // event155, 2018-12-06 00:42:27.791 
[Maxim] // event156, 2018-12-06 00:42:27.792 
[Maxim] // event157, 2018-12-06 00:42:27.793 
[Maxim] // event158, 2018-12-06 00:42:27.795 
[Maxim] // event158, 2018-12-06 00:42:28.298 
[Maxim] // event159, 2018-12-06 00:42:28.300 
[Maxim] // event160, 2018-12-06 00:42:28.301 
[Maxim] // event161, 2018-12-06 00:42:28.304 
[Maxim] // event162, 2018-12-06 00:42:28.305 
[Maxim] // activityResuming(com.luojilab.player)
[Maxim] // event162, 2018-12-06 00:42:28.818 
[Maxim] // event163, 2018-12-06 00:42:28.821 
[Maxim] // event164, 2018-12-06 00:42:28.822 
[Maxim] // event164, 2018-12-06 00:42:29.323 
[Maxim] // event165, 2018-12-06 00:42:29.324 
[Maxim] // event166, 2018-12-06 00:42:29.325 
[Maxim] // event167, 2018-12-06 00:42:29.326 
[Maxim] // event168, 2018-12-06 00:42:29.327 
[Maxim] // event169, 2018-12-06 00:42:29.328 
[Maxim] // event170, 2018-12-06 00:42:29.329 
[Maxim] // event171, 2018-12-06 00:42:29.329 
[Maxim] // event172, 2018-12-06 00:42:29.330 
[Maxim] // event172, 2018-12-06 00:42:29.832 
[Maxim] // event173, 2018-12-06 00:42:29.833 
[Maxim] // event174, 2018-12-06 00:42:29.834 
[Maxim] // event174, 2018-12-06 00:42:30.340 
[Maxim] // event175, 2018-12-06 00:42:30.344 
[Maxim] // event176, 2018-12-06 00:42:30.345 
[Maxim] // event177, 2018-12-06 00:42:30.347 
[Maxim] // event178, 2018-12-06 00:42:30.353 
[Maxim] // event179, 2018-12-06 00:42:30.359 
[Maxim] // event180, 2018-12-06 00:42:30.368 
[Maxim] // event181, 2018-12-06 00:42:30.369 
[Maxim] // event182, 2018-12-06 00:42:30.371 
[Maxim] // event183, 2018-12-06 00:42:30.372 
[Maxim] // event184, 2018-12-06 00:42:30.373 
[Maxim] // event185, 2018-12-06 00:42:30.375 
[Maxim] // event185, 2018-12-06 00:42:30.875 
[Maxim] // event186, 2018-12-06 00:42:30.877 
[Maxim] // event187, 2018-12-06 00:42:30.878 
[Maxim] // event188, 2018-12-06 00:42:30.879 
[Maxim] // event188, 2018-12-06 00:42:31.380 
[Maxim] // event188, 2018-12-06 00:42:32.381 
[Maxim] // Current NO.13 Tree
[Maxim] // event188, 2018-12-06 00:42:33.005 
[Maxim] // event189, 2018-12-06 00:42:33.007 
[Maxim] // event190, 2018-12-06 00:42:33.043 
[Maxim] // Current NO.21 Tree
[Maxim] // event190, 2018-12-06 00:42:33.840 
[Maxim] // event191, 2018-12-06 00:42:33.842 
[Maxim] // event192, 2018-12-06 00:42:33.871 
[Maxim] // Current NO.21 Tree
[Maxim] // event192, 2018-12-06 00:42:34.708 
[Maxim] // event193, 2018-12-06 00:42:34.712 
[Maxim] // event194, 2018-12-06 00:42:34.720 
[Maxim] // Current NO.21 Tree
[Maxim] // event194, 2018-12-06 00:42:35.567 
[Maxim] // event195, 2018-12-06 00:42:35.569 
[Maxim] // event196, 2018-12-06 00:42:35.571 
[Maxim] // Current NO.21 Tree
[Maxim] // event196, 2018-12-06 00:42:36.307 
[Maxim] // event197, 2018-12-06 00:42:36.308 
[Maxim] // event198, 2018-12-06 00:42:36.328 
[Maxim] // Current NO.21 Tree
[Maxim] // event198, 2018-12-06 00:42:37.059 
[Maxim] // event199, 2018-12-06 00:42:37.064 
[Maxim] // activityResuming(com.luojilab.player)
[Maxim] // event200, 2018-12-06 00:42:37.092 
[Maxim] // event200, 2018-12-06 00:42:37.681 
[Maxim] // event201, 2018-12-06 00:42:37.684 
[Maxim] // event202, 2018-12-06 00:42:37.686 
[Maxim] // event203, 2018-12-06 00:42:37.687 
[Maxim] // event204, 2018-12-06 00:42:37.688 
[Maxim] // event205, 2018-12-06 00:42:37.692 
[Maxim] // event206, 2018-12-06 00:42:37.694 
[Maxim] // event207, 2018-12-06 00:42:37.695 
[Maxim] // event208, 2018-12-06 00:42:37.697 
[Maxim] // event209, 2018-12-06 00:42:37.702 
[Maxim] // event209, 2018-12-06 00:42:38.203 
[Maxim] // event210, 2018-12-06 00:42:38.205 
[Maxim] // event211, 2018-12-06 00:42:38.206 
[Maxim] // event211, 2018-12-06 00:42:38.706 
[Maxim] // event211, 2018-12-06 00:42:39.707 
[Maxim] // event211, 2018-12-06 00:42:40.209 
[Maxim] // event211, 2018-12-06 00:42:41.212 
[Maxim] // event211, 2018-12-06 00:42:41.720 
[Maxim] // event212, 2018-12-06 00:42:41.722 
[Maxim] // event213, 2018-12-06 00:42:41.723 
[Maxim] // event214, 2018-12-06 00:42:41.723 
[Maxim] // event215, 2018-12-06 00:42:41.724 
[Maxim] // event216, 2018-12-06 00:42:41.725 
[Maxim] // event217, 2018-12-06 00:42:41.725 
[Maxim] // event218, 2018-12-06 00:42:41.726 
[Maxim] // event219, 2018-12-06 00:42:41.729 
[Maxim] // event219, 2018-12-06 00:42:42.229 
[Maxim] // event220, 2018-12-06 00:42:42.231 
[Maxim] // event221, 2018-12-06 00:42:42.233 
[Maxim] // event222, 2018-12-06 00:42:42.234 
[Maxim] // event223, 2018-12-06 00:42:42.235 
[Maxim] // event224, 2018-12-06 00:42:42.236 
[Maxim] // activityResuming(com.luojilab.player)
[Maxim] // event224, 2018-12-06 00:42:42.736 
[Maxim] // event225, 2018-12-06 00:42:42.738 
[Maxim] // event226, 2018-12-06 00:42:42.739 
[Maxim] // event227, 2018-12-06 00:42:42.740 
[Maxim] // event228, 2018-12-06 00:42:42.740 
[Maxim] // event229, 2018-12-06 00:42:42.741 
[Maxim] // event230, 2018-12-06 00:42:42.741 
[Maxim] // event231, 2018-12-06 00:42:42.742 
[Maxim] // event232, 2018-12-06 00:42:42.745 
[Maxim] // event232, 2018-12-06 00:42:43.245 
[Maxim] // event233, 2018-12-06 00:42:43.247 
[Maxim] // event234, 2018-12-06 00:42:43.248 
[Maxim] // event235, 2018-12-06 00:42:43.250 
[Maxim] // event236, 2018-12-06 00:42:43.251 
[Maxim] // event237, 2018-12-06 00:42:43.253 
[Maxim] // event238, 2018-12-06 00:42:43.255 
[Maxim] // event239, 2018-12-06 00:42:43.255 
[Maxim] // event240, 2018-12-06 00:42:43.256 
[Maxim] // event241, 2018-12-06 00:42:43.257 
[Maxim] // event241, 2018-12-06 00:42:43.757 
[Maxim] // event242, 2018-12-06 00:42:43.759 
[Maxim] // event243, 2018-12-06 00:42:43.759 
[Maxim] // event244, 2018-12-06 00:42:43.761 
[Maxim] // event245, 2018-12-06 00:42:43.761 
[Maxim] // event246, 2018-12-06 00:42:43.762 
[Maxim] // event247, 2018-12-06 00:42:43.763 
[Maxim] // event248, 2018-12-06 00:42:43.765 
[Maxim] // event249, 2018-12-06 00:42:43.767 
[Maxim] // Events injected: 249
[Maxim] // Total activities 6
[Maxim] // 1 - com.luojilab.business.user.ui.PhoneInputActivity
[Maxim] // 2 - com.luojilab.business.webview.WebViewActivity
[Maxim] // 3 - com.luojilab.business.user.ui.PhonePwdInputActivity
[Maxim] // 4 - com.luojilab.business.packageweb.CommonPackageWebActivity
[Maxim] // 5 - com.luojilab.component.saybook.activity.SaybookDetailNewActivity
[Maxim] // 6 - com.luojilab.share.ShareDialogActivity
[Maxim] // How many Events Dropped: keys=0, pointers=0, trackballs=0, flips=0, rotations=0
[Maxim] // ## Network stats: elapsed time= 60380 ms  ( 0 ms mobile, 0 ms wifi, 60380 ms not connected )
[Maxim] // System appears to have crashed at event 249 of 1000 using seed 1544199443310
