[2019-04-27 17:41:10,720] [INFO] [xinxideMacBook-Pro.local][run.py - line:67] 参数:
/Users/xinxi/Downloads/app_simul_6.1.0_20190425202227.apk
192.168.56.101:5555
1
xinxi@luojilab.com
[2019-04-27 17:41:10,727] [INFO] [xinxideMacBook-Pro.local][run.py - line:40] 删除缓存目录:/Users/xinxi/PycharmProjects/maxauto/report/tmp/
[2019-04-27 17:41:10,727] [INFO] [xinxideMacBook-Pro.local][run.py - line:42] 创建缓存目录:/Users/xinxi/PycharmProjects/maxauto/report/tmp/
[2019-04-27 17:41:10,786] [INFO] [xinxideMacBook-Pro.local][filetools.py - line:38] 写/Users/xinxi/PycharmProjects/maxauto/report/tmp/allactivity.log文件完成
[2019-04-27 17:41:47,391] [INFO] [xinxideMacBook-Pro.local][run.py - line:67] 参数:
/Users/xinxi/Downloads/app_simul_6.1.0_20190425202227.apk
192.168.56.101:5555
1
xinxi@luojilab.com
[2019-04-27 17:41:47,392] [INFO] [xinxideMacBook-Pro.local][run.py - line:40] 删除缓存目录:/Users/xinxi/PycharmProjects/maxauto/report/tmp/
[2019-04-27 17:41:47,392] [INFO] [xinxideMacBook-Pro.local][run.py - line:42] 创建缓存目录:/Users/xinxi/PycharmProjects/maxauto/report/tmp/
[2019-04-27 17:41:47,446] [INFO] [xinxideMacBook-Pro.local][filetools.py - line:38] 写/Users/xinxi/PycharmProjects/maxauto/report/tmp/allactivity.log文件完成
[2019-04-27 17:41:47,650] [INFO] [xinxideMacBook-Pro.local][installapp.py - line:37] 卸载app命令:adb -s 192.168.56.101:5555 uninstall com.luojilab.player
[2019-04-27 17:41:47,657] [INFO] [xinxideMacBook-Pro.local][installapp.py - line:40] 安装app命令:adb -s 192.168.56.101:5555 install /Users/xinxi/Downloads/app_simul_6.1.0_20190425202227.apk
[2019-04-27 17:41:49,302] [INFO] [xinxideMacBook-Pro.local][installapp.py - line:58] app安装中!
[2019-04-27 17:41:50,991] [INFO] [xinxideMacBook-Pro.local][installapp.py - line:58] app安装中!
[2019-04-27 17:41:52,277] [INFO] [xinxideMacBook-Pro.local][installapp.py - line:58] app安装中!
[2019-04-27 17:41:53,551] [INFO] [xinxideMacBook-Pro.local][installapp.py - line:58] app安装中!
[2019-04-27 17:41:54,801] [INFO] [xinxideMacBook-Pro.local][installapp.py - line:58] app安装中!
[2019-04-27 17:41:56,051] [INFO] [xinxideMacBook-Pro.local][installapp.py - line:58] app安装中!
[2019-04-27 17:41:58,053] [INFO] [xinxideMacBook-Pro.local][installapp.py - line:51] app安装成功!
[2019-04-27 17:41:58,053] [INFO] [xinxideMacBook-Pro.local][installapp.py - line:55] app安装耗时:10s
[2019-04-27 17:41:58,054] [INFO] [xinxideMacBook-Pro.local][filetools.py - line:38] 写/Users/xinxi/PycharmProjects/maxauto/report/tmp/install_app.log文件完成
[2019-04-27 17:41:58,314] [INFO] [xinxideMacBook-Pro.local][lanuchapp.py - line:35] 清除数据缓存命令:adb -s 192.168.56.101:5555 shell pm clear com.luojilab.player
[2019-04-27 17:42:00,091] [INFO] [xinxideMacBook-Pro.local][lanuchapp.py - line:53] 启动app命令:adb -s 192.168.56.101:5555 shell am start -W com.luojilab.player/com.luojilab.business.welcome.SplashActivity
[2019-04-27 17:42:00,092] [INFO] [xinxideMacBook-Pro.local][lanuchapp.py - line:57] 本次冷启动时间:1436
[2019-04-27 17:42:03,093] [INFO] [xinxideMacBook-Pro.local][lanuchapp.py - line:82] 均值为:1436.0
[2019-04-27 17:42:03,093] [INFO] [xinxideMacBook-Pro.local][filetools.py - line:38] 写/Users/xinxi/PycharmProjects/maxauto/report/tmp/lanuch_app.log文件完成
[2019-04-27 17:42:03,168] [INFO] [xinxideMacBook-Pro.local][logintest.py - line:53] appium进程不存在
[2019-04-27 17:42:03,168] [INFO] [xinxideMacBook-Pro.local][logintest.py - line:68] appium启动命令:appium --log /Users/xinxi/PycharmProjects/maxauto/report/tmp/appium.log --session-override --udid 192.168.56.101:5555 -a 127.0.0.1 -p 4725
[2019-04-27 17:42:08,666] [INFO] [xinxideMacBook-Pro.local][logintest.py - line:74] 启动appium中...
[2019-04-27 17:42:08,667] [INFO] [xinxideMacBook-Pro.local][logintest.py - line:76] appium启动成功
[2019-04-27 17:42:33,584] [INFO] [xinxideMacBook-Pro.local][logintest.py - line:180] 登录测试异常:Message: An element could not be located on the page using the given search parameters.

[2019-04-27 17:42:33,735] [INFO] [xinxideMacBook-Pro.local][logintest.py - line:57] 停止appium进程:22521
[2019-04-27 17:42:33,735] [INFO] [xinxideMacBook-Pro.local][filetools.py - line:38] 写/Users/xinxi/PycharmProjects/maxauto/report/tmp/login_app.log文件完成
[2019-04-27 17:42:33,736] [INFO] [xinxideMacBook-Pro.local][monkey.py - line:142] 删除设备中crash命令:adb -s 192.168.56.101:5555 shell rm -rf /sdcard/crash-dump.log
[2019-04-27 17:42:33,820] [INFO] [xinxideMacBook-Pro.local][monkey.py - line:280] 清除logcat日志
[2019-04-27 17:42:33,820] [INFO] [xinxideMacBook-Pro.local][common.py - line:42] push本地文件到设备命令:adb -s 192.168.56.101:5555 push /Users/xinxi/PycharmProjects/maxauto/monkey/libs/monkey.jar /sdcard/
[2019-04-27 17:42:33,856] [INFO] [xinxideMacBook-Pro.local][common.py - line:42] push本地文件到设备命令:adb -s 192.168.56.101:5555 push /Users/xinxi/PycharmProjects/maxauto/monkey/libs/framework.jar /sdcard/
[2019-04-27 17:42:33,918] [INFO] [xinxideMacBook-Pro.local][common.py - line:42] push本地文件到设备命令:adb -s 192.168.56.101:5555 push /Users/xinxi/PycharmProjects/maxauto/monkey/config/max.config /sdcard/
[2019-04-27 17:42:34,065] [INFO] [xinxideMacBook-Pro.local][common.py - line:57] 未查询到pid
[2019-04-27 17:42:34,154] [INFO] [xinxideMacBook-Pro.local][common.py - line:61] 结束:logcat,进程号:22018
[2019-04-27 17:42:34,155] [INFO] [xinxideMacBook-Pro.local][monkey.py - line:70] Monkey执行命令:adb -s 192.168.56.101:5555 shell CLASSPATH=/sdcard/monkey.jar:/sdcard/framework.jar exec app_process /system/bin tv.panda.test.monkey.Monkey -p com.luojilab.player --uiautomatordfs --imagepolling --running-minutes 1 --throttle 200 > /Users/xinxi/PycharmProjects/maxauto/report/tmp/monkey.log
[2019-04-27 17:42:37,205] [INFO] [xinxideMacBook-Pro.local][monkey.py - line:76] ==========Monkey运行中...==========
[2019-04-27 17:42:37,282] [INFO] [xinxideMacBook-Pro.local][filetools.py - line:38] 写/Users/xinxi/PycharmProjects/maxauto/report/tmp/cpu.log文件完成
[2019-04-27 17:42:37,396] [INFO] [xinxideMacBook-Pro.local][filetools.py - line:38] 写/Users/xinxi/PycharmProjects/maxauto/report/tmp/mem.log文件完成
[2019-04-27 17:42:37,509] [INFO] [xinxideMacBook-Pro.local][filetools.py - line:38] 写/Users/xinxi/PycharmProjects/maxauto/report/tmp/network.log文件完成
[2019-04-27 17:42:37,563] [INFO] [xinxideMacBook-Pro.local][filetools.py - line:38] 写/Users/xinxi/PycharmProjects/maxauto/report/tmp/fps.log文件完成
[2019-04-27 17:42:37,611] [INFO] [xinxideMacBook-Pro.local][common.py - line:111] 写/Users/xinxi/PycharmProjects/maxauto/report/tmp/runactivity_back.log文件完成
[2019-04-27 17:42:40,661] [INFO] [xinxideMacBook-Pro.local][monkey.py - line:76] ==========Monkey运行中...==========
[2019-04-27 17:42:40,748] [INFO] [xinxideMacBook-Pro.local][filetools.py - line:38] 写/Users/xinxi/PycharmProjects/maxauto/report/tmp/cpu.log文件完成
[2019-04-27 17:42:40,856] [INFO] [xinxideMacBook-Pro.local][filetools.py - line:38] 写/Users/xinxi/PycharmProjects/maxauto/report/tmp/mem.log文件完成
[2019-04-27 17:42:40,926] [INFO] [xinxideMacBook-Pro.local][filetools.py - line:38] 写/Users/xinxi/PycharmProjects/maxauto/report/tmp/network.log文件完成
[2019-04-27 17:42:40,962] [INFO] [xinxideMacBook-Pro.local][filetools.py - line:38] 写/Users/xinxi/PycharmProjects/maxauto/report/tmp/fps.log文件完成
[2019-04-27 17:42:40,994] [INFO] [xinxideMacBook-Pro.local][common.py - line:222] 已经存在activity!
[2019-04-27 17:42:44,049] [INFO] [xinxideMacBook-Pro.local][monkey.py - line:76] ==========Monkey运行中...==========
[2019-04-27 17:42:44,119] [INFO] [xinxideMacBook-Pro.local][filetools.py - line:38] 写/Users/xinxi/PycharmProjects/maxauto/report/tmp/cpu.log文件完成
[2019-04-27 17:42:44,234] [INFO] [xinxideMacBook-Pro.local][filetools.py - line:38] 写/Users/xinxi/PycharmProjects/maxauto/report/tmp/mem.log文件完成
[2019-04-27 17:42:44,286] [INFO] [xinxideMacBook-Pro.local][filetools.py - line:38] 写/Users/xinxi/PycharmProjects/maxauto/report/tmp/network.log文件完成
[2019-04-27 17:42:44,323] [INFO] [xinxideMacBook-Pro.local][filetools.py - line:38] 写/Users/xinxi/PycharmProjects/maxauto/report/tmp/fps.log文件完成
[2019-04-27 17:42:44,356] [INFO] [xinxideMacBook-Pro.local][common.py - line:222] 已经存在activity!
[2019-04-27 17:42:47,416] [INFO] [xinxideMacBook-Pro.local][monkey.py - line:76] ==========Monkey运行中...==========
[2019-04-27 17:42:47,522] [INFO] [xinxideMacBook-Pro.local][filetools.py - line:38] 写/Users/xinxi/PycharmProjects/maxauto/report/tmp/cpu.log文件完成
[2019-04-27 17:42:47,782] [INFO] [xinxideMacBook-Pro.local][filetools.py - line:38] 写/Users/xinxi/PycharmProjects/maxauto/report/tmp/mem.log文件完成
[2019-04-27 17:42:48,047] [INFO] [xinxideMacBook-Pro.local][filetools.py - line:38] 写/Users/xinxi/PycharmProjects/maxauto/report/tmp/network.log文件完成
[2019-04-27 17:42:48,142] [INFO] [xinxideMacBook-Pro.local][filetools.py - line:38] 写/Users/xinxi/PycharmProjects/maxauto/report/tmp/fps.log文件完成
[2019-04-27 17:42:48,238] [INFO] [xinxideMacBook-Pro.local][common.py - line:222] 已经存在activity!
[2019-04-27 17:42:51,301] [INFO] [xinxideMacBook-Pro.local][monkey.py - line:76] ==========Monkey运行中...==========
[2019-04-27 17:42:51,422] [INFO] [xinxideMacBook-Pro.local][filetools.py - line:38] 写/Users/xinxi/PycharmProjects/maxauto/report/tmp/cpu.log文件完成
[2019-04-27 17:42:51,606] [INFO] [xinxideMacBook-Pro.local][filetools.py - line:38] 写/Users/xinxi/PycharmProjects/maxauto/report/tmp/mem.log文件完成
[2019-04-27 17:42:51,685] [INFO] [xinxideMacBook-Pro.local][filetools.py - line:38] 写/Users/xinxi/PycharmProjects/maxauto/report/tmp/network.log文件完成
[2019-04-27 17:42:51,747] [INFO] [xinxideMacBook-Pro.local][filetools.py - line:38] 写/Users/xinxi/PycharmProjects/maxauto/report/tmp/fps.log文件完成
[2019-04-27 17:42:51,843] [INFO] [xinxideMacBook-Pro.local][common.py - line:111] 写/Users/xinxi/PycharmProjects/maxauto/report/tmp/runactivity_back.log文件完成
[2019-04-27 17:42:54,915] [INFO] [xinxideMacBook-Pro.local][monkey.py - line:76] ==========Monkey运行中...==========
[2019-04-27 17:42:55,010] [INFO] [xinxideMacBook-Pro.local][filetools.py - line:38] 写/Users/xinxi/PycharmProjects/maxauto/report/tmp/cpu.log文件完成
[2019-04-27 17:42:55,242] [INFO] [xinxideMacBook-Pro.local][filetools.py - line:38] 写/Users/xinxi/PycharmProjects/maxauto/report/tmp/mem.log文件完成
[2019-04-27 17:42:55,349] [INFO] [xinxideMacBook-Pro.local][filetools.py - line:38] 写/Users/xinxi/PycharmProjects/maxauto/report/tmp/network.log文件完成
[2019-04-27 17:42:55,505] [INFO] [xinxideMacBook-Pro.local][filetools.py - line:38] 写/Users/xinxi/PycharmProjects/maxauto/report/tmp/fps.log文件完成
[2019-04-27 17:42:55,601] [INFO] [xinxideMacBook-Pro.local][common.py - line:222] 已经存在activity!
[2019-04-27 17:42:58,667] [INFO] [xinxideMacBook-Pro.local][monkey.py - line:76] ==========Monkey运行中...==========
[2019-04-27 17:42:58,794] [INFO] [xinxideMacBook-Pro.local][filetools.py - line:38] 写/Users/xinxi/PycharmProjects/maxauto/report/tmp/cpu.log文件完成
[2019-04-27 17:42:59,101] [INFO] [xinxideMacBook-Pro.local][filetools.py - line:38] 写/Users/xinxi/PycharmProjects/maxauto/report/tmp/mem.log文件完成
[2019-04-27 17:42:59,295] [INFO] [xinxideMacBook-Pro.local][filetools.py - line:38] 写/Users/xinxi/PycharmProjects/maxauto/report/tmp/network.log文件完成
[2019-04-27 17:42:59,561] [INFO] [xinxideMacBook-Pro.local][filetools.py - line:38] 写/Users/xinxi/PycharmProjects/maxauto/report/tmp/fps.log文件完成
[2019-04-27 17:42:59,914] [INFO] [xinxideMacBook-Pro.local][common.py - line:222] 已经存在activity!
[2019-04-27 17:43:02,972] [INFO] [xinxideMacBook-Pro.local][monkey.py - line:76] ==========Monkey运行中...==========
[2019-04-27 17:43:03,073] [INFO] [xinxideMacBook-Pro.local][filetools.py - line:38] 写/Users/xinxi/PycharmProjects/maxauto/report/tmp/cpu.log文件完成
[2019-04-27 17:43:03,222] [INFO] [xinxideMacBook-Pro.local][filetools.py - line:38] 写/Users/xinxi/PycharmProjects/maxauto/report/tmp/mem.log文件完成
[2019-04-27 17:43:03,289] [INFO] [xinxideMacBook-Pro.local][filetools.py - line:38] 写/Users/xinxi/PycharmProjects/maxauto/report/tmp/network.log文件完成
[2019-04-27 17:43:03,335] [INFO] [xinxideMacBook-Pro.local][filetools.py - line:38] 写/Users/xinxi/PycharmProjects/maxauto/report/tmp/fps.log文件完成
[2019-04-27 17:43:03,428] [INFO] [xinxideMacBook-Pro.local][common.py - line:222] 已经存在activity!
[2019-04-27 17:43:06,489] [INFO] [xinxideMacBook-Pro.local][monkey.py - line:76] ==========Monkey运行中...==========
[2019-04-27 17:43:06,654] [INFO] [xinxideMacBook-Pro.local][filetools.py - line:38] 写/Users/xinxi/PycharmProjects/maxauto/report/tmp/cpu.log文件完成
[2019-04-27 17:43:06,815] [INFO] [xinxideMacBook-Pro.local][filetools.py - line:38] 写/Users/xinxi/PycharmProjects/maxauto/report/tmp/mem.log文件完成
[2019-04-27 17:43:06,876] [INFO] [xinxideMacBook-Pro.local][filetools.py - line:38] 写/Users/xinxi/PycharmProjects/maxauto/report/tmp/network.log文件完成
[2019-04-27 17:43:06,920] [INFO] [xinxideMacBook-Pro.local][filetools.py - line:38] 写/Users/xinxi/PycharmProjects/maxauto/report/tmp/fps.log文件完成
[2019-04-27 17:43:07,002] [INFO] [xinxideMacBook-Pro.local][common.py - line:111] 写/Users/xinxi/PycharmProjects/maxauto/report/tmp/runactivity_back.log文件完成
[2019-04-27 17:43:10,073] [INFO] [xinxideMacBook-Pro.local][monkey.py - line:76] ==========Monkey运行中...==========
[2019-04-27 17:43:10,163] [INFO] [xinxideMacBook-Pro.local][filetools.py - line:38] 写/Users/xinxi/PycharmProjects/maxauto/report/tmp/cpu.log文件完成
[2019-04-27 17:43:10,290] [INFO] [xinxideMacBook-Pro.local][filetools.py - line:38] 写/Users/xinxi/PycharmProjects/maxauto/report/tmp/mem.log文件完成
[2019-04-27 17:43:10,378] [INFO] [xinxideMacBook-Pro.local][filetools.py - line:38] 写/Users/xinxi/PycharmProjects/maxauto/report/tmp/network.log文件完成
[2019-04-27 17:43:10,415] [INFO] [xinxideMacBook-Pro.local][filetools.py - line:38] 写/Users/xinxi/PycharmProjects/maxauto/report/tmp/fps.log文件完成
[2019-04-27 17:43:10,490] [INFO] [xinxideMacBook-Pro.local][common.py - line:111] 写/Users/xinxi/PycharmProjects/maxauto/report/tmp/runactivity_back.log文件完成
[2019-04-27 17:43:13,582] [INFO] [xinxideMacBook-Pro.local][monkey.py - line:76] ==========Monkey运行中...==========
[2019-04-27 17:43:13,681] [INFO] [xinxideMacBook-Pro.local][filetools.py - line:38] 写/Users/xinxi/PycharmProjects/maxauto/report/tmp/cpu.log文件完成
[2019-04-27 17:43:13,778] [INFO] [xinxideMacBook-Pro.local][filetools.py - line:38] 写/Users/xinxi/PycharmProjects/maxauto/report/tmp/mem.log文件完成
[2019-04-27 17:43:13,859] [INFO] [xinxideMacBook-Pro.local][filetools.py - line:38] 写/Users/xinxi/PycharmProjects/maxauto/report/tmp/network.log文件完成
[2019-04-27 17:43:13,894] [INFO] [xinxideMacBook-Pro.local][filetools.py - line:38] 写/Users/xinxi/PycharmProjects/maxauto/report/tmp/fps.log文件完成
[2019-04-27 17:43:13,997] [INFO] [xinxideMacBook-Pro.local][common.py - line:222] 已经存在activity!
[2019-04-27 17:43:17,073] [INFO] [xinxideMacBook-Pro.local][monkey.py - line:76] ==========Monkey运行中...==========
[2019-04-27 17:43:17,131] [INFO] [xinxideMacBook-Pro.local][filetools.py - line:38] 写/Users/xinxi/PycharmProjects/maxauto/report/tmp/cpu.log文件完成
[2019-04-27 17:43:17,225] [INFO] [xinxideMacBook-Pro.local][filetools.py - line:38] 写/Users/xinxi/PycharmProjects/maxauto/report/tmp/mem.log文件完成
[2019-04-27 17:43:17,282] [INFO] [xinxideMacBook-Pro.local][filetools.py - line:38] 写/Users/xinxi/PycharmProjects/maxauto/report/tmp/network.log文件完成
[2019-04-27 17:43:17,319] [INFO] [xinxideMacBook-Pro.local][filetools.py - line:38] 写/Users/xinxi/PycharmProjects/maxauto/report/tmp/fps.log文件完成
[2019-04-27 17:43:17,386] [INFO] [xinxideMacBook-Pro.local][common.py - line:111] 写/Users/xinxi/PycharmProjects/maxauto/report/tmp/runactivity_back.log文件完成
[2019-04-27 17:43:20,439] [INFO] [xinxideMacBook-Pro.local][monkey.py - line:76] ==========Monkey运行中...==========
[2019-04-27 17:43:20,510] [INFO] [xinxideMacBook-Pro.local][filetools.py - line:38] 写/Users/xinxi/PycharmProjects/maxauto/report/tmp/cpu.log文件完成
[2019-04-27 17:43:20,646] [INFO] [xinxideMacBook-Pro.local][filetools.py - line:38] 写/Users/xinxi/PycharmProjects/maxauto/report/tmp/mem.log文件完成
[2019-04-27 17:43:20,721] [INFO] [xinxideMacBook-Pro.local][filetools.py - line:38] 写/Users/xinxi/PycharmProjects/maxauto/report/tmp/network.log文件完成
[2019-04-27 17:43:20,759] [INFO] [xinxideMacBook-Pro.local][filetools.py - line:38] 写/Users/xinxi/PycharmProjects/maxauto/report/tmp/fps.log文件完成
[2019-04-27 17:43:20,831] [INFO] [xinxideMacBook-Pro.local][common.py - line:222] 已经存在activity!
[2019-04-27 17:43:23,880] [INFO] [xinxideMacBook-Pro.local][monkey.py - line:76] ==========Monkey运行中...==========
[2019-04-27 17:43:23,960] [INFO] [xinxideMacBook-Pro.local][filetools.py - line:38] 写/Users/xinxi/PycharmProjects/maxauto/report/tmp/cpu.log文件完成
[2019-04-27 17:43:24,120] [INFO] [xinxideMacBook-Pro.local][filetools.py - line:38] 写/Users/xinxi/PycharmProjects/maxauto/report/tmp/mem.log文件完成
[2019-04-27 17:43:24,194] [INFO] [xinxideMacBook-Pro.local][filetools.py - line:38] 写/Users/xinxi/PycharmProjects/maxauto/report/tmp/network.log文件完成
[2019-04-27 17:43:24,262] [INFO] [xinxideMacBook-Pro.local][filetools.py - line:38] 写/Users/xinxi/PycharmProjects/maxauto/report/tmp/fps.log文件完成
[2019-04-27 17:43:24,385] [INFO] [xinxideMacBook-Pro.local][common.py - line:222] 已经存在activity!
[2019-04-27 17:43:27,457] [INFO] [xinxideMacBook-Pro.local][monkey.py - line:76] ==========Monkey运行中...==========
[2019-04-27 17:43:27,567] [INFO] [xinxideMacBook-Pro.local][filetools.py - line:38] 写/Users/xinxi/PycharmProjects/maxauto/report/tmp/cpu.log文件完成
[2019-04-27 17:43:28,303] [INFO] [xinxideMacBook-Pro.local][filetools.py - line:38] 写/Users/xinxi/PycharmProjects/maxauto/report/tmp/mem.log文件完成
[2019-04-27 17:43:28,460] [INFO] [xinxideMacBook-Pro.local][filetools.py - line:38] 写/Users/xinxi/PycharmProjects/maxauto/report/tmp/network.log文件完成
[2019-04-27 17:43:28,639] [INFO] [xinxideMacBook-Pro.local][filetools.py - line:38] 写/Users/xinxi/PycharmProjects/maxauto/report/tmp/fps.log文件完成
[2019-04-27 17:43:28,762] [INFO] [xinxideMacBook-Pro.local][common.py - line:222] 已经存在activity!
[2019-04-27 17:43:31,840] [INFO] [xinxideMacBook-Pro.local][monkey.py - line:76] ==========Monkey运行中...==========
[2019-04-27 17:43:32,049] [INFO] [xinxideMacBook-Pro.local][filetools.py - line:38] 写/Users/xinxi/PycharmProjects/maxauto/report/tmp/cpu.log文件完成
[2019-04-27 17:43:32,386] [INFO] [xinxideMacBook-Pro.local][filetools.py - line:38] 写/Users/xinxi/PycharmProjects/maxauto/report/tmp/mem.log文件完成
[2019-04-27 17:43:32,482] [INFO] [xinxideMacBook-Pro.local][filetools.py - line:38] 写/Users/xinxi/PycharmProjects/maxauto/report/tmp/network.log文件完成
[2019-04-27 17:43:32,594] [INFO] [xinxideMacBook-Pro.local][filetools.py - line:38] 写/Users/xinxi/PycharmProjects/maxauto/report/tmp/fps.log文件完成
[2019-04-27 17:43:32,981] [INFO] [xinxideMacBook-Pro.local][common.py - line:222] 已经存在activity!
[2019-04-27 17:43:36,040] [INFO] [xinxideMacBook-Pro.local][monkey.py - line:76] ==========Monkey运行中...==========
[2019-04-27 17:43:36,115] [INFO] [xinxideMacBook-Pro.local][filetools.py - line:38] 写/Users/xinxi/PycharmProjects/maxauto/report/tmp/cpu.log文件完成
[2019-04-27 17:43:36,276] [INFO] [xinxideMacBook-Pro.local][filetools.py - line:38] 写/Users/xinxi/PycharmProjects/maxauto/report/tmp/mem.log文件完成
[2019-04-27 17:43:36,351] [INFO] [xinxideMacBook-Pro.local][filetools.py - line:38] 写/Users/xinxi/PycharmProjects/maxauto/report/tmp/network.log文件完成
[2019-04-27 17:43:36,386] [INFO] [xinxideMacBook-Pro.local][filetools.py - line:38] 写/Users/xinxi/PycharmProjects/maxauto/report/tmp/fps.log文件完成
[2019-04-27 17:43:36,489] [INFO] [xinxideMacBook-Pro.local][common.py - line:222] 已经存在activity!
[2019-04-27 17:43:39,546] [INFO] [xinxideMacBook-Pro.local][monkey.py - line:214] 当前monkey进程不存在
[2019-04-27 17:43:39,578] [INFO] [xinxideMacBook-Pro.local][monkey.py - line:192] 当前monkey进程不存在
[2019-04-27 17:43:39,579] [INFO] [xinxideMacBook-Pro.local][monkey.py - line:87] ==========Monkey运行结束!==========
[2019-04-27 17:43:39,581] [INFO] [xinxideMacBook-Pro.local][common.py - line:111] 写/Users/xinxi/PycharmProjects/maxauto/report/tmp/runactivity.log文件完成
[2019-04-27 17:43:39,581] [INFO] [xinxideMacBook-Pro.local][common.py - line:28] 拉取文件命令:adb -s 192.168.56.101:5555 pull /sdcard/crash-dump.log /Users/xinxi/PycharmProjects/maxauto/report/tmp/crash.log
[2019-04-27 17:43:41,678] [ERROR] [xinxideMacBook-Pro.local][create.py - line:151] 生成报告异常!report_template.html
[2019-04-27 17:45:34,182] [INFO] [xinxideMacBook-Pro.local][run.py - line:67] 参数:
/Users/xinxi/Downloads/app_simul_6.1.0_20190425202227.apk
192.168.56.101:5555
1
xinxi@luojilab.com
[2019-04-27 17:45:35,070] [ERROR] [xinxideMacBook-Pro.local][create.py - line:145] 生成报告异常!report_template.html
[2019-04-27 17:46:41,862] [INFO] [xinxideMacBook-Pro.local][run.py - line:67] 参数:
/Users/xinxi/Downloads/app_simul_6.1.0_20190425202227.apk
192.168.56.101:5555
1
xinxi@luojilab.com
[2019-04-27 17:46:42,849] [ERROR] [xinxideMacBook-Pro.local][getdata.py - line:93] 获取crash次数异常![Errno 2] No such file or directory: '/Users/xinxi/PycharmProjects/maxauto/report/tmp/crash.log'
[2019-04-27 17:46:42,853] [ERROR] [xinxideMacBook-Pro.local][getdata.py - line:226] 获取崩溃图片异常![Errno 2] No such file or directory: '/Users/xinxi/PycharmProjects/maxauto/monkey/images'
[2019-04-27 17:46:42,855] [INFO] [xinxideMacBook-Pro.local][create.py - line:143] 报告地址:
/Users/xinxi/PycharmProjects/maxauto/report/reports/report_20190427174641.html
[2019-04-27 18:23:16,203] [INFO] [xinxideMacBook-Pro.local][run.py - line:91] 参数:
/Users/xinxi/Downloads/app_simul_6.1.0_20190425202227.apk
192.168.56.101:5555
1
[2019-04-27 18:23:16,208] [INFO] [xinxideMacBook-Pro.local][run.py - line:44] 删除缓存目录:/Users/xinxi/PycharmProjects/maxauto/report/tmp/
[2019-04-27 18:23:16,208] [INFO] [xinxideMacBook-Pro.local][run.py - line:46] 创建缓存目录:/Users/xinxi/PycharmProjects/maxauto/report/tmp/
[2019-04-27 18:23:16,265] [INFO] [xinxideMacBook-Pro.local][filetools.py - line:38] 写/Users/xinxi/PycharmProjects/maxauto/report/tmp/allactivity.log文件完成
[2019-04-27 18:23:16,403] [INFO] [xinxideMacBook-Pro.local][installapp.py - line:37] 卸载app命令:adb -s 192.168.56.101:5555 uninstall com.luojilab.player
[2019-04-27 18:23:16,408] [INFO] [xinxideMacBook-Pro.local][installapp.py - line:40] 安装app命令:adb -s 192.168.56.101:5555 install /Users/xinxi/Downloads/app_simul_6.1.0_20190425202227.apk
[2019-04-27 18:23:18,003] [INFO] [xinxideMacBook-Pro.local][installapp.py - line:58] app安装中!
[2019-04-27 18:23:19,542] [INFO] [xinxideMacBook-Pro.local][installapp.py - line:58] app安装中!
[2019-04-27 18:23:21,150] [INFO] [xinxideMacBook-Pro.local][installapp.py - line:58] app安装中!
[2019-04-27 18:23:22,406] [INFO] [xinxideMacBook-Pro.local][installapp.py - line:58] app安装中!
[2019-04-27 18:23:23,660] [INFO] [xinxideMacBook-Pro.local][installapp.py - line:58] app安装中!
[2019-04-27 18:23:24,910] [INFO] [xinxideMacBook-Pro.local][installapp.py - line:58] app安装中!
[2019-04-27 18:23:26,215] [INFO] [xinxideMacBook-Pro.local][installapp.py - line:51] app安装成功!
[2019-04-27 18:23:26,216] [INFO] [xinxideMacBook-Pro.local][installapp.py - line:55] app安装耗时:10s
[2019-04-27 18:23:26,216] [INFO] [xinxideMacBook-Pro.local][filetools.py - line:38] 写/Users/xinxi/PycharmProjects/maxauto/report/tmp/install_app.log文件完成
[2019-04-27 18:23:26,637] [INFO] [xinxideMacBook-Pro.local][lanuchapp.py - line:35] 清除数据缓存命令:adb -s 192.168.56.101:5555 shell pm clear com.luojilab.player
[2019-04-27 18:23:28,745] [INFO] [xinxideMacBook-Pro.local][lanuchapp.py - line:53] 启动app命令:adb -s 192.168.56.101:5555 shell am start -W com.luojilab.player/com.luojilab.business.welcome.SplashActivity
[2019-04-27 18:23:28,746] [INFO] [xinxideMacBook-Pro.local][lanuchapp.py - line:57] 本次冷启动时间:1810
[2019-04-27 18:23:31,749] [INFO] [xinxideMacBook-Pro.local][lanuchapp.py - line:82] 均值为:1810.0
[2019-04-27 18:23:31,750] [INFO] [xinxideMacBook-Pro.local][filetools.py - line:38] 写/Users/xinxi/PycharmProjects/maxauto/report/tmp/lanuch_app.log文件完成
[2019-04-27 18:23:31,820] [INFO] [xinxideMacBook-Pro.local][logintest.py - line:54] appium进程不存在
[2019-04-27 18:23:31,820] [INFO] [xinxideMacBook-Pro.local][logintest.py - line:69] appium启动命令:appium --log /Users/xinxi/PycharmProjects/maxauto/report/tmp/appium.log --session-override --udid 192.168.56.101:5555 -a 127.0.0.1 -p 4725
[2019-04-27 18:23:36,691] [INFO] [xinxideMacBook-Pro.local][logintest.py - line:75] 启动appium中...
[2019-04-27 18:23:36,693] [INFO] [xinxideMacBook-Pro.local][logintest.py - line:77] appium启动成功
[2019-04-27 18:23:50,977] [INFO] [xinxideMacBook-Pro.local][logintest.py - line:54] appium进程不存在
[2019-04-27 18:23:50,979] [INFO] [xinxideMacBook-Pro.local][filetools.py - line:38] 写/Users/xinxi/PycharmProjects/maxauto/report/tmp/login_app.log文件完成
[2019-04-27 18:24:33,708] [INFO] [xinxideMacBook-Pro.local][run.py - line:91] 参数:
/Users/xinxi/Downloads/app_simul_6.1.0_20190425202227.apk
192.168.56.101:5555
1
[2019-04-27 18:24:33,710] [INFO] [xinxideMacBook-Pro.local][run.py - line:44] 删除缓存目录:/Users/xinxi/PycharmProjects/maxauto/report/tmp/
[2019-04-27 18:24:33,710] [INFO] [xinxideMacBook-Pro.local][run.py - line:46] 创建缓存目录:/Users/xinxi/PycharmProjects/maxauto/report/tmp/
[2019-04-27 18:24:33,773] [INFO] [xinxideMacBook-Pro.local][filetools.py - line:38] 写/Users/xinxi/PycharmProjects/maxauto/report/tmp/allactivity.log文件完成
[2019-04-27 18:24:33,885] [INFO] [xinxideMacBook-Pro.local][installapp.py - line:37] 卸载app命令:adb -s 192.168.56.101:5555 uninstall com.luojilab.player
[2019-04-27 18:24:33,888] [INFO] [xinxideMacBook-Pro.local][installapp.py - line:40] 安装app命令:adb -s 192.168.56.101:5555 install /Users/xinxi/Downloads/app_simul_6.1.0_20190425202227.apk
[2019-04-27 18:24:35,860] [INFO] [xinxideMacBook-Pro.local][installapp.py - line:58] app安装中!
[2019-04-27 18:24:37,438] [INFO] [xinxideMacBook-Pro.local][installapp.py - line:58] app安装中!
[2019-04-27 18:24:38,678] [INFO] [xinxideMacBook-Pro.local][installapp.py - line:58] app安装中!
[2019-04-27 18:24:39,949] [INFO] [xinxideMacBook-Pro.local][installapp.py - line:58] app安装中!
[2019-04-27 18:24:41,210] [INFO] [xinxideMacBook-Pro.local][installapp.py - line:58] app安装中!
[2019-04-27 18:24:42,474] [INFO] [xinxideMacBook-Pro.local][installapp.py - line:51] app安装成功!
[2019-04-27 18:24:42,475] [INFO] [xinxideMacBook-Pro.local][installapp.py - line:55] app安装耗时:8s
[2019-04-27 18:24:42,476] [INFO] [xinxideMacBook-Pro.local][filetools.py - line:38] 写/Users/xinxi/PycharmProjects/maxauto/report/tmp/install_app.log文件完成
[2019-04-27 18:24:42,805] [INFO] [xinxideMacBook-Pro.local][lanuchapp.py - line:35] 清除数据缓存命令:adb -s 192.168.56.101:5555 shell pm clear com.luojilab.player
[2019-04-27 18:24:44,673] [INFO] [xinxideMacBook-Pro.local][lanuchapp.py - line:53] 启动app命令:adb -s 192.168.56.101:5555 shell am start -W com.luojilab.player/com.luojilab.business.welcome.SplashActivity
[2019-04-27 18:24:44,674] [INFO] [xinxideMacBook-Pro.local][lanuchapp.py - line:57] 本次冷启动时间:1476
[2019-04-27 18:24:47,679] [INFO] [xinxideMacBook-Pro.local][lanuchapp.py - line:82] 均值为:1476.0
[2019-04-27 18:24:47,680] [INFO] [xinxideMacBook-Pro.local][filetools.py - line:38] 写/Users/xinxi/PycharmProjects/maxauto/report/tmp/lanuch_app.log文件完成
[2019-04-27 18:24:47,743] [INFO] [xinxideMacBook-Pro.local][logintest.py - line:54] appium进程不存在
[2019-04-27 18:24:47,743] [INFO] [xinxideMacBook-Pro.local][logintest.py - line:69] appium启动命令:appium --log /Users/xinxi/PycharmProjects/maxauto/report/tmp/appium.log --session-override --udid 192.168.56.101:5555 -a 127.0.0.1 -p 4725
[2019-04-27 18:24:51,875] [INFO] [xinxideMacBook-Pro.local][logintest.py - line:75] 启动appium中...
[2019-04-27 18:24:51,875] [INFO] [xinxideMacBook-Pro.local][logintest.py - line:77] appium启动成功
[2019-04-27 18:25:08,680] [ERROR] [xinxideMacBook-Pro.local][location.py - line:92] display_wait Exception:('xpath', "'//*[@text='\xe5\x85\x81\xe8\xae\xb8']'")
[2019-04-27 18:25:08,682] [ERROR] [xinxideMacBook-Pro.local][logintest.py - line:139] 登录异常:'NoneType' object has no attribute 'click'
[2019-04-27 18:25:08,682] [ERROR] [xinxideMacBook-Pro.local][logintest.py - line:139] 登录异常:'time'
[2019-04-27 18:25:09,751] [ERROR] [xinxideMacBook-Pro.local][location.py - line:92] display_wait Exception:('xpath', "'//*[@text='\xe6\x88\x91\xe7\x9a\x84']'")
[2019-04-27 18:25:09,751] [ERROR] [xinxideMacBook-Pro.local][logintest.py - line:139] 登录异常:'NoneType' object has no attribute 'click'
[2019-04-27 18:25:09,877] [INFO] [xinxideMacBook-Pro.local][logintest.py - line:58] 停止appium进程:31708
[2019-04-27 18:25:09,877] [INFO] [xinxideMacBook-Pro.local][filetools.py - line:38] 写/Users/xinxi/PycharmProjects/maxauto/report/tmp/login_app.log文件完成
[2019-04-27 18:25:09,878] [INFO] [xinxideMacBook-Pro.local][monkey.py - line:142] 删除设备中crash命令:adb -s 192.168.56.101:5555 shell rm -rf /sdcard/crash-dump.log
[2019-04-27 18:25:09,944] [INFO] [xinxideMacBook-Pro.local][monkey.py - line:280] 清除logcat日志
[2019-04-27 18:25:09,945] [INFO] [xinxideMacBook-Pro.local][common.py - line:42] push本地文件到设备命令:adb -s 192.168.56.101:5555 push /Users/xinxi/PycharmProjects/maxauto/monkey/libs/monkey.jar /sdcard/
[2019-04-27 18:25:09,977] [INFO] [xinxideMacBook-Pro.local][common.py - line:42] push本地文件到设备命令:adb -s 192.168.56.101:5555 push /Users/xinxi/PycharmProjects/maxauto/monkey/libs/framework.jar /sdcard/
[2019-04-27 18:25:10,021] [INFO] [xinxideMacBook-Pro.local][common.py - line:42] push本地文件到设备命令:adb -s 192.168.56.101:5555 push /Users/xinxi/PycharmProjects/maxauto/monkey/config/max.config /sdcard/
[2019-04-27 18:25:10,158] [INFO] [xinxideMacBook-Pro.local][common.py - line:57] 未查询到pid
[2019-04-27 18:25:10,239] [INFO] [xinxideMacBook-Pro.local][common.py - line:61] 结束:logcat,进程号:22587
[2019-04-27 18:25:10,239] [INFO] [xinxideMacBook-Pro.local][monkey.py - line:70] Monkey执行命令:adb -s 192.168.56.101:5555 shell CLASSPATH=/sdcard/monkey.jar:/sdcard/framework.jar exec app_process /system/bin tv.panda.test.monkey.Monkey -p com.luojilab.player --uiautomatordfs --imagepolling --running-minutes 1 --throttle 200 > /Users/xinxi/PycharmProjects/maxauto/report/tmp/monkey.log
[2019-04-27 18:25:13,296] [INFO] [xinxideMacBook-Pro.local][monkey.py - line:76] ==========Monkey运行中...==========
[2019-04-27 18:25:13,373] [INFO] [xinxideMacBook-Pro.local][filetools.py - line:38] 写/Users/xinxi/PycharmProjects/maxauto/report/tmp/cpu.log文件完成
[2019-04-27 18:25:13,466] [INFO] [xinxideMacBook-Pro.local][filetools.py - line:38] 写/Users/xinxi/PycharmProjects/maxauto/report/tmp/mem.log文件完成
[2019-04-27 18:25:13,559] [INFO] [xinxideMacBook-Pro.local][filetools.py - line:38] 写/Users/xinxi/PycharmProjects/maxauto/report/tmp/network.log文件完成
[2019-04-27 18:25:13,649] [INFO] [xinxideMacBook-Pro.local][filetools.py - line:38] 写/Users/xinxi/PycharmProjects/maxauto/report/tmp/fps.log文件完成
[2019-04-27 18:25:13,808] [INFO] [xinxideMacBook-Pro.local][common.py - line:111] 写/Users/xinxi/PycharmProjects/maxauto/report/tmp/runactivity_back.log文件完成
[2019-04-27 18:25:16,903] [INFO] [xinxideMacBook-Pro.local][monkey.py - line:76] ==========Monkey运行中...==========
[2019-04-27 18:25:17,055] [INFO] [xinxideMacBook-Pro.local][filetools.py - line:38] 写/Users/xinxi/PycharmProjects/maxauto/report/tmp/cpu.log文件完成
[2019-04-27 18:25:17,237] [INFO] [xinxideMacBook-Pro.local][filetools.py - line:38] 写/Users/xinxi/PycharmProjects/maxauto/report/tmp/mem.log文件完成
[2019-04-27 18:25:17,343] [INFO] [xinxideMacBook-Pro.local][filetools.py - line:38] 写/Users/xinxi/PycharmProjects/maxauto/report/tmp/network.log文件完成
[2019-04-27 18:25:17,411] [INFO] [xinxideMacBook-Pro.local][filetools.py - line:38] 写/Users/xinxi/PycharmProjects/maxauto/report/tmp/fps.log文件完成
[2019-04-27 18:25:17,494] [INFO] [xinxideMacBook-Pro.local][common.py - line:222] 已经存在activity!
[2019-04-27 18:25:20,586] [INFO] [xinxideMacBook-Pro.local][monkey.py - line:76] ==========Monkey运行中...==========
[2019-04-27 18:25:20,729] [INFO] [xinxideMacBook-Pro.local][filetools.py - line:38] 写/Users/xinxi/PycharmProjects/maxauto/report/tmp/cpu.log文件完成
[2019-04-27 18:25:20,963] [INFO] [xinxideMacBook-Pro.local][filetools.py - line:38] 写/Users/xinxi/PycharmProjects/maxauto/report/tmp/mem.log文件完成
[2019-04-27 18:25:21,052] [INFO] [xinxideMacBook-Pro.local][filetools.py - line:38] 写/Users/xinxi/PycharmProjects/maxauto/report/tmp/network.log文件完成
[2019-04-27 18:25:21,145] [INFO] [xinxideMacBook-Pro.local][filetools.py - line:38] 写/Users/xinxi/PycharmProjects/maxauto/report/tmp/fps.log文件完成
[2019-04-27 18:25:21,265] [INFO] [xinxideMacBook-Pro.local][common.py - line:222] 已经存在activity!
[2019-04-27 18:25:24,345] [INFO] [xinxideMacBook-Pro.local][monkey.py - line:76] ==========Monkey运行中...==========
[2019-04-27 18:25:24,457] [INFO] [xinxideMacBook-Pro.local][filetools.py - line:38] 写/Users/xinxi/PycharmProjects/maxauto/report/tmp/cpu.log文件完成
[2019-04-27 18:25:24,624] [INFO] [xinxideMacBook-Pro.local][filetools.py - line:38] 写/Users/xinxi/PycharmProjects/maxauto/report/tmp/mem.log文件完成
[2019-04-27 18:25:24,705] [INFO] [xinxideMacBook-Pro.local][filetools.py - line:38] 写/Users/xinxi/PycharmProjects/maxauto/report/tmp/network.log文件完成
[2019-04-27 18:25:24,749] [INFO] [xinxideMacBook-Pro.local][filetools.py - line:38] 写/Users/xinxi/PycharmProjects/maxauto/report/tmp/fps.log文件完成
[2019-04-27 18:25:24,836] [INFO] [xinxideMacBook-Pro.local][common.py - line:222] 已经存在activity!
[2019-04-27 18:25:27,923] [INFO] [xinxideMacBook-Pro.local][monkey.py - line:76] ==========Monkey运行中...==========
[2019-04-27 18:25:28,055] [INFO] [xinxideMacBook-Pro.local][filetools.py - line:38] 写/Users/xinxi/PycharmProjects/maxauto/report/tmp/cpu.log文件完成
[2019-04-27 18:25:28,228] [INFO] [xinxideMacBook-Pro.local][filetools.py - line:38] 写/Users/xinxi/PycharmProjects/maxauto/report/tmp/mem.log文件完成
[2019-04-27 18:25:28,323] [INFO] [xinxideMacBook-Pro.local][filetools.py - line:38] 写/Users/xinxi/PycharmProjects/maxauto/report/tmp/network.log文件完成
[2019-04-27 18:25:28,387] [INFO] [xinxideMacBook-Pro.local][filetools.py - line:38] 写/Users/xinxi/PycharmProjects/maxauto/report/tmp/fps.log文件完成
[2019-04-27 18:25:28,495] [INFO] [xinxideMacBook-Pro.local][common.py - line:222] 已经存在activity!
[2019-04-27 18:25:31,567] [INFO] [xinxideMacBook-Pro.local][monkey.py - line:76] ==========Monkey运行中...==========
[2019-04-27 18:25:31,636] [INFO] [xinxideMacBook-Pro.local][filetools.py - line:38] 写/Users/xinxi/PycharmProjects/maxauto/report/tmp/cpu.log文件完成
[2019-04-27 18:25:31,740] [INFO] [xinxideMacBook-Pro.local][filetools.py - line:38] 写/Users/xinxi/PycharmProjects/maxauto/report/tmp/mem.log文件完成
[2019-04-27 18:25:31,864] [INFO] [xinxideMacBook-Pro.local][filetools.py - line:38] 写/Users/xinxi/PycharmProjects/maxauto/report/tmp/network.log文件完成
[2019-04-27 18:25:31,926] [INFO] [xinxideMacBook-Pro.local][filetools.py - line:38] 写/Users/xinxi/PycharmProjects/maxauto/report/tmp/fps.log文件完成
[2019-04-27 18:25:32,029] [INFO] [xinxideMacBook-Pro.local][common.py - line:111] 写/Users/xinxi/PycharmProjects/maxauto/report/tmp/runactivity_back.log文件完成
[2019-04-27 18:25:35,078] [INFO] [xinxideMacBook-Pro.local][monkey.py - line:76] ==========Monkey运行中...==========
[2019-04-27 18:25:35,144] [INFO] [xinxideMacBook-Pro.local][filetools.py - line:38] 写/Users/xinxi/PycharmProjects/maxauto/report/tmp/cpu.log文件完成
[2019-04-27 18:25:35,233] [INFO] [xinxideMacBook-Pro.local][filetools.py - line:38] 写/Users/xinxi/PycharmProjects/maxauto/report/tmp/mem.log文件完成
[2019-04-27 18:25:35,290] [INFO] [xinxideMacBook-Pro.local][filetools.py - line:38] 写/Users/xinxi/PycharmProjects/maxauto/report/tmp/network.log文件完成
[2019-04-27 18:25:35,330] [INFO] [xinxideMacBook-Pro.local][filetools.py - line:38] 写/Users/xinxi/PycharmProjects/maxauto/report/tmp/fps.log文件完成
[2019-04-27 18:25:35,416] [INFO] [xinxideMacBook-Pro.local][common.py - line:222] 已经存在activity!
[2019-04-27 18:25:38,469] [INFO] [xinxideMacBook-Pro.local][monkey.py - line:76] ==========Monkey运行中...==========
[2019-04-27 18:25:38,543] [INFO] [xinxideMacBook-Pro.local][filetools.py - line:38] 写/Users/xinxi/PycharmProjects/maxauto/report/tmp/cpu.log文件完成
[2019-04-27 18:25:38,721] [INFO] [xinxideMacBook-Pro.local][filetools.py - line:38] 写/Users/xinxi/PycharmProjects/maxauto/report/tmp/mem.log文件完成
[2019-04-27 18:25:38,782] [INFO] [xinxideMacBook-Pro.local][filetools.py - line:38] 写/Users/xinxi/PycharmProjects/maxauto/report/tmp/network.log文件完成
[2019-04-27 18:25:38,821] [INFO] [xinxideMacBook-Pro.local][filetools.py - line:38] 写/Users/xinxi/PycharmProjects/maxauto/report/tmp/fps.log文件完成
[2019-04-27 18:25:38,943] [INFO] [xinxideMacBook-Pro.local][common.py - line:111] 写/Users/xinxi/PycharmProjects/maxauto/report/tmp/runactivity_back.log文件完成
[2019-04-27 18:25:42,017] [INFO] [xinxideMacBook-Pro.local][monkey.py - line:76] ==========Monkey运行中...==========
[2019-04-27 18:25:42,156] [INFO] [xinxideMacBook-Pro.local][filetools.py - line:38] 写/Users/xinxi/PycharmProjects/maxauto/report/tmp/cpu.log文件完成
[2019-04-27 18:25:42,873] [INFO] [xinxideMacBook-Pro.local][filetools.py - line:38] 写/Users/xinxi/PycharmProjects/maxauto/report/tmp/mem.log文件完成
[2019-04-27 18:25:42,979] [INFO] [xinxideMacBook-Pro.local][filetools.py - line:38] 写/Users/xinxi/PycharmProjects/maxauto/report/tmp/network.log文件完成
[2019-04-27 18:25:43,065] [INFO] [xinxideMacBook-Pro.local][filetools.py - line:38] 写/Users/xinxi/PycharmProjects/maxauto/report/tmp/fps.log文件完成
[2019-04-27 18:25:43,246] [INFO] [xinxideMacBook-Pro.local][common.py - line:111] 写/Users/xinxi/PycharmProjects/maxauto/report/tmp/runactivity_back.log文件完成
[2019-04-27 18:25:46,359] [INFO] [xinxideMacBook-Pro.local][monkey.py - line:76] ==========Monkey运行中...==========
[2019-04-27 18:25:46,615] [INFO] [xinxideMacBook-Pro.local][filetools.py - line:38] 写/Users/xinxi/PycharmProjects/maxauto/report/tmp/cpu.log文件完成
[2019-04-27 18:25:46,829] [INFO] [xinxideMacBook-Pro.local][filetools.py - line:38] 写/Users/xinxi/PycharmProjects/maxauto/report/tmp/mem.log文件完成
[2019-04-27 18:25:46,925] [INFO] [xinxideMacBook-Pro.local][filetools.py - line:38] 写/Users/xinxi/PycharmProjects/maxauto/report/tmp/network.log文件完成
[2019-04-27 18:25:46,999] [INFO] [xinxideMacBook-Pro.local][filetools.py - line:38] 写/Users/xinxi/PycharmProjects/maxauto/report/tmp/fps.log文件完成
[2019-04-27 18:25:47,135] [INFO] [xinxideMacBook-Pro.local][common.py - line:222] 已经存在activity!
[2019-04-27 18:25:50,198] [INFO] [xinxideMacBook-Pro.local][monkey.py - line:76] ==========Monkey运行中...==========
[2019-04-27 18:25:50,273] [INFO] [xinxideMacBook-Pro.local][filetools.py - line:38] 写/Users/xinxi/PycharmProjects/maxauto/report/tmp/cpu.log文件完成
[2019-04-27 18:25:50,385] [INFO] [xinxideMacBook-Pro.local][filetools.py - line:38] 写/Users/xinxi/PycharmProjects/maxauto/report/tmp/mem.log文件完成
[2019-04-27 18:25:50,439] [INFO] [xinxideMacBook-Pro.local][filetools.py - line:38] 写/Users/xinxi/PycharmProjects/maxauto/report/tmp/network.log文件完成
[2019-04-27 18:25:50,472] [INFO] [xinxideMacBook-Pro.local][filetools.py - line:38] 写/Users/xinxi/PycharmProjects/maxauto/report/tmp/fps.log文件完成
[2019-04-27 18:25:50,581] [INFO] [xinxideMacBook-Pro.local][common.py - line:111] 写/Users/xinxi/PycharmProjects/maxauto/report/tmp/runactivity_back.log文件完成
[2019-04-27 18:25:53,650] [INFO] [xinxideMacBook-Pro.local][monkey.py - line:76] ==========Monkey运行中...==========
[2019-04-27 18:25:54,007] [INFO] [xinxideMacBook-Pro.local][filetools.py - line:38] 写/Users/xinxi/PycharmProjects/maxauto/report/tmp/cpu.log文件完成
[2019-04-27 18:25:54,689] [INFO] [xinxideMacBook-Pro.local][filetools.py - line:38] 写/Users/xinxi/PycharmProjects/maxauto/report/tmp/mem.log文件完成
[2019-04-27 18:25:54,786] [INFO] [xinxideMacBook-Pro.local][filetools.py - line:38] 写/Users/xinxi/PycharmProjects/maxauto/report/tmp/network.log文件完成
[2019-04-27 18:25:54,869] [INFO] [xinxideMacBook-Pro.local][filetools.py - line:38] 写/Users/xinxi/PycharmProjects/maxauto/report/tmp/fps.log文件完成
[2019-04-27 18:25:55,038] [INFO] [xinxideMacBook-Pro.local][common.py - line:111] 写/Users/xinxi/PycharmProjects/maxauto/report/tmp/runactivity_back.log文件完成
[2019-04-27 18:25:58,108] [INFO] [xinxideMacBook-Pro.local][monkey.py - line:76] ==========Monkey运行中...==========
[2019-04-27 18:25:58,189] [INFO] [xinxideMacBook-Pro.local][filetools.py - line:38] 写/Users/xinxi/PycharmProjects/maxauto/report/tmp/cpu.log文件完成
[2019-04-27 18:25:58,430] [INFO] [xinxideMacBook-Pro.local][filetools.py - line:38] 写/Users/xinxi/PycharmProjects/maxauto/report/tmp/mem.log文件完成
[2019-04-27 18:25:58,507] [INFO] [xinxideMacBook-Pro.local][filetools.py - line:38] 写/Users/xinxi/PycharmProjects/maxauto/report/tmp/network.log文件完成
[2019-04-27 18:25:58,561] [INFO] [xinxideMacBook-Pro.local][filetools.py - line:38] 写/Users/xinxi/PycharmProjects/maxauto/report/tmp/fps.log文件完成
[2019-04-27 18:25:58,712] [INFO] [xinxideMacBook-Pro.local][common.py - line:111] 写/Users/xinxi/PycharmProjects/maxauto/report/tmp/runactivity_back.log文件完成
[2019-04-27 18:26:01,771] [INFO] [xinxideMacBook-Pro.local][monkey.py - line:76] ==========Monkey运行中...==========
[2019-04-27 18:26:01,858] [INFO] [xinxideMacBook-Pro.local][filetools.py - line:38] 写/Users/xinxi/PycharmProjects/maxauto/report/tmp/cpu.log文件完成
[2019-04-27 18:26:02,032] [INFO] [xinxideMacBook-Pro.local][filetools.py - line:38] 写/Users/xinxi/PycharmProjects/maxauto/report/tmp/mem.log文件完成
[2019-04-27 18:26:02,109] [INFO] [xinxideMacBook-Pro.local][filetools.py - line:38] 写/Users/xinxi/PycharmProjects/maxauto/report/tmp/network.log文件完成
[2019-04-27 18:26:02,146] [INFO] [xinxideMacBook-Pro.local][filetools.py - line:38] 写/Users/xinxi/PycharmProjects/maxauto/report/tmp/fps.log文件完成
[2019-04-27 18:26:02,355] [INFO] [xinxideMacBook-Pro.local][common.py - line:222] 已经存在activity!
[2019-04-27 18:26:05,456] [INFO] [xinxideMacBook-Pro.local][monkey.py - line:76] ==========Monkey运行中...==========
[2019-04-27 18:26:05,640] [INFO] [xinxideMacBook-Pro.local][filetools.py - line:38] 写/Users/xinxi/PycharmProjects/maxauto/report/tmp/cpu.log文件完成
[2019-04-27 18:26:06,061] [INFO] [xinxideMacBook-Pro.local][filetools.py - line:38] 写/Users/xinxi/PycharmProjects/maxauto/report/tmp/mem.log文件完成
[2019-04-27 18:26:06,130] [INFO] [xinxideMacBook-Pro.local][filetools.py - line:38] 写/Users/xinxi/PycharmProjects/maxauto/report/tmp/network.log文件完成
[2019-04-27 18:26:06,181] [INFO] [xinxideMacBook-Pro.local][filetools.py - line:38] 写/Users/xinxi/PycharmProjects/maxauto/report/tmp/fps.log文件完成
[2019-04-27 18:26:06,561] [INFO] [xinxideMacBook-Pro.local][common.py - line:222] 已经存在activity!
[2019-04-27 18:26:09,617] [INFO] [xinxideMacBook-Pro.local][monkey.py - line:76] ==========Monkey运行中...==========
[2019-04-27 18:26:09,709] [INFO] [xinxideMacBook-Pro.local][filetools.py - line:38] 写/Users/xinxi/PycharmProjects/maxauto/report/tmp/cpu.log文件完成
[2019-04-27 18:26:09,913] [INFO] [xinxideMacBook-Pro.local][filetools.py - line:38] 写/Users/xinxi/PycharmProjects/maxauto/report/tmp/mem.log文件完成
[2019-04-27 18:26:09,969] [INFO] [xinxideMacBook-Pro.local][filetools.py - line:38] 写/Users/xinxi/PycharmProjects/maxauto/report/tmp/network.log文件完成
[2019-04-27 18:26:10,006] [INFO] [xinxideMacBook-Pro.local][filetools.py - line:38] 写/Users/xinxi/PycharmProjects/maxauto/report/tmp/fps.log文件完成
[2019-04-27 18:26:10,125] [INFO] [xinxideMacBook-Pro.local][common.py - line:222] 已经存在activity!
[2019-04-27 18:26:13,182] [INFO] [xinxideMacBook-Pro.local][monkey.py - line:76] ==========Monkey运行中...==========
[2019-04-27 18:26:13,262] [INFO] [xinxideMacBook-Pro.local][filetools.py - line:38] 写/Users/xinxi/PycharmProjects/maxauto/report/tmp/cpu.log文件完成
[2019-04-27 18:26:13,400] [INFO] [xinxideMacBook-Pro.local][filetools.py - line:38] 写/Users/xinxi/PycharmProjects/maxauto/report/tmp/mem.log文件完成
[2019-04-27 18:26:13,460] [INFO] [xinxideMacBook-Pro.local][filetools.py - line:38] 写/Users/xinxi/PycharmProjects/maxauto/report/tmp/network.log文件完成
[2019-04-27 18:26:13,513] [INFO] [xinxideMacBook-Pro.local][filetools.py - line:38] 写/Users/xinxi/PycharmProjects/maxauto/report/tmp/fps.log文件完成
[2019-04-27 18:26:13,688] [INFO] [xinxideMacBook-Pro.local][common.py - line:222] 已经存在activity!
[2019-04-27 18:26:16,762] [INFO] [xinxideMacBook-Pro.local][monkey.py - line:214] 当前monkey进程不存在
[2019-04-27 18:26:16,806] [INFO] [xinxideMacBook-Pro.local][monkey.py - line:192] 当前monkey进程不存在
[2019-04-27 18:26:16,806] [INFO] [xinxideMacBook-Pro.local][monkey.py - line:87] ==========Monkey运行结束!==========
[2019-04-27 18:26:16,810] [INFO] [xinxideMacBook-Pro.local][common.py - line:111] 写/Users/xinxi/PycharmProjects/maxauto/report/tmp/runactivity.log文件完成
[2019-04-27 18:26:16,810] [INFO] [xinxideMacBook-Pro.local][common.py - line:28] 拉取文件命令:adb -s 192.168.56.101:5555 pull /sdcard/crash-dump.log /Users/xinxi/PycharmProjects/maxauto/report/tmp/crash.log
[2019-04-27 18:26:17,845] [ERROR] [xinxideMacBook-Pro.local][getdata.py - line:93] 获取crash次数异常![Errno 2] No such file or directory: '/Users/xinxi/PycharmProjects/maxauto/report/tmp/crash.log'
[2019-04-27 18:26:17,849] [ERROR] [xinxideMacBook-Pro.local][getdata.py - line:226] 获取崩溃图片异常![Errno 2] No such file or directory: '/Users/xinxi/PycharmProjects/maxauto/monkey/images'
[2019-04-27 18:26:17,851] [INFO] [xinxideMacBook-Pro.local][create.py - line:139] 报告地址:
/Users/xinxi/PycharmProjects/maxauto/report/reports/report_20190427182433.html
[2019-04-27 18:26:18,168] [INFO] [xinxideMacBook-Pro.local][sendmail.py - line:99] 邮件发送失败!
异常信息:(535, 'Error: \xc7\xeb\xca\xb9\xd3\xc3\xca\xda\xc8\xa8\xc2\xeb\xb5\xc7\xc2\xbc\xa1\xa3\xcf\xea\xc7\xe9\xc7\xeb\xbf\xb4: http://service.mail.qq.com/cgi-bin/help?subtype=1&&id=28&&no=1001256')
[2019-04-27 18:27:36,871] [INFO] [xinxideMacBook-Pro.local][run.py - line:91] 参数:
/Users/xinxi/Downloads/app_simul_6.1.0_20190425202227.apk
192.168.56.101:5555
1
[2019-04-27 18:27:36,877] [INFO] [xinxideMacBook-Pro.local][run.py - line:44] 删除缓存目录:/Users/xinxi/PycharmProjects/maxauto/report/tmp/
[2019-04-27 18:27:36,877] [INFO] [xinxideMacBook-Pro.local][run.py - line:46] 创建缓存目录:/Users/xinxi/PycharmProjects/maxauto/report/tmp/
[2019-04-27 18:27:36,938] [INFO] [xinxideMacBook-Pro.local][filetools.py - line:38] 写/Users/xinxi/PycharmProjects/maxauto/report/tmp/allactivity.log文件完成
[2019-04-27 18:27:37,074] [INFO] [xinxideMacBook-Pro.local][installapp.py - line:37] 卸载app命令:adb -s 192.168.56.101:5555 uninstall com.luojilab.player
[2019-04-27 18:27:37,079] [INFO] [xinxideMacBook-Pro.local][installapp.py - line:40] 安装app命令:adb -s 192.168.56.101:5555 install /Users/xinxi/Downloads/app_simul_6.1.0_20190425202227.apk
[2019-04-27 18:27:38,901] [INFO] [xinxideMacBook-Pro.local][installapp.py - line:58] app安装中!
[2019-04-27 18:27:40,370] [INFO] [xinxideMacBook-Pro.local][installapp.py - line:58] app安装中!
[2019-04-27 18:27:41,630] [INFO] [xinxideMacBook-Pro.local][installapp.py - line:58] app安装中!
[2019-04-27 18:27:42,886] [INFO] [xinxideMacBook-Pro.local][installapp.py - line:58] app安装中!
[2019-04-27 18:27:44,145] [INFO] [xinxideMacBook-Pro.local][installapp.py - line:58] app安装中!
[2019-04-27 18:27:45,456] [INFO] [xinxideMacBook-Pro.local][installapp.py - line:51] app安装成功!
[2019-04-27 18:27:45,456] [INFO] [xinxideMacBook-Pro.local][installapp.py - line:55] app安装耗时:8s
[2019-04-27 18:27:45,457] [INFO] [xinxideMacBook-Pro.local][filetools.py - line:38] 写/Users/xinxi/PycharmProjects/maxauto/report/tmp/install_app.log文件完成
[2019-04-27 18:27:45,799] [INFO] [xinxideMacBook-Pro.local][lanuchapp.py - line:35] 清除数据缓存命令:adb -s 192.168.56.101:5555 shell pm clear com.luojilab.player
[2019-04-27 18:27:47,709] [INFO] [xinxideMacBook-Pro.local][lanuchapp.py - line:53] 启动app命令:adb -s 192.168.56.101:5555 shell am start -W com.luojilab.player/com.luojilab.business.welcome.SplashActivity
[2019-04-27 18:27:47,710] [INFO] [xinxideMacBook-Pro.local][lanuchapp.py - line:57] 本次冷启动时间:1574
[2019-04-27 18:27:50,712] [INFO] [xinxideMacBook-Pro.local][lanuchapp.py - line:82] 均值为:1574.0
[2019-04-27 18:27:50,715] [INFO] [xinxideMacBook-Pro.local][filetools.py - line:38] 写/Users/xinxi/PycharmProjects/maxauto/report/tmp/lanuch_app.log文件完成
[2019-04-27 18:27:50,802] [INFO] [xinxideMacBook-Pro.local][logintest.py - line:54] appium进程不存在
[2019-04-27 18:27:50,803] [INFO] [xinxideMacBook-Pro.local][logintest.py - line:69] appium启动命令:appium --log /Users/xinxi/PycharmProjects/maxauto/report/tmp/appium.log --session-override --udid 192.168.56.101:5555 -a 127.0.0.1 -p 4725
[2019-04-27 18:27:55,430] [INFO] [xinxideMacBook-Pro.local][logintest.py - line:75] 启动appium中...
[2019-04-27 18:27:55,430] [INFO] [xinxideMacBook-Pro.local][logintest.py - line:77] appium启动成功
[2019-04-27 18:28:13,874] [ERROR] [xinxideMacBook-Pro.local][location.py - line:92] display_wait Exception:('xpath', "'//*[@text='\xe5\x85\x81\xe8\xae\xb8']'")
[2019-04-27 18:28:13,876] [ERROR] [xinxideMacBook-Pro.local][logintest.py - line:140] 登录异常:'NoneType' object has no attribute 'click'
[2019-04-27 18:28:13,877] [ERROR] [xinxideMacBook-Pro.local][logintest.py - line:140] 登录异常:'time'
[2019-04-27 18:28:14,969] [ERROR] [xinxideMacBook-Pro.local][location.py - line:92] display_wait Exception:('xpath', "'//*[@text='\xe6\x88\x91\xe7\x9a\x84']'")
[2019-04-27 18:28:14,970] [ERROR] [xinxideMacBook-Pro.local][logintest.py - line:140] 登录异常:'NoneType' object has no attribute 'click'
[2019-04-27 18:28:15,090] [INFO] [xinxideMacBook-Pro.local][logintest.py - line:58] 停止appium进程:32758
[2019-04-27 18:28:15,090] [INFO] [xinxideMacBook-Pro.local][filetools.py - line:38] 写/Users/xinxi/PycharmProjects/maxauto/report/tmp/login_app.log文件完成
[2019-04-27 18:29:43,949] [INFO] [xinxideMacBook-Pro.local][run.py - line:91] 参数:
/Users/xinxi/Downloads/app_simul_6.1.0_20190425202227.apk
192.168.56.101:5555
1
[2019-04-27 18:29:43,952] [INFO] [xinxideMacBook-Pro.local][run.py - line:44] 删除缓存目录:/Users/xinxi/PycharmProjects/maxauto/report/tmp/
[2019-04-27 18:29:43,953] [INFO] [xinxideMacBook-Pro.local][run.py - line:46] 创建缓存目录:/Users/xinxi/PycharmProjects/maxauto/report/tmp/
[2019-04-27 18:29:44,020] [INFO] [xinxideMacBook-Pro.local][filetools.py - line:38] 写/Users/xinxi/PycharmProjects/maxauto/report/tmp/allactivity.log文件完成
[2019-04-27 18:29:44,117] [INFO] [xinxideMacBook-Pro.local][installapp.py - line:37] 卸载app命令:adb -s 192.168.56.101:5555 uninstall com.luojilab.player
[2019-04-27 18:29:44,121] [INFO] [xinxideMacBook-Pro.local][installapp.py - line:40] 安装app命令:adb -s 192.168.56.101:5555 install /Users/xinxi/Downloads/app_simul_6.1.0_20190425202227.apk
[2019-04-27 18:29:45,677] [INFO] [xinxideMacBook-Pro.local][installapp.py - line:58] app安装中!
[2019-04-27 18:29:47,233] [INFO] [xinxideMacBook-Pro.local][installapp.py - line:58] app安装中!
[2019-04-27 18:29:48,485] [INFO] [xinxideMacBook-Pro.local][installapp.py - line:58] app安装中!
[2019-04-27 18:29:49,738] [INFO] [xinxideMacBook-Pro.local][installapp.py - line:58] app安装中!
[2019-04-27 18:29:51,005] [INFO] [xinxideMacBook-Pro.local][installapp.py - line:58] app安装中!
[2019-04-27 18:29:52,250] [INFO] [xinxideMacBook-Pro.local][installapp.py - line:58] app安装中!
[2019-04-27 18:29:53,482] [INFO] [xinxideMacBook-Pro.local][installapp.py - line:51] app安装成功!
[2019-04-27 18:29:53,483] [INFO] [xinxideMacBook-Pro.local][installapp.py - line:55] app安装耗时:9s
[2019-04-27 18:29:53,483] [INFO] [xinxideMacBook-Pro.local][filetools.py - line:38] 写/Users/xinxi/PycharmProjects/maxauto/report/tmp/install_app.log文件完成
[2019-04-27 18:29:53,740] [INFO] [xinxideMacBook-Pro.local][lanuchapp.py - line:35] 清除数据缓存命令:adb -s 192.168.56.101:5555 shell pm clear com.luojilab.player
[2019-04-27 18:29:55,663] [INFO] [xinxideMacBook-Pro.local][lanuchapp.py - line:53] 启动app命令:adb -s 192.168.56.101:5555 shell am start -W com.luojilab.player/com.luojilab.business.welcome.SplashActivity
[2019-04-27 18:29:55,666] [INFO] [xinxideMacBook-Pro.local][lanuchapp.py - line:57] 本次冷启动时间:1578
[2019-04-27 18:29:58,670] [INFO] [xinxideMacBook-Pro.local][lanuchapp.py - line:82] 均值为:1578.0
[2019-04-27 18:29:58,670] [INFO] [xinxideMacBook-Pro.local][filetools.py - line:38] 写/Users/xinxi/PycharmProjects/maxauto/report/tmp/lanuch_app.log文件完成
[2019-04-27 18:29:58,733] [INFO] [xinxideMacBook-Pro.local][logintest.py - line:54] appium进程不存在
[2019-04-27 18:29:58,734] [INFO] [xinxideMacBook-Pro.local][logintest.py - line:69] appium启动命令:appium --log /Users/xinxi/PycharmProjects/maxauto/report/tmp/appium.log --session-override --udid 192.168.56.101:5555 -a 127.0.0.1 -p 4725
[2019-04-27 18:30:03,072] [INFO] [xinxideMacBook-Pro.local][logintest.py - line:75] 启动appium中...
[2019-04-27 18:30:03,073] [INFO] [xinxideMacBook-Pro.local][logintest.py - line:77] appium启动成功
[2019-04-27 18:30:19,759] [ERROR] [xinxideMacBook-Pro.local][location.py - line:92] display_wait Exception:('xpath', "'//*[@text='\xe5\x85\x81\xe8\xae\xb8']'")
[2019-04-27 18:30:19,760] [ERROR] [xinxideMacBook-Pro.local][logintest.py - line:140] 登录异常:'NoneType' object has no attribute 'click'
[2019-04-27 18:30:19,761] [ERROR] [xinxideMacBook-Pro.local][logintest.py - line:140] 登录异常:'time'
[2019-04-27 18:30:20,835] [ERROR] [xinxideMacBook-Pro.local][location.py - line:92] display_wait Exception:('xpath', "'//*[@text='\xe6\x88\x91\xe7\x9a\x84']'")
[2019-04-27 18:30:20,835] [ERROR] [xinxideMacBook-Pro.local][logintest.py - line:140] 登录异常:'NoneType' object has no attribute 'click'
[2019-04-27 18:30:20,954] [INFO] [xinxideMacBook-Pro.local][logintest.py - line:58] 停止appium进程:33288
[2019-04-27 18:30:20,954] [INFO] [xinxideMacBook-Pro.local][filetools.py - line:38] 写/Users/xinxi/PycharmProjects/maxauto/report/tmp/login_app.log文件完成
[2019-04-27 18:31:24,202] [INFO] [xinxideMacBook-Pro.local][run.py - line:91] 参数:
/Users/xinxi/Downloads/app_simul_6.1.0_20190425202227.apk
192.168.56.101:5555
1
[2019-04-27 18:31:24,203] [INFO] [xinxideMacBook-Pro.local][run.py - line:44] 删除缓存目录:/Users/xinxi/PycharmProjects/maxauto/report/tmp/
[2019-04-27 18:31:24,203] [INFO] [xinxideMacBook-Pro.local][run.py - line:46] 创建缓存目录:/Users/xinxi/PycharmProjects/maxauto/report/tmp/
[2019-04-27 18:31:24,263] [INFO] [xinxideMacBook-Pro.local][filetools.py - line:38] 写/Users/xinxi/PycharmProjects/maxauto/report/tmp/allactivity.log文件完成
[2019-04-27 18:31:24,361] [INFO] [xinxideMacBook-Pro.local][installapp.py - line:37] 卸载app命令:adb -s 192.168.56.101:5555 uninstall com.luojilab.player
[2019-04-27 18:31:24,365] [INFO] [xinxideMacBook-Pro.local][installapp.py - line:40] 安装app命令:adb -s 192.168.56.101:5555 install /Users/xinxi/Downloads/app_simul_6.1.0_20190425202227.apk
[2019-04-27 18:31:26,024] [INFO] [xinxideMacBook-Pro.local][installapp.py - line:58] app安装中!
[2019-04-27 18:31:27,509] [INFO] [xinxideMacBook-Pro.local][installapp.py - line:58] app安装中!
[2019-04-27 18:31:28,785] [INFO] [xinxideMacBook-Pro.local][installapp.py - line:58] app安装中!
[2019-04-27 18:31:30,039] [INFO] [xinxideMacBook-Pro.local][installapp.py - line:58] app安装中!
[2019-04-27 18:31:31,290] [INFO] [xinxideMacBook-Pro.local][installapp.py - line:58] app安装中!
[2019-04-27 18:31:32,625] [INFO] [xinxideMacBook-Pro.local][installapp.py - line:51] app安装成功!
[2019-04-27 18:31:32,626] [INFO] [xinxideMacBook-Pro.local][installapp.py - line:55] app安装耗时:9s
[2019-04-27 18:31:32,626] [INFO] [xinxideMacBook-Pro.local][filetools.py - line:38] 写/Users/xinxi/PycharmProjects/maxauto/report/tmp/install_app.log文件完成
[2019-04-27 18:31:33,108] [INFO] [xinxideMacBook-Pro.local][lanuchapp.py - line:35] 清除数据缓存命令:adb -s 192.168.56.101:5555 shell pm clear com.luojilab.player
[2019-04-27 18:31:34,861] [INFO] [xinxideMacBook-Pro.local][lanuchapp.py - line:53] 启动app命令:adb -s 192.168.56.101:5555 shell am start -W com.luojilab.player/com.luojilab.business.welcome.SplashActivity
[2019-04-27 18:31:34,862] [INFO] [xinxideMacBook-Pro.local][lanuchapp.py - line:57] 本次冷启动时间:1427
[2019-04-27 18:31:37,862] [INFO] [xinxideMacBook-Pro.local][lanuchapp.py - line:82] 均值为:1427.0
[2019-04-27 18:31:37,865] [INFO] [xinxideMacBook-Pro.local][filetools.py - line:38] 写/Users/xinxi/PycharmProjects/maxauto/report/tmp/lanuch_app.log文件完成
[2019-04-27 18:31:37,956] [INFO] [xinxideMacBook-Pro.local][logintest.py - line:54] appium进程不存在
[2019-04-27 18:31:37,956] [INFO] [xinxideMacBook-Pro.local][logintest.py - line:69] appium启动命令:appium --log /Users/xinxi/PycharmProjects/maxauto/report/tmp/appium.log --session-override --udid 192.168.56.101:5555 -a 127.0.0.1 -p 4725
[2019-04-27 18:31:42,164] [INFO] [xinxideMacBook-Pro.local][logintest.py - line:75] 启动appium中...
[2019-04-27 18:31:42,165] [INFO] [xinxideMacBook-Pro.local][logintest.py - line:77] appium启动成功
[2019-04-27 18:31:58,755] [ERROR] [xinxideMacBook-Pro.local][location.py - line:92] display_wait Exception:('xpath', "'//*[@text='\xe5\x85\x81\xe8\xae\xb8']'")
[2019-04-27 18:31:58,755] [ERROR] [xinxideMacBook-Pro.local][logintest.py - line:141] 登录异常:'NoneType' object has no attribute 'click'
[2019-04-27 18:31:58,755] [ERROR] [xinxideMacBook-Pro.local][logintest.py - line:141] 登录异常:'time'
[2019-04-27 18:31:59,825] [ERROR] [xinxideMacBook-Pro.local][location.py - line:92] display_wait Exception:('xpath', "'//*[@text='\xe6\x88\x91\xe7\x9a\x84']'")
[2019-04-27 18:31:59,825] [ERROR] [xinxideMacBook-Pro.local][logintest.py - line:141] 登录异常:'NoneType' object has no attribute 'click'
[2019-04-27 18:31:59,974] [INFO] [xinxideMacBook-Pro.local][logintest.py - line:58] 停止appium进程:33703
[2019-04-27 18:31:59,975] [INFO] [xinxideMacBook-Pro.local][filetools.py - line:38] 写/Users/xinxi/PycharmProjects/maxauto/report/tmp/login_app.log文件完成
[2019-04-27 18:34:24,742] [INFO] [xinxideMacBook-Pro.local][run.py - line:91] 参数:
/Users/xinxi/Downloads/app_simul_6.1.0_20190425202227.apk
192.168.56.101:5555
1
[2019-04-27 18:34:24,744] [INFO] [xinxideMacBook-Pro.local][run.py - line:44] 删除缓存目录:/Users/xinxi/PycharmProjects/maxauto/report/tmp/
[2019-04-27 18:34:24,745] [INFO] [xinxideMacBook-Pro.local][run.py - line:46] 创建缓存目录:/Users/xinxi/PycharmProjects/maxauto/report/tmp/
[2019-04-27 18:34:24,876] [INFO] [xinxideMacBook-Pro.local][filetools.py - line:38] 写/Users/xinxi/PycharmProjects/maxauto/report/tmp/allactivity.log文件完成
[2019-04-27 18:34:25,055] [INFO] [xinxideMacBook-Pro.local][installapp.py - line:37] 卸载app命令:adb -s 192.168.56.101:5555 uninstall com.luojilab.player
[2019-04-27 18:34:25,061] [INFO] [xinxideMacBook-Pro.local][installapp.py - line:40] 安装app命令:adb -s 192.168.56.101:5555 install /Users/xinxi/Downloads/app_simul_6.1.0_20190425202227.apk
[2019-04-27 18:34:27,139] [INFO] [xinxideMacBook-Pro.local][installapp.py - line:58] app安装中!
[2019-04-27 18:34:28,610] [INFO] [xinxideMacBook-Pro.local][installapp.py - line:58] app安装中!
[2019-04-27 18:34:29,851] [INFO] [xinxideMacBook-Pro.local][installapp.py - line:58] app安装中!
[2019-04-27 18:34:31,100] [INFO] [xinxideMacBook-Pro.local][installapp.py - line:58] app安装中!
[2019-04-27 18:34:32,350] [INFO] [xinxideMacBook-Pro.local][installapp.py - line:58] app安装中!
[2019-04-27 18:34:33,681] [INFO] [xinxideMacBook-Pro.local][installapp.py - line:51] app安装成功!
[2019-04-27 18:34:33,683] [INFO] [xinxideMacBook-Pro.local][installapp.py - line:55] app安装耗时:9s
[2019-04-27 18:34:33,683] [INFO] [xinxideMacBook-Pro.local][filetools.py - line:38] 写/Users/xinxi/PycharmProjects/maxauto/report/tmp/install_app.log文件完成
[2019-04-27 18:34:34,117] [INFO] [xinxideMacBook-Pro.local][lanuchapp.py - line:35] 清除数据缓存命令:adb -s 192.168.56.101:5555 shell pm clear com.luojilab.player
[2019-04-27 18:34:36,119] [INFO] [xinxideMacBook-Pro.local][lanuchapp.py - line:53] 启动app命令:adb -s 192.168.56.101:5555 shell am start -W com.luojilab.player/com.luojilab.business.welcome.SplashActivity
[2019-04-27 18:34:36,120] [INFO] [xinxideMacBook-Pro.local][lanuchapp.py - line:57] 本次冷启动时间:1701
[2019-04-27 18:34:39,125] [INFO] [xinxideMacBook-Pro.local][lanuchapp.py - line:82] 均值为:1701.0
[2019-04-27 18:34:39,126] [INFO] [xinxideMacBook-Pro.local][filetools.py - line:38] 写/Users/xinxi/PycharmProjects/maxauto/report/tmp/lanuch_app.log文件完成
[2019-04-27 18:34:39,192] [INFO] [xinxideMacBook-Pro.local][logintest.py - line:54] appium进程不存在
[2019-04-27 18:34:39,192] [INFO] [xinxideMacBook-Pro.local][logintest.py - line:69] appium启动命令:appium --log /Users/xinxi/PycharmProjects/maxauto/report/tmp/appium.log --session-override --udid 192.168.56.101:5555 -a 127.0.0.1 -p 4725
[2019-04-27 18:34:43,560] [INFO] [xinxideMacBook-Pro.local][logintest.py - line:75] 启动appium中...
[2019-04-27 18:34:43,561] [INFO] [xinxideMacBook-Pro.local][logintest.py - line:77] appium启动成功
[2019-04-27 18:35:00,863] [ERROR] [xinxideMacBook-Pro.local][location.py - line:93] display_wait Exception:('xpath', "'//*[@text='\xe5\x85\x81\xe8\xae\xb8']'")
[2019-04-27 18:35:00,863] [ERROR] [xinxideMacBook-Pro.local][logintest.py - line:141] 登录异常:'NoneType' object has no attribute 'click'
[2019-04-27 18:35:00,864] [ERROR] [xinxideMacBook-Pro.local][logintest.py - line:141] 登录异常:'time'
[2019-04-27 18:35:00,864] [ERROR] [xinxideMacBook-Pro.local][location.py - line:93] display_wait Exception:('xpath', "'//*[@text='\xe6\x88\x91\xe7\x9a\x84']'")
[2019-04-27 18:35:00,864] [ERROR] [xinxideMacBook-Pro.local][logintest.py - line:141] 登录异常:'NoneType' object has no attribute 'click'
[2019-04-27 18:35:01,000] [INFO] [xinxideMacBook-Pro.local][logintest.py - line:58] 停止appium进程:34490
[2019-04-27 18:35:01,001] [INFO] [xinxideMacBook-Pro.local][filetools.py - line:38] 写/Users/xinxi/PycharmProjects/maxauto/report/tmp/login_app.log文件完成
[2019-04-27 18:35:33,812] [INFO] [xinxideMacBook-Pro.local][run.py - line:91] 参数:
/Users/xinxi/Downloads/app_simul_6.1.0_20190425202227.apk
192.168.56.101:5555
1
[2019-04-27 18:35:33,814] [INFO] [xinxideMacBook-Pro.local][run.py - line:44] 删除缓存目录:/Users/xinxi/PycharmProjects/maxauto/report/tmp/
[2019-04-27 18:35:33,814] [INFO] [xinxideMacBook-Pro.local][run.py - line:46] 创建缓存目录:/Users/xinxi/PycharmProjects/maxauto/report/tmp/
[2019-04-27 18:35:33,874] [INFO] [xinxideMacBook-Pro.local][filetools.py - line:38] 写/Users/xinxi/PycharmProjects/maxauto/report/tmp/allactivity.log文件完成
[2019-04-27 18:35:33,984] [INFO] [xinxideMacBook-Pro.local][installapp.py - line:37] 卸载app命令:adb -s 192.168.56.101:5555 uninstall com.luojilab.player
[2019-04-27 18:35:33,990] [INFO] [xinxideMacBook-Pro.local][installapp.py - line:40] 安装app命令:adb -s 192.168.56.101:5555 install /Users/xinxi/Downloads/app_simul_6.1.0_20190425202227.apk
[2019-04-27 18:35:35,891] [INFO] [xinxideMacBook-Pro.local][installapp.py - line:58] app安装中!
[2019-04-27 18:35:37,330] [INFO] [xinxideMacBook-Pro.local][installapp.py - line:58] app安装中!
[2019-04-27 18:35:38,587] [INFO] [xinxideMacBook-Pro.local][installapp.py - line:58] app安装中!
[2019-04-27 18:35:39,865] [INFO] [xinxideMacBook-Pro.local][installapp.py - line:58] app安装中!
[2019-04-27 18:35:41,109] [INFO] [xinxideMacBook-Pro.local][installapp.py - line:58] app安装中!
[2019-04-27 18:35:42,366] [INFO] [xinxideMacBook-Pro.local][installapp.py - line:58] app安装中!
[2019-04-27 18:35:43,618] [INFO] [xinxideMacBook-Pro.local][installapp.py - line:51] app安装成功!
[2019-04-27 18:35:43,619] [INFO] [xinxideMacBook-Pro.local][installapp.py - line:55] app安装耗时:10s
[2019-04-27 18:35:43,619] [INFO] [xinxideMacBook-Pro.local][filetools.py - line:38] 写/Users/xinxi/PycharmProjects/maxauto/report/tmp/install_app.log文件完成
[2019-04-27 18:35:43,890] [INFO] [xinxideMacBook-Pro.local][lanuchapp.py - line:35] 清除数据缓存命令:adb -s 192.168.56.101:5555 shell pm clear com.luojilab.player
[2019-04-27 18:35:46,251] [INFO] [xinxideMacBook-Pro.local][lanuchapp.py - line:53] 启动app命令:adb -s 192.168.56.101:5555 shell am start -W com.luojilab.player/com.luojilab.business.welcome.SplashActivity
[2019-04-27 18:35:46,252] [INFO] [xinxideMacBook-Pro.local][lanuchapp.py - line:57] 本次冷启动时间:1945
[2019-04-27 18:35:49,255] [INFO] [xinxideMacBook-Pro.local][lanuchapp.py - line:82] 均值为:1945.0
[2019-04-27 18:35:49,257] [INFO] [xinxideMacBook-Pro.local][filetools.py - line:38] 写/Users/xinxi/PycharmProjects/maxauto/report/tmp/lanuch_app.log文件完成
[2019-04-27 18:35:49,320] [INFO] [xinxideMacBook-Pro.local][logintest.py - line:54] appium进程不存在
[2019-04-27 18:35:49,320] [INFO] [xinxideMacBook-Pro.local][logintest.py - line:69] appium启动命令:appium --log /Users/xinxi/PycharmProjects/maxauto/report/tmp/appium.log --session-override --udid 192.168.56.101:5555 -a 127.0.0.1 -p 4725
[2019-04-27 18:35:53,741] [INFO] [xinxideMacBook-Pro.local][logintest.py - line:75] 启动appium中...
[2019-04-27 18:35:53,742] [INFO] [xinxideMacBook-Pro.local][logintest.py - line:77] appium启动成功
[2019-04-27 18:36:10,146] [ERROR] [xinxideMacBook-Pro.local][location.py - line:93] display_wait Exception:('xpath', "//*[@text='\xe5\x85\x81\xe8\xae\xb8']")
[2019-04-27 18:36:10,146] [ERROR] [xinxideMacBook-Pro.local][logintest.py - line:141] 登录异常:'NoneType' object has no attribute 'click'
[2019-04-27 18:36:10,147] [ERROR] [xinxideMacBook-Pro.local][logintest.py - line:141] 登录异常:'time'
[2019-04-27 18:36:10,147] [ERROR] [xinxideMacBook-Pro.local][location.py - line:93] display_wait Exception:('xpath', "//*[@text='\xe6\x88\x91\xe7\x9a\x84']")
[2019-04-27 18:36:10,147] [ERROR] [xinxideMacBook-Pro.local][logintest.py - line:141] 登录异常:'NoneType' object has no attribute 'click'
[2019-04-27 18:36:10,271] [INFO] [xinxideMacBook-Pro.local][logintest.py - line:58] 停止appium进程:34829
[2019-04-27 18:36:10,272] [INFO] [xinxideMacBook-Pro.local][filetools.py - line:38] 写/Users/xinxi/PycharmProjects/maxauto/report/tmp/login_app.log文件完成
[2019-04-27 18:38:41,043] [INFO] [xinxideMacBook-Pro.local][run.py - line:91] 参数:
/Users/xinxi/Downloads/app_simul_6.1.0_20190425202227.apk
192.168.56.101:5555
1
[2019-04-27 18:38:41,045] [INFO] [xinxideMacBook-Pro.local][run.py - line:44] 删除缓存目录:/Users/xinxi/PycharmProjects/maxauto/report/tmp/
[2019-04-27 18:38:41,046] [INFO] [xinxideMacBook-Pro.local][run.py - line:46] 创建缓存目录:/Users/xinxi/PycharmProjects/maxauto/report/tmp/
[2019-04-27 18:38:41,105] [INFO] [xinxideMacBook-Pro.local][filetools.py - line:38] 写/Users/xinxi/PycharmProjects/maxauto/report/tmp/allactivity.log文件完成
[2019-04-27 18:38:41,217] [INFO] [xinxideMacBook-Pro.local][installapp.py - line:37] 卸载app命令:adb -s 192.168.56.101:5555 uninstall com.luojilab.player
[2019-04-27 18:38:41,222] [INFO] [xinxideMacBook-Pro.local][installapp.py - line:40] 安装app命令:adb -s 192.168.56.101:5555 install /Users/xinxi/Downloads/app_simul_6.1.0_20190425202227.apk
[2019-04-27 18:38:43,191] [INFO] [xinxideMacBook-Pro.local][installapp.py - line:58] app安装中!
[2019-04-27 18:38:44,950] [INFO] [xinxideMacBook-Pro.local][installapp.py - line:58] app安装中!
[2019-04-27 18:38:46,299] [INFO] [xinxideMacBook-Pro.local][installapp.py - line:58] app安装中!
[2019-04-27 18:38:47,615] [INFO] [xinxideMacBook-Pro.local][installapp.py - line:58] app安装中!
[2019-04-27 18:38:48,879] [INFO] [xinxideMacBook-Pro.local][installapp.py - line:58] app安装中!
[2019-04-27 18:38:50,118] [INFO] [xinxideMacBook-Pro.local][installapp.py - line:58] app安装中!
[2019-04-27 18:38:51,356] [INFO] [xinxideMacBook-Pro.local][installapp.py - line:51] app安装成功!
[2019-04-27 18:38:51,357] [INFO] [xinxideMacBook-Pro.local][installapp.py - line:55] app安装耗时:10s
[2019-04-27 18:38:51,357] [INFO] [xinxideMacBook-Pro.local][filetools.py - line:38] 写/Users/xinxi/PycharmProjects/maxauto/report/tmp/install_app.log文件完成
[2019-04-27 18:38:51,644] [INFO] [xinxideMacBook-Pro.local][lanuchapp.py - line:35] 清除数据缓存命令:adb -s 192.168.56.101:5555 shell pm clear com.luojilab.player
[2019-04-27 18:38:53,398] [INFO] [xinxideMacBook-Pro.local][lanuchapp.py - line:53] 启动app命令:adb -s 192.168.56.101:5555 shell am start -W com.luojilab.player/com.luojilab.business.welcome.SplashActivity
[2019-04-27 18:38:53,399] [INFO] [xinxideMacBook-Pro.local][lanuchapp.py - line:57] 本次冷启动时间:1459
[2019-04-27 18:38:56,403] [INFO] [xinxideMacBook-Pro.local][lanuchapp.py - line:82] 均值为:1459.0
[2019-04-27 18:38:56,404] [INFO] [xinxideMacBook-Pro.local][filetools.py - line:38] 写/Users/xinxi/PycharmProjects/maxauto/report/tmp/lanuch_app.log文件完成
[2019-04-27 18:38:56,468] [INFO] [xinxideMacBook-Pro.local][logintest.py - line:54] appium进程不存在
[2019-04-27 18:38:56,468] [INFO] [xinxideMacBook-Pro.local][logintest.py - line:69] appium启动命令:appium --log /Users/xinxi/PycharmProjects/maxauto/report/tmp/appium.log --session-override --udid 192.168.56.101:5555 -a 127.0.0.1 -p 4725
[2019-04-27 18:39:00,570] [INFO] [xinxideMacBook-Pro.local][logintest.py - line:75] 启动appium中...
[2019-04-27 18:39:00,571] [INFO] [xinxideMacBook-Pro.local][logintest.py - line:77] appium启动成功
[2019-04-27 18:39:16,144] [ERROR] [xinxideMacBook-Pro.local][location.py - line:93] display_wait Exception:('id', 'com.android.packageinstaller:id/permission_allow_button')
[2019-04-27 18:39:16,146] [ERROR] [xinxideMacBook-Pro.local][logintest.py - line:141] 登录异常:'NoneType' object has no attribute 'click'
[2019-04-27 18:39:16,146] [ERROR] [xinxideMacBook-Pro.local][location.py - line:93] display_wait Exception:('id', 'com.android.packageinstaller:id/permission_allow_button')
[2019-04-27 18:39:16,146] [ERROR] [xinxideMacBook-Pro.local][logintest.py - line:141] 登录异常:'NoneType' object has no attribute 'click'
[2019-04-27 18:39:16,147] [ERROR] [xinxideMacBook-Pro.local][location.py - line:93] display_wait Exception:('id', 'com.luojilab.player:id/btn_agree')
[2019-04-27 18:39:16,147] [ERROR] [xinxideMacBook-Pro.local][logintest.py - line:141] 登录异常:'NoneType' object has no attribute 'click'
[2019-04-27 18:39:16,270] [INFO] [xinxideMacBook-Pro.local][logintest.py - line:58] 停止appium进程:35735
[2019-04-27 18:39:16,271] [INFO] [xinxideMacBook-Pro.local][filetools.py - line:38] 写/Users/xinxi/PycharmProjects/maxauto/report/tmp/login_app.log文件完成
[2019-04-27 18:40:40,234] [INFO] [xinxideMacBook-Pro.local][run.py - line:91] 参数:
/Users/xinxi/Downloads/app_simul_6.1.0_20190425202227.apk
192.168.56.101:5555
1
[2019-04-27 18:40:40,235] [INFO] [xinxideMacBook-Pro.local][run.py - line:44] 删除缓存目录:/Users/xinxi/PycharmProjects/maxauto/report/tmp/
[2019-04-27 18:40:40,236] [INFO] [xinxideMacBook-Pro.local][run.py - line:46] 创建缓存目录:/Users/xinxi/PycharmProjects/maxauto/report/tmp/
[2019-04-27 18:40:40,294] [INFO] [xinxideMacBook-Pro.local][filetools.py - line:38] 写/Users/xinxi/PycharmProjects/maxauto/report/tmp/allactivity.log文件完成
[2019-04-27 18:40:40,391] [INFO] [xinxideMacBook-Pro.local][installapp.py - line:37] 卸载app命令:adb -s 192.168.56.101:5555 uninstall com.luojilab.player
[2019-04-27 18:40:40,396] [INFO] [xinxideMacBook-Pro.local][installapp.py - line:40] 安装app命令:adb -s 192.168.56.101:5555 install /Users/xinxi/Downloads/app_simul_6.1.0_20190425202227.apk
[2019-04-27 18:40:42,311] [INFO] [xinxideMacBook-Pro.local][installapp.py - line:58] app安装中!
[2019-04-27 18:40:43,656] [INFO] [xinxideMacBook-Pro.local][installapp.py - line:58] app安装中!
[2019-04-27 18:40:44,906] [INFO] [xinxideMacBook-Pro.local][installapp.py - line:58] app安装中!
[2019-04-27 18:40:46,258] [INFO] [xinxideMacBook-Pro.local][installapp.py - line:58] app安装中!
[2019-04-27 18:40:47,531] [INFO] [xinxideMacBook-Pro.local][installapp.py - line:58] app安装中!
[2019-04-27 18:40:48,826] [INFO] [xinxideMacBook-Pro.local][installapp.py - line:58] app安装中!
[2019-04-27 18:40:50,072] [INFO] [xinxideMacBook-Pro.local][installapp.py - line:51] app安装成功!
[2019-04-27 18:40:50,072] [INFO] [xinxideMacBook-Pro.local][installapp.py - line:55] app安装耗时:10s
[2019-04-27 18:40:50,073] [INFO] [xinxideMacBook-Pro.local][filetools.py - line:38] 写/Users/xinxi/PycharmProjects/maxauto/report/tmp/install_app.log文件完成
[2019-04-27 18:40:50,342] [INFO] [xinxideMacBook-Pro.local][lanuchapp.py - line:35] 清除数据缓存命令:adb -s 192.168.56.101:5555 shell pm clear com.luojilab.player
[2019-04-27 18:40:52,509] [INFO] [xinxideMacBook-Pro.local][lanuchapp.py - line:53] 启动app命令:adb -s 192.168.56.101:5555 shell am start -W com.luojilab.player/com.luojilab.business.welcome.SplashActivity
[2019-04-27 18:40:52,512] [INFO] [xinxideMacBook-Pro.local][lanuchapp.py - line:57] 本次冷启动时间:1876
[2019-04-27 18:40:55,512] [INFO] [xinxideMacBook-Pro.local][lanuchapp.py - line:82] 均值为:1876.0
[2019-04-27 18:40:55,513] [INFO] [xinxideMacBook-Pro.local][filetools.py - line:38] 写/Users/xinxi/PycharmProjects/maxauto/report/tmp/lanuch_app.log文件完成
[2019-04-27 18:40:55,584] [INFO] [xinxideMacBook-Pro.local][logintest.py - line:54] appium进程不存在
[2019-04-27 18:40:55,584] [INFO] [xinxideMacBook-Pro.local][logintest.py - line:69] appium启动命令:appium --log /Users/xinxi/PycharmProjects/maxauto/report/tmp/appium.log --session-override --udid 192.168.56.101:5555 -a 127.0.0.1 -p 4725
[2019-04-27 18:41:00,007] [INFO] [xinxideMacBook-Pro.local][logintest.py - line:75] 启动appium中...
[2019-04-27 18:41:00,007] [INFO] [xinxideMacBook-Pro.local][logintest.py - line:77] appium启动成功
[2019-04-27 18:41:21,455] [ERROR] [xinxideMacBook-Pro.local][location.py - line:93] display_wait Exception:('id', 'com.android.packageinstaller:id/permission_allow_button')
[2019-04-27 18:41:21,457] [ERROR] [xinxideMacBook-Pro.local][logintest.py - line:141] 登录异常:'NoneType' object has no attribute 'click'
[2019-04-27 18:41:21,457] [ERROR] [xinxideMacBook-Pro.local][location.py - line:93] display_wait Exception:('id', 'com.android.packageinstaller:id/permission_allow_button')
[2019-04-27 18:41:21,457] [ERROR] [xinxideMacBook-Pro.local][logintest.py - line:141] 登录异常:'NoneType' object has no attribute 'click'
[2019-04-27 18:41:21,457] [ERROR] [xinxideMacBook-Pro.local][location.py - line:93] display_wait Exception:('id', 'com.luojilab.player:id/btn_agree')
[2019-04-27 18:41:21,457] [ERROR] [xinxideMacBook-Pro.local][logintest.py - line:141] 登录异常:'NoneType' object has no attribute 'click'
[2019-04-27 18:41:21,582] [INFO] [xinxideMacBook-Pro.local][logintest.py - line:58] 停止appium进程:36235
[2019-04-27 18:41:21,582] [INFO] [xinxideMacBook-Pro.local][filetools.py - line:38] 写/Users/xinxi/PycharmProjects/maxauto/report/tmp/login_app.log文件完成
[2019-04-27 18:43:15,919] [INFO] [xinxideMacBook-Pro.local][run.py - line:91] 参数:
/Users/xinxi/Downloads/app_simul_6.1.0_20190425202227.apk
192.168.56.101:5555
1
[2019-04-27 18:43:15,920] [INFO] [xinxideMacBook-Pro.local][run.py - line:44] 删除缓存目录:/Users/xinxi/PycharmProjects/maxauto/report/tmp/
[2019-04-27 18:43:15,920] [INFO] [xinxideMacBook-Pro.local][run.py - line:46] 创建缓存目录:/Users/xinxi/PycharmProjects/maxauto/report/tmp/
[2019-04-27 18:43:15,987] [INFO] [xinxideMacBook-Pro.local][filetools.py - line:38] 写/Users/xinxi/PycharmProjects/maxauto/report/tmp/allactivity.log文件完成
[2019-04-27 18:43:16,138] [INFO] [xinxideMacBook-Pro.local][installapp.py - line:37] 卸载app命令:adb -s 192.168.56.101:5555 uninstall com.luojilab.player
[2019-04-27 18:43:16,144] [INFO] [xinxideMacBook-Pro.local][installapp.py - line:40] 安装app命令:adb -s 192.168.56.101:5555 install /Users/xinxi/Downloads/app_simul_6.1.0_20190425202227.apk
[2019-04-27 18:43:18,650] [INFO] [xinxideMacBook-Pro.local][installapp.py - line:58] app安装中!
[2019-04-27 18:43:20,028] [INFO] [xinxideMacBook-Pro.local][installapp.py - line:58] app安装中!
[2019-04-27 18:43:21,281] [INFO] [xinxideMacBook-Pro.local][installapp.py - line:58] app安装中!
[2019-04-27 18:43:22,531] [INFO] [xinxideMacBook-Pro.local][installapp.py - line:58] app安装中!
[2019-04-27 18:43:23,795] [INFO] [xinxideMacBook-Pro.local][installapp.py - line:58] app安装中!
[2019-04-27 18:43:25,065] [INFO] [xinxideMacBook-Pro.local][installapp.py - line:58] app安装中!
[2019-04-27 18:43:26,331] [INFO] [xinxideMacBook-Pro.local][installapp.py - line:51] app安装成功!
[2019-04-27 18:43:26,331] [INFO] [xinxideMacBook-Pro.local][installapp.py - line:55] app安装耗时:10s
[2019-04-27 18:43:26,331] [INFO] [xinxideMacBook-Pro.local][filetools.py - line:38] 写/Users/xinxi/PycharmProjects/maxauto/report/tmp/install_app.log文件完成
[2019-04-27 18:43:26,666] [INFO] [xinxideMacBook-Pro.local][lanuchapp.py - line:35] 清除数据缓存命令:adb -s 192.168.56.101:5555 shell pm clear com.luojilab.player
[2019-04-27 18:43:28,418] [INFO] [xinxideMacBook-Pro.local][lanuchapp.py - line:53] 启动app命令:adb -s 192.168.56.101:5555 shell am start -W com.luojilab.player/com.luojilab.business.welcome.SplashActivity
[2019-04-27 18:43:28,419] [INFO] [xinxideMacBook-Pro.local][lanuchapp.py - line:57] 本次冷启动时间:1490
[2019-04-27 18:43:31,424] [INFO] [xinxideMacBook-Pro.local][lanuchapp.py - line:82] 均值为:1490.0
[2019-04-27 18:43:31,425] [INFO] [xinxideMacBook-Pro.local][filetools.py - line:38] 写/Users/xinxi/PycharmProjects/maxauto/report/tmp/lanuch_app.log文件完成
[2019-04-27 18:43:31,489] [INFO] [xinxideMacBook-Pro.local][logintest.py - line:54] appium进程不存在
[2019-04-27 18:43:31,490] [INFO] [xinxideMacBook-Pro.local][logintest.py - line:69] appium启动命令:appium --log /Users/xinxi/PycharmProjects/maxauto/report/tmp/appium.log --session-override --udid 192.168.56.101:5555 -a 127.0.0.1 -p 4725
[2019-04-27 18:43:35,906] [INFO] [xinxideMacBook-Pro.local][logintest.py - line:75] 启动appium中...
[2019-04-27 18:43:35,907] [INFO] [xinxideMacBook-Pro.local][logintest.py - line:77] appium启动成功
[2019-04-27 18:44:00,362] [ERROR] [xinxideMacBook-Pro.local][location.py - line:93] display_wait Exception:('id', 'com.luojilab.player:id/btn_agree')
[2019-04-27 18:44:00,362] [ERROR] [xinxideMacBook-Pro.local][logintest.py - line:141] 登录异常:'NoneType' object has no attribute 'click'
[2019-04-27 18:44:00,503] [INFO] [xinxideMacBook-Pro.local][logintest.py - line:58] 停止appium进程:36854
[2019-04-27 18:44:00,504] [INFO] [xinxideMacBook-Pro.local][filetools.py - line:38] 写/Users/xinxi/PycharmProjects/maxauto/report/tmp/login_app.log文件完成
[2019-04-27 18:45:17,087] [INFO] [xinxideMacBook-Pro.local][run.py - line:91] 参数:
/Users/xinxi/Downloads/app_simul_6.1.0_20190425202227.apk
192.168.56.101:5555
1
[2019-04-27 18:45:17,089] [INFO] [xinxideMacBook-Pro.local][run.py - line:44] 删除缓存目录:/Users/xinxi/PycharmProjects/maxauto/report/tmp/
[2019-04-27 18:45:17,089] [INFO] [xinxideMacBook-Pro.local][run.py - line:46] 创建缓存目录:/Users/xinxi/PycharmProjects/maxauto/report/tmp/
[2019-04-27 18:45:17,147] [INFO] [xinxideMacBook-Pro.local][filetools.py - line:38] 写/Users/xinxi/PycharmProjects/maxauto/report/tmp/allactivity.log文件完成
[2019-04-27 18:45:17,264] [INFO] [xinxideMacBook-Pro.local][installapp.py - line:37] 卸载app命令:adb -s 192.168.56.101:5555 uninstall com.luojilab.player
[2019-04-27 18:45:17,269] [INFO] [xinxideMacBook-Pro.local][installapp.py - line:40] 安装app命令:adb -s 192.168.56.101:5555 install /Users/xinxi/Downloads/app_simul_6.1.0_20190425202227.apk
[2019-04-27 18:45:18,950] [INFO] [xinxideMacBook-Pro.local][installapp.py - line:58] app安装中!
[2019-04-27 18:45:20,815] [INFO] [xinxideMacBook-Pro.local][installapp.py - line:58] app安装中!
[2019-04-27 18:45:22,083] [INFO] [xinxideMacBook-Pro.local][installapp.py - line:58] app安装中!
[2019-04-27 18:45:23,495] [INFO] [xinxideMacBook-Pro.local][installapp.py - line:58] app安装中!
[2019-04-27 18:45:24,740] [INFO] [xinxideMacBook-Pro.local][installapp.py - line:58] app安装中!
[2019-04-27 18:45:26,016] [INFO] [xinxideMacBook-Pro.local][installapp.py - line:58] app安装中!
[2019-04-27 18:45:27,300] [INFO] [xinxideMacBook-Pro.local][installapp.py - line:51] app安装成功!
[2019-04-27 18:45:27,301] [INFO] [xinxideMacBook-Pro.local][installapp.py - line:55] app安装耗时:10s
[2019-04-27 18:45:27,301] [INFO] [xinxideMacBook-Pro.local][filetools.py - line:38] 写/Users/xinxi/PycharmProjects/maxauto/report/tmp/install_app.log文件完成
[2019-04-27 18:45:27,565] [INFO] [xinxideMacBook-Pro.local][lanuchapp.py - line:35] 清除数据缓存命令:adb -s 192.168.56.101:5555 shell pm clear com.luojilab.player
[2019-04-27 18:45:30,047] [INFO] [xinxideMacBook-Pro.local][lanuchapp.py - line:53] 启动app命令:adb -s 192.168.56.101:5555 shell am start -W com.luojilab.player/com.luojilab.business.welcome.SplashActivity
[2019-04-27 18:45:30,048] [INFO] [xinxideMacBook-Pro.local][lanuchapp.py - line:57] 本次冷启动时间:1940
[2019-04-27 18:45:33,050] [INFO] [xinxideMacBook-Pro.local][lanuchapp.py - line:82] 均值为:1940.0
[2019-04-27 18:45:33,052] [INFO] [xinxideMacBook-Pro.local][filetools.py - line:38] 写/Users/xinxi/PycharmProjects/maxauto/report/tmp/lanuch_app.log文件完成
[2019-04-27 18:45:33,118] [INFO] [xinxideMacBook-Pro.local][logintest.py - line:54] appium进程不存在
[2019-04-27 18:45:33,119] [INFO] [xinxideMacBook-Pro.local][logintest.py - line:69] appium启动命令:appium --log /Users/xinxi/PycharmProjects/maxauto/report/tmp/appium.log --session-override --udid 192.168.56.101:5555 -a 127.0.0.1 -p 4725
[2019-04-27 18:45:37,480] [INFO] [xinxideMacBook-Pro.local][logintest.py - line:75] 启动appium中...
[2019-04-27 18:45:37,481] [INFO] [xinxideMacBook-Pro.local][logintest.py - line:77] appium启动成功
[2019-04-27 18:45:53,550] [INFO] [xinxideMacBook-Pro.local][logintest.py - line:58] 停止appium进程:37358
[2019-04-27 18:45:53,552] [INFO] [xinxideMacBook-Pro.local][filetools.py - line:38] 写/Users/xinxi/PycharmProjects/maxauto/report/tmp/login_app.log文件完成
