com.luojilab.business.welcome.SplashActivity
com.luojilab.business.welcome.WelcomeActivity
com.luojilab.business.HomeTabActivity
com.luojilab.business.ddplayer.player.LuoJiLabPlayerActivity
com.luojilab.business.ddplayer.player.LuoJiLabPlayerListActivity
com.luojilab.business.saymagazine.activity.DetailPayAudioActivity
com.luojilab.business.saymagazine.activity.DetailPaySuccessAudioListActivity
com.alipay.sdk.app.H5PayActivity
com.luojilab.player.wxapi.WXEntryActivity
com.luojilab.player.wxapi.WXPayEntryActivity
com.luojilab.player.ddshare.DDShareActivity
com.luojilab.business.saymagazine.activity.SayMagazineDetailActivity
com.luojilab.business.saymagazine.activity.SayMagazineHistoryListActivity
com.luojilab.business.saymagazine.activity.SayMagazineActivity
com.luojilab.business.saymagazine.activity.SayMagazineTryListenActivity
com.luojilab.ddbaseframework.imagepicker.ui.ImageBaseActivity
com.luojilab.ddbaseframework.imagepicker.ui.ImageGridActivity
com.luojilab.ddbaseframework.imagepicker.ui.ImageCropActivity
com.luojilab.ddbaseframework.imagepicker.ui.ImagePreviewActivity
com.luojilab.component.saybook.activity.SayBookMainActivity
com.luojilab.component.saybook.activity.SaybookOldUserVipTipActivity
com.luojilab.component.saybook.activity.SayBookBookListDetailActivity
com.luojilab.component.saybook.activity.SayBookPayWebViewActivity
com.luojilab.component.saybook.activity.ZhenGuanWebViewActivity
com.luojilab.component.saybook.activity.SayBookRuleWebViewActivity
com.luojilab.component.saybook.activity.SayBookPresentVipCardActivity
com.luojilab.component.saybook.activity.SaybookSortAndCategoryActivity
com.luojilab.component.saybook.activity.SayBookVipBookstoreActivity
com.luojilab.component.saybook.activity.SayBookAgencyDetailActivity
com.luojilab.component.saybook.activity.SayBookHalfPriceRenewActivity
com.luojilab.component.saybook.activity.SaybookZhenGuanPosterActivity
com.luojilab.component.saybook.activity.SaybookNewbookListActivity
com.luojilab.component.saybook.activity.SaybookDetailActivity
com.luojilab.component.group.activity.GroupInfoActivity
com.luojilab.component.group.activity.GroupListActivity
com.luojilab.component.group.activity.WritePostActivity
com.luojilab.component.group.activity.PostsDetailActivity
com.luojilab.component.group.activity.DeletedActivity
com.luojilab.component.group.activity.ReplyDetailActivity
com.luojilab.component.group.activity.GroupHomeActivity
com.luojilab.component.group.activity.GroupManagersActivity
com.luojilab.component.live.ui.LiveActivity
com.luojilab.component.live.ui.LiveDetailActivity
luojilab.newbookengine.MainActivity
luojilab.newbookengine.external.activity.ImageViewActivity
luojilab.newbookengine.bookcontent.note.NoteEditActivity
luojilab.newbookengine.tts.ui.TTSPlayerActivity
luojilab.newbookengine.BookSearchActivity
luojilab.newbookengine.BuyHandleActivity
luojilab.newbookengine.searchin.activity.TryReadFinishToastActivity
com.luojilab.knowledgebook.activity.TowerDetailActivity
com.luojilab.knowledgebook.activity.TowerAddNote2CustomManifestActivity
com.luojilab.knowledgebook.activity.TowerCreateEditManifestActivity
com.luojilab.knowledgebook.activity.HistoryRecordsActivity
com.luojilab.knowledgebook.activity.TowerSystemManifestDetailActivity
com.luojilab.knowledgebook.activity.TowerMyNoteActivity
com.luojilab.knowledgebook.activity.TowerCustomManifestDetailActivity
com.luojilab.knowledgebook.activity.TowerNoteListDetailActivity
com.luojilab.knowledgebook.activity.TowerNoteListByTagActivity
com.luojilab.knowledgebook.activity.TowerLearnDataActivity
com.luojilab.knowledgebook.activity.TowerNoteListHomePageActivity
com.luojilab.knowledgebook.activity.TowerAccountListFansActivity
com.luojilab.knowledgebook.activity.TowerAccoutListFriendsActivity
com.luojilab.knowledgebook.activity.TowerWriteEditNoteActivity
com.luojilab.knowledgebook.activity.TowerCommentWithRepostActivity
com.luojilab.knowledgebook.activity.TowerNoteBookActivity
com.luojilab.knowledgebook.activity.TowerNoteCommnetsActivity
com.luojilab.knowledgebook.activity.TowerTagsListActivity
com.luojilab.knowledgebook.activity.TowerHeaderImageViewActivity
com.luojilab.knowledgebook.activity.TowerAccountListRepostLikeActivity
com.luojilab.component.settlement.activity.SettlementActivity
com.luojilab.component.settlement.activity.PresentationSettlementActivity
com.luojilab.component.settlement.activity.PresentationSuccessActivity
com.luojilab.component.settlement.activity.JieCaoListActivity
com.luojilab.component.settlement.activity.PaySuccessActivity
com.luojilab.component.studyplan.ui.activity.MakeStudyPlanActivity
com.luojilab.component.studyplan.ui.activity.PlanListCourseBeginActivity
com.luojilab.component.studyplan.ui.activity.SettingStudyPlanActivity
com.luojilab.component.msgcenter.ui.MessageActivity
com.luojilab.component.msgcenter.ui.MessageAllActivity
com.luojilab.component.msgcenter.ui.MsgListActivity
com.luojilab.component.course.detail.CourseDetailActivity
com.luojilab.component.course.share.CourseShareActivity
com.luojilab.component.course.trial.CourseTrialActivity
com.luojilab.component.course.list.CourseListActivity
com.luojilab.component.course.detail.CourseSimpleIntroActivity
com.luojilab.component.course.download.CourseAudioDownloadActivity
com.luojilab.component.course.article.ArticleTryReadTipActivity
com.luojilab.component.course.university.AdmissionLetterActivity
com.luojilab.component.course.university.ClassmateListActivity
com.luojilab.component.course.certificate.CertificateActivity
com.luojilab.orders.OrdersListActivity
com.luojilab.orders.BoughtHistoryActivity
com.luojilab.orders.OrderDetailActivity
com.luojilab.component.web.CommonWebActivity
com.luojilab.component.web.article.note.ArticleWriteIdeaActivity
com.luojilab.component.web.ddfe.activities.comment.CommentReplyActivity
com.luojilab.component.web.ddfe.proxy.ArticleProxyActivity
com.luojilab.component.web.ddfe.packageweb.CommonPackageWebActivity
com.luojilab.component.web.ddfe.reactnative.book.RNEbookDetailActivity
com.luojilab.component.web.ddfe.activities.WebViewActivity
com.luojilab.component.web.ddfe.reactnative.book.RNEbookDetailActivity1
com.facebook.react.devsupport.DevSettingsActivity
com.luojilab.search.SearchActivity
com.luojilab.search.SearchResultActivity
com.luojilab.search.SaybookSearchActivity
com.luojilab.search.ColumnSearchActivity
com.luojilab.search.BookChapterListActivity
com.luojilab.me.ui.activity.EditProfileActivity
com.luojilab.me.ui.activity.MyScholarShipActivity
com.luojilab.me.ui.activity.SSEarnListActivity
com.luojilab.me.ui.activity.AboutActivity
com.luojilab.me.ui.activity.PushSettingActivity
com.luojilab.me.ui.activity.HelpActivity
com.luojilab.me.ui.activity.FeedbackActivity
com.luojilab.me.ui.activity.SettingActivity
com.luojilab.me.ui.activity.ConnectivityDetectActivity
com.luojilab.me.ui.activity.ClearCacheActivity
com.luojilab.me.ui.activity.DedaoCheckerActivity
com.luojilab.me.ui.activity.FeedbackListActivity
com.luojilab.me.ui.activity.FeedbackDetailActivity
com.luojilab.me.ui.activity.CollectionActivity
com.luojilab.me.ui.activity.CaptureActivity
com.luojilab.me.ui.activity.StudentCardActivity
com.luojilab.me.ui.activity.MyCollectionDetailActivity
com.luojilab.me.ui.activity.ShareInviteActivity
com.luojilab.component.coupon.activity.CouponListActivity
com.luojilab.component.coupon.activity.SelectCouponActivity
com.luojilab.component.coupon.activity.CouponShareActivity
com.luojilab.component.coupon.activity.CouponUseListActivity
com.luojilab.component.coupon.activity.UnableCouponActivity
com.luojilab.component.coupon.activity.FullScreenCouponActivity
com.luojilab.component.coupon.activity.PasscodesActivity
com.luojilab.component.coupon.activity.PasscodeSubActivity
com.luojilab.discover.SubjectListActivity
com.luojilab.component.account.ui.PhoneInputActivity
com.luojilab.component.account.ui.SmsInputActivity
com.luojilab.account.ui.activity.AccountActivity
com.luojilab.account.ui.activity.MobileModifyActivity
com.luojilab.account.ui.activity.PasswordLoginActivity
com.luojilab.account.ui.activity.PasswordBindActivity
com.luojilab.account.ui.activity.SmsCodeInputActivity
com.luojilab.account.ui.activity.LoginInitActivity
com.luojilab.account.ui.activity.MobileInputActivity
com.luojilab.component.buyeara.PurchaseDetailsActivity
com.luojilab.component.audiodl.audio.DLHomeActivity
com.luojilab.component.audiodl.audio.DLDetailActivity
com.luojilab.component.audiodl.audio.AudioListDownloadActivity
com.luojilab.component.common.largeimage.PhotoPagerActivity
com.luojilab.component.common.devicemiss.DeviceMissActivity
com.luojilab.component.common.hiddenfeatures.H5TestActivity
com.luojilab.component.common.hiddenfeatures.InpushTestActivity
com.luojilab.component.common.poster.MakePosterActivity
com.luojilab.component.common.poster.MakeBooklistPosterActivity
com.luojilab.component.common.poster.MakeNotePosterActivity
com.luojilab.component.common.poster.MakeNoteBookviewPosterActivity
com.luojilab.component.common.poster.MakeBookReviewPosterActivity
com.luojilab.component.common.network.NetWorkActivity
com.luojilab.component.common.network.RouterErrorActivity
com.luojilab.component.common.hiddenfeatures.HiddenFeaturesActivity
com.luojilab.component.common.operate.OperateActivity
com.luojilab.netsupport.autopoint.circle.activity.ViewDefinitionActivity
com.luojilab.share.ShareActivity
com.luojilab.share.ShareDialogActivity
com.tencent.tauth.AuthActivity
com.tencent.connect.common.AssistActivity
com.evernote.client.android.EvernoteOAuthActivity
com.evernote.client.android.login.EvernoteLoginActivity
com.huawei.hms.activity.BridgeActivity
com.igexin.sdk.PushActivity
com.igexin.sdk.PushActivityTask
com.igexin.sdk.GActivity
com.igexin.sdk.PushActivityTask
com.sina.weibo.sdk.web.WeiboSdkWebActivity
com.sina.weibo.sdk.share.WbShareTransActivity
