2018-12-07 19:07:20,0,.ui.NewsDetailActivity
2018-12-07 19:07:24,0,.ui.NewsDetailActivity
2018-12-07 19:07:27,0,.ui.NewsDetailActivity
2018-12-07 19:07:31,0,.map.LocationMapActivity
2018-12-07 19:07:35,0,.ui.NewsDetailActivity
2018-12-07 19:07:39,0,.ui.NewsDetailActivity
2018-12-07 19:07:42,0,.ui.NewsDetailActivity
2018-12-07 19:07:46,0,.ui.NewsDetailActivity
2018-12-07 19:07:49,0,.ui.NewsDetailActivity
2018-12-07 19:07:53,0,undefined
2018-12-07 19:07:57,0,.ui.read24hours.Read24HoursActivity
2018-12-07 19:08:01,0,.ui.NewsDetailActivity
2018-12-07 19:08:04,0,.ui.NewsDetailActivity
2018-12-07 19:08:08,0,.ui.NewsDetailActivity
2018-12-07 19:08:12,0,.ui.NewsDetailActivity
2018-12-07 19:08:15,0,.ui.NewsDetailActivity
2018-12-07 19:08:19,0,.ui.NewsDetailActivity
2018-12-07 19:08:23,0,.ui.NewsDetailActivity
2018-12-07 19:08:26,0,com.sina.weibo.sdk.web.WeiboSdkWebActivity
2018-12-07 19:08:30,0,.ui.imagedetail.GalleryDetailPreViewActivity
2018-12-07 19:08:34,0,.ui.NewsDetailActivity
2018-12-07 19:08:37,0,.ui.NewsDetailActivity
2018-12-07 19:08:41,0,.module.comment.ReplyContentListActivity
2018-12-07 19:08:45,0,.module.comment.ReplyContentListActivity
2018-12-07 19:08:48,0,.module.comment.ReplyContentListActivity
2018-12-07 19:08:52,0,.module.comment.ReplyContentListActivity
2018-12-07 19:08:55,0,.module.comment.ReplyContentListActivity
2018-12-07 19:08:59,0,.ui.NewsDetailActivity
2018-12-07 19:09:02,0,.ui.NewsDetailActivity
2018-12-07 19:09:06,0,.module.comment.ReplyContentListActivity
2018-12-07 19:09:10,0,oicq.wlogin_sdk.quicklogin.QuickLoginWebViewActivity
2018-12-07 19:09:14,0,.ui.NewsDetailActivity
2018-12-07 19:09:18,0,.module.comment.ReplyContentListActivity
2018-12-07 19:09:21,0,.module.comment.ReplyContentListActivity
2018-12-07 19:09:25,0,.module.comment.ReplyContentListActivity
2018-12-07 19:09:28,0,.ui.NewsDetailActivity
2018-12-07 19:09:32,0,.ui.NewsDetailActivity
2018-12-07 19:09:35,0,.module.comment.ReplyContentListActivity
2018-12-07 19:09:39,0,.module.comment.ReplyContentListActivity
2018-12-07 19:09:43,0,.module.comment.ReplyContentListActivity
2018-12-07 19:09:47,0,.module.comment.ReplyContentListActivity
2018-12-07 19:09:51,0,.module.comment.ReplyContentListActivity
2018-12-07 19:09:55,0,.module.comment.ReplyContentListActivity
2018-12-07 19:09:58,0,.module.comment.ReplyContentListActivity
2018-12-07 19:10:02,0,.module.comment.ReplyContentListActivity
2018-12-07 19:10:06,0,.module.comment.ReplyContentListActivity
2018-12-07 19:10:10,0,.module.comment.ReplyContentListActivity
2018-12-07 19:10:13,0,.module.comment.ReplyContentListActivity
2018-12-07 19:10:17,0,.module.comment.ReplyContentListActivity
2018-12-07 19:10:20,0,.module.comment.ReplyContentListActivity
2018-12-07 19:15:04,0,xxxx
2018-12-07 19:15:21,0,xxxx
2018-12-07 19:15:37,6.9,xxxx
2018-12-07 19:15:47,6.9,xxxx
