
crash:
// CRASH: com.luojilab.player (pid 2262) (dump time: 2018-12-06 06:03:46)
// Build Label: Android/vbox86p/vbox86p:7.0/NRD90M/26:userdebug/test-keys
// Build Time: 1518803417000
// Long Msg: android.content.ActivityNotFoundException: No Activity found to handle Intent { act=android.intent.action.SEND typ=message/rfc882 flg=0x1 clip={message/rfc882 T:请编辑邮件内容。} (has extras) }
// 	at android.app.Instrumentation.checkStartActivityResult(Instrumentation.java:1809)
// 	at android.app.Instrumentation.execStartActivity(Instrumentation.java:1523)
// 	at android.app.Activity.startActivityForResult(Activity.java:4224)
// 	at android.support.v4.app.BaseFragmentActivityApi16.startActivityForResult(SourceFile:54)
// 	at android.support.v4.app.FragmentActivity.startActivityForResult(SourceFile:67)
// 	at android.app.Activity.startActivityForResult(Activity.java:4183)
// 	at android.support.v4.app.FragmentActivity.startActivityForResult(SourceFile:720)
// 	at android.app.Activity.startActivity(Activity.java:4507)
// 	at android.app.Activity.startActivity(Activity.java:4475)
// 	at com.luojilab.business.myself.setting.AboutActivity.onClick(SourceFile:66)
// 	at android.view.View.performClick(View.java:5609)
// 	at android.view.View$PerformClick.run(View.java:22259)
// 	at android.os.Handler.handleCallback(Handler.java:751)
// 	at android.os.Handler.dispatchMessage(Handler.java:95)
// 	at android.os.Looper.loop(Looper.java:154)
// 	at android.app.ActivityThread.main(ActivityThread.java:6077)
// 	at java.lang.reflect.Method.invoke(Native Method)
// 	at com.android.internal.os.ZygoteInit$MethodAndArgsCaller.run(ZygoteInit.java:865)
// 	at com.android.internal.os.ZygoteInit.main(ZygoteInit.java:755)
// 
crashend

