2018-12-07 19:45:31,60,.ui.GuideActivity
2018-12-07 19:45:35,60,.ui.GuideActivity
2018-12-07 19:45:38,60,.ui.GuideActivity
2018-12-07 19:45:41,60,.ui.GuideActivity
2018-12-07 19:45:45,60,.ui.GuideActivity
2018-12-07 19:45:48,60,.ui.GuideActivity
2018-12-07 19:45:51,60,.ui.GuideActivity
2018-12-07 19:45:55,60,.ui.GuideActivity
2018-12-07 19:45:58,60,.ui.GuideActivity
2018-12-07 19:46:01,60,.ui.GuideActivity
2018-12-07 19:46:05,60,.webview.CustomWebBrowserForItemActivity
2018-12-07 19:46:08,60,.webview.CustomWebBrowserForItemActivity
2018-12-07 19:46:11,60,.webview.CustomWebBrowserForItemActivity
2018-12-07 19:46:15,60,.webview.CustomWebBrowserForItemActivity
2018-12-07 19:46:18,60,.webview.CustomWebBrowserForItemActivity
2018-12-07 19:46:21,60,.webview.CustomWebBrowserForItemActivity
2018-12-07 19:46:25,60,.webview.CustomWebBrowserForItemActivity
2018-12-07 19:46:29,60,.webview.CustomWebBrowserForItemActivity
2018-12-07 19:46:32,60,.webview.CustomWebBrowserForItemActivity
2018-12-07 19:46:36,60,.webview.CustomWebBrowserForItemActivity
2018-12-07 19:46:40,60,.webview.CustomWebBrowserForItemActivity
2018-12-07 19:46:43,60,.webview.CustomWebBrowserForItemActivity
2018-12-07 19:46:47,60,.ui.GuideActivity
2018-12-07 19:46:50,60,.ui.GuideActivity
2018-12-07 19:46:53,60,.ui.GuideActivity
2018-12-07 19:46:57,60,.ui.GuideActivity
2018-12-07 19:47:00,60,.ui.GuideActivity
2018-12-07 19:47:03,60,.ui.GuideActivity
2018-12-07 19:47:07,60,.ui.GuideActivity
2018-12-07 19:47:10,60,.ui.GuideActivity
2018-12-07 19:47:13,60,.ui.GuideActivity
2018-12-07 19:47:17,60,.ui.GuideActivity
2018-12-07 19:47:20,60,.ui.GuideActivity
2018-12-07 19:47:23,60,.ui.GuideActivity
2018-12-07 19:47:27,60,.webview.CustomWebBrowserForItemActivity
2018-12-07 19:47:30,60,.webview.CustomWebBrowserForItemActivity
2018-12-07 19:47:33,60,.webview.CustomWebBrowserForItemActivity
2018-12-07 19:47:37,60,.webview.CustomWebBrowserForItemActivity
2018-12-07 19:47:40,60,.webview.CustomWebBrowserForItemActivity
2018-12-07 19:47:43,60,.ui.GuideActivity
2018-12-07 19:47:47,60,.ui.GuideActivity
2018-12-07 19:47:50,60,.ui.GuideActivity
2018-12-07 19:47:54,60,.ui.GuideActivity
2018-12-07 19:47:57,60,.ui.GuideActivity
2018-12-07 19:48:00,60,.ui.GuideActivity
2018-12-07 19:48:04,60,.ui.GuideActivity
2018-12-07 19:48:07,60,.ui.GuideActivity
2018-12-07 19:48:10,60,.ui.GuideActivity
2018-12-07 19:48:14,60,.ui.GuideActivity
2018-12-07 19:48:17,60,.ui.GuideActivity
2018-12-07 19:48:20,60,.ui.GuideActivity
2018-12-07 19:48:24,60,.ui.GuideActivity
2018-12-07 19:48:27,60,.ui.GuideActivity
2018-12-07 19:48:30,60,.ui.GuideActivity
2018-12-07 19:48:34,60,.ui.GuideActivity
2018-12-07 19:48:38,60,.activity.SplashActivity
2018-12-07 19:48:41,60,.ui.NewsDetailActivity
2018-12-07 19:48:45,60,oicq.wlogin_sdk.quicklogin.QuickLoginWebViewActivity
2018-12-07 19:48:48,60,.ui.NewsDetailActivity
2018-12-07 19:48:52,60,.ui.LoginActivity
2018-12-07 19:48:55,60,.ui.NewsDetailActivity
2018-12-07 19:48:59,60,.activity.SplashActivity
2018-12-07 19:49:04,60,.activity.SplashActivity
2018-12-07 19:49:08,60,.ui.cp.CpActivity
2018-12-07 19:49:12,60,.ui.NewsDetailActivity
2018-12-07 19:49:16,60,.ui.NewsDetailActivity
2018-12-07 19:49:25,60,.ui.NewsDetailActivity
2018-12-07 19:49:38,60,.ui.NewsDetailActivity
2018-12-07 19:49:42,60,undefined
2018-12-07 19:49:46,60,undefined
2018-12-07 19:49:50,60,.kkvideo.darkmode.KkVideoDetailDarkModeActivity
2018-12-07 19:49:55,60,.map.LocationMapActivity
2018-12-07 19:49:59,60,.kkvideo.darkmode.KkVideoDetailDarkModeActivity
2018-12-07 19:50:03,60,.kkvideo.darkmode.KkVideoDetailDarkModeActivity
2018-12-07 19:50:07,60,.kkvideo.darkmode.KkVideoDetailDarkModeActivity
2018-12-07 19:50:11,60,.kkvideo.darkmode.KkVideoDetailDarkModeActivity
2018-12-07 19:50:15,60,.kkvideo.darkmode.KkVideoDetailDarkModeActivity
2018-12-07 19:50:19,60,.kkvideo.darkmode.KkVideoDetailDarkModeActivity
2018-12-07 19:50:24,60,.kkvideo.darkmode.KkVideoDetailDarkModeActivity
2018-12-07 19:50:28,60,.kkvideo.darkmode.KkVideoDetailDarkModeActivity
2018-12-07 19:50:33,60,.kkvideo.darkmode.KkVideoDetailDarkModeActivity
