2018-12-07 22:36:21,16.71,.activity.launch.LeadingActivity
2018-12-07 22:36:24,16.84,.activity.launch.LeadingActivity
2018-12-07 22:36:28,16.85,.activity.city.CityHotActivity
2018-12-07 22:36:32,38.71,.home.activity.HomeActivity
2018-12-07 22:36:36,43.54,.hybrid.CommonWebActivity
2018-12-07 22:36:39,35.89,.hybrid.CommonWebActivity
2018-12-07 22:36:43,35.86,.hybrid.CommonWebActivity
2018-12-07 22:36:47,34.83,.hybrid.CommonWebActivity
2018-12-07 22:36:50,35.27,.thirdapps.link.ThirdWebActivity
2018-12-07 22:36:54,34.89,.thirdapps.link.ThirdWebActivity
2018-12-07 22:36:58,34.9,.thirdapps.link.ThirdWebActivity
2018-12-07 22:37:02,35.54,.thirdapps.link.ThirdWebActivity
2018-12-07 22:37:06,35.86,.thirdapps.link.ThirdWebActivity
2018-12-07 22:37:10,35.18,.hybrid.CommonWebActivity
2018-12-07 22:37:14,35.15,.hybrid.CommonWebActivity
2018-12-07 22:37:17,34.49,.hybrid.CommonWebActivity
2018-12-07 22:37:21,34.91,.hybrid.CommonWebActivity
2018-12-07 22:37:25,35.57,.thirdapps.link.ThirdWebActivity
2018-12-07 22:37:28,36.31,.hybrid.CommonWebActivity
2018-12-07 22:37:32,35.27,.thirdapps.link.ThirdWebActivity
2018-12-07 22:37:36,35.39,.hybrid.CommonWebActivity
2018-12-07 22:37:40,35.63,.thirdapps.link.ThirdWebActivity
2018-12-07 22:37:44,35.67,.thirdapps.link.ThirdWebActivity
2018-12-07 22:37:48,36.43,.share.activity.ShareMainActivity
2018-12-07 22:37:52,36.07,.thirdapps.link.ThirdWebActivity
2018-12-07 22:37:56,35.05,.thirdapps.link.ThirdWebActivity
2018-12-07 22:38:00,34.98,.thirdapps.link.ThirdWebActivity
2018-12-07 22:38:04,34.96,.thirdapps.link.ThirdWebActivity
2018-12-07 22:38:07,34.97,.thirdapps.link.ThirdWebActivity
2018-12-07 22:38:11,34.94,.thirdapps.link.ThirdWebActivity
2018-12-07 22:38:14,34.98,.hybrid.CommonWebActivity
2018-12-07 22:38:18,35.45,.thirdapps.link.ThirdWebActivity
2018-12-07 22:38:22,35.42,.thirdapps.link.ThirdWebActivity
2018-12-07 22:38:25,35.35,.thirdapps.link.ThirdWebActivity
2018-12-07 22:38:29,35.63,.thirdapps.link.ThirdWebActivity
2018-12-07 22:38:33,35.16,.hybrid.CommonWebActivity
2018-12-07 22:38:36,36.06,.activity.webactivity.SingleLinkedActivity
2018-12-07 22:38:40,35.52,.thirdapps.link.ThirdWebActivity
2018-12-07 22:38:44,35.7,.thirdapps.link.ThirdWebActivity
2018-12-07 22:38:47,36.32,.hybrid.CommonWebActivity
2018-12-07 22:38:51,36.13,.thirdapps.link.ThirdWebActivity
2018-12-07 22:38:55,36.39,.thirdapps.link.ThirdWebActivity
2018-12-07 22:38:59,36.25,.thirdapps.link.ThirdWebActivity
2018-12-07 22:39:03,39.03,.thirdapps.link.ThirdWebActivity
2018-12-07 22:39:07,39.15,.thirdapps.link.ThirdWebActivity
2018-12-07 22:39:11,44.64,.loginsdk.activity.account.UserPhoneFragmentActivity
2018-12-07 22:39:14,41.47,.loginsdk.activity.account.UserPhoneFragmentActivity
2018-12-07 22:39:18,44.33,.hybrid.CommonWebActivity
2018-12-07 22:39:22,44.41,.activity.webactivity.SingleLinkedActivity
2018-12-07 22:39:25,35.16,.activity.webactivity.SingleLinkedActivity
2018-12-07 22:39:29,35.98,.activity.webactivity.SingleLinkedActivity
2018-12-07 22:39:33,42.42,.activity.webactivity.SingleLinkedActivity
2018-12-07 22:39:36,41.85,.loginsdk.activity.account.UserAccountFragmentActivity
2018-12-07 22:39:40,40.6,.activity.webactivity.SingleLinkedActivity
2018-12-07 22:39:43,42.31,.home.activity.HomeActivity
2018-12-07 22:39:47,39.57,.hybrid.CommonWebActivity
2018-12-07 22:39:51,38.19,.hybrid.CommonWebActivity
2018-12-07 22:39:55,39.0,.home.activity.HomeActivity
2018-12-07 22:39:59,52.18,.msgcenter.MessageCenterActivity
2018-12-07 22:40:02,51.54,.activity.webactivity.SingleLinkedActivity
2018-12-07 22:40:06,52.27,.activity.webactivity.SingleLinkedActivity
2018-12-07 22:40:10,51.91,.hybrid.CommonWebActivity
2018-12-07 22:40:14,53.06,.loginsdk.activity.account.UserAccountFragmentActivity
2018-12-07 22:40:17,51.66,.loginsdk.activity.account.UserAccountFragmentActivity
2018-12-07 22:40:21,51.6,.loginsdk.activity.account.UserAccountFragmentActivity
2018-12-07 22:40:24,51.56,.loginsdk.activity.account.UserAccountFragmentActivity
2018-12-07 22:40:28,51.57,.loginsdk.activity.account.UserAccountFragmentActivity
2018-12-07 22:40:31,52.14,.loginsdk.activity.account.PhoneRetrievePasswordActivity
2018-12-07 22:40:35,52.16,.loginsdk.activity.account.PhoneRetrievePasswordActivity
2018-12-07 22:40:38,52.13,.loginsdk.activity.account.PhoneRetrievePasswordActivity
2018-12-07 22:40:42,52.18,.loginsdk.activity.account.UserAccountFragmentActivity
2018-12-07 22:40:45,52.69,com.sina.weibo.sdk.web.WeiboSdkWebActivity
2018-12-07 22:40:49,52.71,.loginsdk.activity.account.UserAccountFragmentActivity
2018-12-07 22:40:53,52.26,.loginsdk.activity.account.UserAccountFragmentActivity
2018-12-07 22:40:56,52.27,.loginsdk.activity.account.UserAccountFragmentActivity
2018-12-07 22:41:00,52.25,.loginsdk.activity.account.UserAccountFragmentActivity
2018-12-07 22:41:04,52.27,.loginsdk.activity.account.UserAccountFragmentActivity
2018-12-07 22:41:07,52.21,.loginsdk.activity.account.UserAccountFragmentActivity
2018-12-07 22:41:11,52.22,.loginsdk.activity.account.UserAccountFragmentActivity
2018-12-07 22:41:14,52.21,.loginsdk.activity.account.UserAccountFragmentActivity
2018-12-07 22:41:18,52.22,.loginsdk.activity.account.UserAccountFragmentActivity
2018-12-07 22:41:22,52.21,.loginsdk.activity.account.UserAccountFragmentActivity
2018-12-07 22:41:25,53.41,.msgcenter.MessageCenterActivity
2018-12-07 22:41:29,53.01,.activity.webactivity.SingleLinkedActivity
2018-12-07 22:41:33,51.27,.activity.webactivity.SingleLinkedActivity
2018-12-07 22:41:36,50.76,.activity.webactivity.SingleLinkedActivity
2018-12-07 22:41:40,50.77,.activity.webactivity.SingleLinkedActivity
2018-12-07 22:41:44,52.04,.activity.webactivity.SingleLinkedActivity
2018-12-07 22:41:48,52.44,.activity.webactivity.SingleLinkedActivity
2018-12-07 22:41:52,69.36,.activity.searcher.SearchActivity
2018-12-07 22:41:56,70.58,.activity.searcher.SearchActivity
2018-12-07 22:42:00,87.45,.house.activity.HouseDetailActivity
2018-12-07 22:42:04,81.38,.hybrid.CommonWebActivity
2018-12-07 22:42:08,81.19,.hybrid.CommonWebActivity
2018-12-07 22:42:11,81.55,.hybrid.CommonWebActivity
2018-12-07 22:42:16,82.75,.loginsdk.activity.account.UserAccountFragmentActivity
2018-12-07 22:42:19,82.12,.loginsdk.activity.account.UserAccountFragmentActivity
2018-12-07 22:42:23,82.07,.loginsdk.activity.account.UserAccountFragmentActivity
2018-12-07 22:42:26,81.97,.loginsdk.activity.account.UserAccountFragmentActivity
2018-12-07 22:42:30,81.98,.loginsdk.activity.account.UserAccountFragmentActivity
2018-12-07 22:42:34,81.97,.loginsdk.activity.account.UserAccountFragmentActivity
2018-12-07 22:42:37,81.98,.loginsdk.activity.account.UserAccountFragmentActivity
2018-12-07 22:42:41,82.34,com.sina.weibo.sdk.web.WeiboSdkWebActivity
2018-12-07 22:42:45,82.54,.loginsdk.activity.account.UserAccountFragmentActivity
2018-12-07 22:42:49,82.57,com.sina.weibo.sdk.web.WeiboSdkWebActivity
2018-12-07 22:42:52,82.66,.loginsdk.activity.account.UserAccountFragmentActivity
2018-12-07 22:42:56,82.34,.loginsdk.activity.account.UserAccountFragmentActivity
2018-12-07 22:42:59,82.21,.loginsdk.activity.account.UserAccountFragmentActivity
2018-12-07 22:43:03,82.21,.loginsdk.activity.account.UserAccountFragmentActivity
2018-12-07 22:43:07,82.23,.loginsdk.activity.account.UserAccountFragmentActivity
2018-12-07 22:43:10,82.38,.house.activity.HouseDetailActivity
2018-12-07 22:43:14,82.75,.loginsdk.activity.account.UserAccountFragmentActivity
2018-12-07 22:43:17,84.76,.house.activity.HouseDetailActivity
2018-12-07 22:43:21,84.87,.hybrid.CommonWebActivity
2018-12-07 22:43:25,87.79,.house.activity.HouseDetailActivity
2018-12-07 22:43:29,88.47,.loginsdk.activity.account.UserAccountFragmentActivity
2018-12-07 22:43:33,87.27,.loginsdk.activity.account.UserAccountFragmentActivity
2018-12-07 22:43:36,95.52,.loginsdk.activity.account.UserAccountFragmentActivity
2018-12-07 22:43:40,88.73,.loginsdk.activity.account.UserAccountFragmentActivity
2018-12-07 22:43:44,87.36,.house.activity.HouseDetailActivity
2018-12-07 22:43:48,87.84,.loginsdk.activity.account.UserAccountFragmentActivity
2018-12-07 22:43:51,87.14,.loginsdk.activity.account.UserAccountFragmentActivity
2018-12-07 22:43:55,86.93,.loginsdk.activity.account.UserAccountFragmentActivity
2018-12-07 22:43:58,86.47,.loginsdk.activity.account.UserAccountFragmentActivity
2018-12-07 22:44:02,86.7,.loginsdk.activity.account.UserAccountFragmentActivity
2018-12-07 22:44:06,86.8,.house.activity.HouseDetailActivity
2018-12-07 22:44:10,96.58,.tradeline.detail.activity.BigImageActivity
2018-12-07 22:44:13,96.23,.activity.searcher.SearchActivity
2018-12-07 22:44:17,99.57,.activity.webactivity.SingleLinkedActivity
2018-12-07 22:44:21,90.51,.activity.webactivity.SingleLinkedActivity
2018-12-07 22:44:25,83.96,.activity.webactivity.SingleLinkedActivity
2018-12-07 22:44:28,84.18,.tradeline.search.NativeSearchResultActivity
2018-12-07 22:44:33,87.77,.tradeline.search.NativeSearchResultActivity
2018-12-07 22:44:37,92.3,.tradeline.search.NativeSearchResultActivity
2018-12-07 22:44:41,90.57,.activity.searcher.SearchCateActivity
2018-12-07 22:44:45,92.85,.tradeline.search.NativeSearchResultActivity
2018-12-07 22:44:49,94.75,.activity.searcher.SearchCateActivity
2018-12-07 22:44:53,91.53,.tradeline.search.NativeSearchResultActivity
2018-12-07 22:44:57,97.54,.tradeline.search.NativeSearchResultActivity
2018-12-07 22:45:01,104.79,.house.activity.HouseDetailActivity
2018-12-07 22:45:05,100.82,.house.activity.HouseDetailActivity
2018-12-07 22:45:09,100.94,.loginsdk.activity.account.UserAccountFragmentActivity
2018-12-07 22:45:13,97.15,.loginsdk.activity.account.UserAccountFragmentActivity
2018-12-07 22:45:16,97.13,.loginsdk.activity.account.UserAccountFragmentActivity
2018-12-07 22:45:20,95.34,.loginsdk.activity.account.UserAccountFragmentActivity
2018-12-07 22:45:24,102.52,.loginsdk.activity.account.UserAccountFragmentActivity
2018-12-07 22:45:28,111.22,.loginsdk.activity.account.UserAccountFragmentActivity
2018-12-07 22:45:31,97.43,.tradeline.detail.activity.BigImageActivity
2018-12-07 22:45:36,109.22,.house.activity.HouseDetailActivity
2018-12-07 22:45:40,105.82,.house.activity.HouseDetailActivity
2018-12-07 22:45:43,116.06,.house.activity.HouseDetailActivity
2018-12-07 22:45:47,107.78,.loginsdk.activity.account.UserAccountFragmentActivity
2018-12-07 22:45:51,109.13,.activity.webactivity.SingleLinkedActivity
2018-12-07 22:45:55,109.68,.hybrid.CommonWebActivity
2018-12-07 22:45:58,106.45,.hybrid.CommonWebActivity
2018-12-07 22:46:02,106.45,.hybrid.CommonWebActivity
2018-12-07 22:46:06,106.21,.hybrid.CommonWebActivity
2018-12-07 22:46:10,106.26,.hybrid.CommonWebActivity
2018-12-07 22:46:14,106.21,.hybrid.CommonWebActivity
2018-12-07 22:46:17,106.41,.hybrid.CommonWebActivity
2018-12-07 22:46:21,106.22,.hybrid.CommonWebActivity
2018-12-07 22:46:25,106.24,.hybrid.CommonWebActivity
2018-12-07 22:46:29,106.21,.hybrid.CommonWebActivity
2018-12-07 22:46:33,106.22,.hybrid.CommonWebActivity
2018-12-07 22:46:37,106.22,.hybrid.CommonWebActivity
