version:1.0.3.0806.1015               
                                      
                                      
            ..                    ..:.
           ..t..     Maxim      .h..
            ..i..  . ....... .  ..si
              sandroidmonkeystreste
              .sttoolMaxim.thistool.
           .helpyoutofoundappcrash.thi
         ..stooluserandomordfsalgorithm:.
        .smonkeyMaxim machine gunmonkey..
      ..monkey,..,monkeymonkeym,..,onkeym.
      .onkeymon..keymon.keymonke..ymonkeym.
      ,onkeymonkeymonkeymonkeymonkeymon.key.
     .monkeymonkeymonkeymonkeymonkeymonkeym.
     .onkeymonkeymonkeythxforphdguxiaotian.:
     .anythingUcancontactpanda_zzaqq77227005
      .                                   . 
                                            
      .                                   . 
                                            
[Maxim] // Device Info: Genymotion-Google, Android Version: 7.0
[Maxim] strategy : uiautomator-DFS.



[Maxim] // event0, 2018-12-06 06:03:20.874 
[Maxim] // event1, 2018-12-06 06:03:20.876 
[Maxim] // event1, 2018-12-06 06:03:21.377 
[Maxim] // event1, 2018-12-06 06:03:27.377 
[Maxim] // Current NO.14 Tree
[Maxim] // event1, 2018-12-06 06:03:28.570 
[Maxim] // event2, 2018-12-06 06:03:28.572 
[Maxim] // event3, 2018-12-06 06:03:28.573 
[Maxim] // Current NO.3 Tree
[Maxim] // event3, 2018-12-06 06:03:29.697 
[Maxim] // event4, 2018-12-06 06:03:29.719 
[Maxim] // event5, 2018-12-06 06:03:29.722 
[Maxim] // activityResuming(com.luojilab.player)
[Maxim] // Current NO.14 Tree
[Maxim] // event5, 2018-12-06 06:03:30.797 
[Maxim] // event6, 2018-12-06 06:03:30.800 
[Maxim] // event7, 2018-12-06 06:03:30.802 
[Maxim] // activityResuming(com.luojilab.player)
[Maxim] // Current NO.22 Tree
[Maxim] // event7, 2018-12-06 06:03:31.414 
[Maxim] // event8, 2018-12-06 06:03:31.415 
[Maxim] // event9, 2018-12-06 06:03:31.417 
[Maxim] // Current NO.11 Tree
[Maxim] // event9, 2018-12-06 06:03:32.310 
[Maxim] // event10, 2018-12-06 06:03:32.312 
[Maxim] // event11, 2018-12-06 06:03:32.317 
[Maxim] // event11, 2018-12-06 06:03:32.844 
[Maxim] // event12, 2018-12-06 06:03:32.845 
[Maxim] // event13, 2018-12-06 06:03:32.846 
[Maxim] // event14, 2018-12-06 06:03:32.847 
[Maxim] // event15, 2018-12-06 06:03:32.849 
[Maxim] // event15, 2018-12-06 06:03:33.349 
[Maxim] // event16, 2018-12-06 06:03:33.350 
[Maxim] // event17, 2018-12-06 06:03:33.352 
[Maxim] // event18, 2018-12-06 06:03:33.352 
[Maxim] // event18, 2018-12-06 06:03:33.853 
[Maxim] // event19, 2018-12-06 06:03:33.855 
[Maxim] // event20, 2018-12-06 06:03:33.856 
[Maxim] // event21, 2018-12-06 06:03:33.857 
[Maxim] // event22, 2018-12-06 06:03:33.859 
[Maxim] // event22, 2018-12-06 06:03:34.359 
[Maxim] // event23, 2018-12-06 06:03:34.361 
[Maxim] // event24, 2018-12-06 06:03:34.363 
[Maxim] // event25, 2018-12-06 06:03:34.365 
[Maxim] // event26, 2018-12-06 06:03:34.366 
[Maxim] // event27, 2018-12-06 06:03:34.367 
[Maxim] // event28, 2018-12-06 06:03:34.367 
[Maxim] // event29, 2018-12-06 06:03:34.368 
[Maxim] // event30, 2018-12-06 06:03:34.386 
[Maxim] // event30, 2018-12-06 06:03:34.887 
[Maxim] // event31, 2018-12-06 06:03:34.888 
[Maxim] // event32, 2018-12-06 06:03:34.889 
[Maxim] // event33, 2018-12-06 06:03:34.890 
[Maxim] // event34, 2018-12-06 06:03:34.890 
[Maxim] // event35, 2018-12-06 06:03:34.891 
[Maxim] // event36, 2018-12-06 06:03:34.892 
[Maxim] // event37, 2018-12-06 06:03:34.893 
[Maxim] // event38, 2018-12-06 06:03:34.894 
[Maxim] // event39, 2018-12-06 06:03:34.894 
[Maxim] // event39, 2018-12-06 06:03:35.400 
[Maxim] // event40, 2018-12-06 06:03:35.403 
[Maxim] // event41, 2018-12-06 06:03:35.404 
[Maxim] // event42, 2018-12-06 06:03:35.405 
[Maxim] // event43, 2018-12-06 06:03:35.406 
[Maxim] // event44, 2018-12-06 06:03:35.406 
[Maxim] // event45, 2018-12-06 06:03:35.407 
[Maxim] // event46, 2018-12-06 06:03:35.408 
[Maxim] // event47, 2018-12-06 06:03:35.409 
[Maxim] // event48, 2018-12-06 06:03:35.410 
[Maxim] // event49, 2018-12-06 06:03:35.411 
[Maxim] // event50, 2018-12-06 06:03:35.412 
[Maxim] // event50, 2018-12-06 06:03:35.912 
[Maxim] // event51, 2018-12-06 06:03:35.914 
[Maxim] // event52, 2018-12-06 06:03:35.915 
[Maxim] // event53, 2018-12-06 06:03:35.932 
[Maxim] // event54, 2018-12-06 06:03:35.933 
[Maxim] // event55, 2018-12-06 06:03:35.934 
[Maxim] // event56, 2018-12-06 06:03:35.934 
[Maxim] // event57, 2018-12-06 06:03:35.935 
[Maxim] // event58, 2018-12-06 06:03:35.937 
[Maxim] // event58, 2018-12-06 06:03:36.467 
[Maxim] // event58, 2018-12-06 06:03:37.469 
[Maxim] // event58, 2018-12-06 06:03:37.978 
[Maxim] // event59, 2018-12-06 06:03:37.979 
[Maxim] // event60, 2018-12-06 06:03:37.980 
[Maxim] // event61, 2018-12-06 06:03:37.982 
[Maxim] // event61, 2018-12-06 06:03:39.644 
[Maxim] // event62, 2018-12-06 06:03:39.645 
[Maxim] // event63, 2018-12-06 06:03:39.645 
[Maxim] // event64, 2018-12-06 06:03:39.650 
[Maxim] // event65, 2018-12-06 06:03:39.652 
[Maxim] // event66, 2018-12-06 06:03:39.653 
[Maxim] // event67, 2018-12-06 06:03:39.655 
[Maxim] // event68, 2018-12-06 06:03:39.659 
[Maxim] // event68, 2018-12-06 06:03:40.167 
[Maxim] // event69, 2018-12-06 06:03:40.168 
[Maxim] // event70, 2018-12-06 06:03:40.169 
[Maxim] // event71, 2018-12-06 06:03:40.170 
[Maxim] // event72, 2018-12-06 06:03:40.171 
[Maxim] // event73, 2018-12-06 06:03:40.173 
[Maxim] // event74, 2018-12-06 06:03:40.174 
[Maxim] // event75, 2018-12-06 06:03:40.177 
[Maxim] // event76, 2018-12-06 06:03:40.178 
[Maxim] // event77, 2018-12-06 06:03:40.179 
[Maxim] // event77, 2018-12-06 06:03:40.679 
[Maxim] // event77, 2018-12-06 06:03:41.680 
[Maxim] // Current NO.14 Tree
[Maxim] // event77, 2018-12-06 06:03:42.268 
[Maxim] // event78, 2018-12-06 06:03:42.269 
[Maxim] // event79, 2018-12-06 06:03:42.270 
[Maxim] // Current NO.14 Tree
[Maxim] // event79, 2018-12-06 06:03:42.881 
[Maxim] // event80, 2018-12-06 06:03:42.885 
[Maxim] // event81, 2018-12-06 06:03:42.886 
[Maxim] // event81, 2018-12-06 06:03:48.392 
[Maxim] *** WARNING // Encounter abort but we are in continous mode.
[Maxim] *** WARNING // Froce to stop all activites and make a restart.
[Maxim] // event82, 2018-12-06 06:03:48.397 
[Maxim] // event83, 2018-12-06 06:03:48.398 
[Maxim] // event84, 2018-12-06 06:03:48.399 
[Maxim] // event85, 2018-12-06 06:03:48.401 
[Maxim] // event86, 2018-12-06 06:03:48.403 
[Maxim] // event87, 2018-12-06 06:03:48.405 
[Maxim] // event87, 2018-12-06 06:03:48.914 
[Maxim] // event88, 2018-12-06 06:03:48.918 
[Maxim] // event89, 2018-12-06 06:03:48.920 
[Maxim] // event90, 2018-12-06 06:03:48.929 
[Maxim] // event90, 2018-12-06 06:03:49.430 
[Maxim] // event90, 2018-12-06 06:03:50.432 
[Maxim] // Current NO.46 Tree
[Maxim] // event90, 2018-12-06 06:03:51.088 
[Maxim] // event91, 2018-12-06 06:03:51.089 
[Maxim] // event92, 2018-12-06 06:03:51.091 
[Maxim] // Current NO.46 Tree
[Maxim] // event92, 2018-12-06 06:03:51.880 
[Maxim] // event93, 2018-12-06 06:03:51.884 
[Maxim] // event94, 2018-12-06 06:03:51.886 
[Maxim] // Current NO.6 Tree
[Maxim] // event94, 2018-12-06 06:03:52.731 
[Maxim] // event95, 2018-12-06 06:03:52.735 
[Maxim] // event96, 2018-12-06 06:03:52.736 
[Maxim] // activityResuming(com.luojilab.player)
[Maxim] // Current NO.46 Tree
[Maxim] // event96, 2018-12-06 06:03:53.712 
[Maxim] // event97, 2018-12-06 06:03:53.716 
[Maxim] // event98, 2018-12-06 06:03:53.721 
[Maxim] // Current NO.3 Tree
[Maxim] // event98, 2018-12-06 06:03:54.815 
[Maxim] // event99, 2018-12-06 06:03:54.817 
[Maxim] // event100, 2018-12-06 06:03:54.821 
[Maxim] // Current NO.36 Tree
[Maxim] // event100, 2018-12-06 06:03:56.178 
[Maxim] // event101, 2018-12-06 06:03:56.182 
[Maxim] // event102, 2018-12-06 06:03:56.183 
[Maxim] // activityResuming(com.luojilab.player)
[Maxim] // Current NO.46 Tree
[Maxim] // event102, 2018-12-06 06:03:56.967 
[Maxim] // event103, 2018-12-06 06:03:56.969 
[Maxim] // event104, 2018-12-06 06:03:56.971 
[Maxim] // Current NO.1 Tree
[Maxim] // event104, 2018-12-06 06:03:57.949 
[Maxim] // event105, 2018-12-06 06:03:57.951 
[Maxim] // event106, 2018-12-06 06:03:57.952 
[Maxim] // Current NO.1 Tree
[Maxim] // event106, 2018-12-06 06:03:58.624 
[Maxim] // event107, 2018-12-06 06:03:58.626 
[Maxim] // event108, 2018-12-06 06:03:58.631 
[Maxim] // Current NO.1 Tree
[Maxim] // event108, 2018-12-06 06:03:59.317 
[Maxim] // event109, 2018-12-06 06:03:59.318 
[Maxim] // event110, 2018-12-06 06:03:59.319 
[Maxim] // activityResuming(com.luojilab.player)
[Maxim] // Current NO.46 Tree
[Maxim] // event110, 2018-12-06 06:04:00.071 
[Maxim] // event111, 2018-12-06 06:04:00.073 
[Maxim] // event112, 2018-12-06 06:04:00.081 
[Maxim] // Current NO.44 Tree
[Maxim] // event112, 2018-12-06 06:04:00.802 
[Maxim] // event113, 2018-12-06 06:04:00.803 
[Maxim] // event114, 2018-12-06 06:04:00.807 
[Maxim] // Current NO.6 Tree
[Maxim] // event114, 2018-12-06 06:04:02.043 
[Maxim] // event115, 2018-12-06 06:04:02.045 
[Maxim] // event116, 2018-12-06 06:04:02.047 
[Maxim] // Current NO.6 Tree
[Maxim] // event116, 2018-12-06 06:04:02.894 
[Maxim] // event117, 2018-12-06 06:04:02.896 
[Maxim] // event118, 2018-12-06 06:04:02.897 
[Maxim] // Current NO.9 Tree
[Maxim] // event118, 2018-12-06 06:04:04.470 
[Maxim] // event119, 2018-12-06 06:04:04.472 
[Maxim] // event120, 2018-12-06 06:04:04.476 
[Maxim] // activityResuming(com.luojilab.player)
[Maxim] // event120, 2018-12-06 06:04:05.067 
[Maxim] // event121, 2018-12-06 06:04:05.069 
[Maxim] // event122, 2018-12-06 06:04:05.071 
[Maxim] // event123, 2018-12-06 06:04:05.073 
[Maxim] // event124, 2018-12-06 06:04:05.074 
[Maxim] // event125, 2018-12-06 06:04:05.076 
[Maxim] // event125, 2018-12-06 06:04:05.577 
[Maxim] // event126, 2018-12-06 06:04:05.594 
[Maxim] // event127, 2018-12-06 06:04:05.595 
[Maxim] // event128, 2018-12-06 06:04:05.596 
[Maxim] // event129, 2018-12-06 06:04:05.599 
[Maxim] // event130, 2018-12-06 06:04:05.600 
[Maxim] // event131, 2018-12-06 06:04:05.602 
[Maxim] // event132, 2018-12-06 06:04:05.603 
[Maxim] // event133, 2018-12-06 06:04:05.604 
[Maxim] // event134, 2018-12-06 06:04:05.606 
[Maxim] // event134, 2018-12-06 06:04:06.106 
[Maxim] // event135, 2018-12-06 06:04:06.108 
[Maxim] // event136, 2018-12-06 06:04:06.109 
[Maxim] // event137, 2018-12-06 06:04:06.110 
[Maxim] // event138, 2018-12-06 06:04:06.111 
[Maxim] // event139, 2018-12-06 06:04:06.126 
[Maxim] // event140, 2018-12-06 06:04:06.128 
[Maxim] // event141, 2018-12-06 06:04:06.129 
[Maxim] // event142, 2018-12-06 06:04:06.130 
[Maxim] // activityResuming(com.luojilab.player)
[Maxim] // event142, 2018-12-06 06:04:06.631 
[Maxim] // event143, 2018-12-06 06:04:06.632 
[Maxim] // event144, 2018-12-06 06:04:06.633 
[Maxim] // event145, 2018-12-06 06:04:06.633 
[Maxim] // event146, 2018-12-06 06:04:06.634 
[Maxim] // event147, 2018-12-06 06:04:06.635 
[Maxim] // event148, 2018-12-06 06:04:06.637 
[Maxim] // event148, 2018-12-06 06:04:07.140 
[Maxim] // event149, 2018-12-06 06:04:07.141 
[Maxim] // event150, 2018-12-06 06:04:07.142 
[Maxim] // event151, 2018-12-06 06:04:07.142 
[Maxim] // event152, 2018-12-06 06:04:07.143 
[Maxim] // event153, 2018-12-06 06:04:07.144 
[Maxim] // event153, 2018-12-06 06:04:07.645 
[Maxim] // event154, 2018-12-06 06:04:07.647 
[Maxim] // event155, 2018-12-06 06:04:07.648 
[Maxim] // event156, 2018-12-06 06:04:07.648 
[Maxim] // event157, 2018-12-06 06:04:07.649 
[Maxim] // event158, 2018-12-06 06:04:07.650 
[Maxim] // event159, 2018-12-06 06:04:07.653 
[Maxim] // event160, 2018-12-06 06:04:07.653 
[Maxim] // event161, 2018-12-06 06:04:07.655 
[Maxim] // event161, 2018-12-06 06:04:08.164 
[Maxim] // event162, 2018-12-06 06:04:08.166 
[Maxim] // event163, 2018-12-06 06:04:08.167 
[Maxim] // event164, 2018-12-06 06:04:08.167 
[Maxim] // event165, 2018-12-06 06:04:08.168 
[Maxim] // event166, 2018-12-06 06:04:08.169 
[Maxim] // event167, 2018-12-06 06:04:08.170 
[Maxim] // event168, 2018-12-06 06:04:08.171 
[Maxim] // event169, 2018-12-06 06:04:08.171 
[Maxim] // event170, 2018-12-06 06:04:08.172 
[Maxim] // event171, 2018-12-06 06:04:08.173 
[Maxim] // event171, 2018-12-06 06:04:08.675 
[Maxim] // event172, 2018-12-06 06:04:08.676 
[Maxim] // event173, 2018-12-06 06:04:08.677 
[Maxim] // event174, 2018-12-06 06:04:08.678 
[Maxim] // event175, 2018-12-06 06:04:08.679 
[Maxim] // event176, 2018-12-06 06:04:08.680 
[Maxim] // event177, 2018-12-06 06:04:08.681 
[Maxim] // event177, 2018-12-06 06:04:09.181 
[Maxim] // event178, 2018-12-06 06:04:09.183 
[Maxim] // event179, 2018-12-06 06:04:09.184 
[Maxim] // event180, 2018-12-06 06:04:09.185 
[Maxim] // event181, 2018-12-06 06:04:09.186 
[Maxim] // event182, 2018-12-06 06:04:09.186 
[Maxim] // event183, 2018-12-06 06:04:09.187 
[Maxim] // event184, 2018-12-06 06:04:09.188 
[Maxim] // event185, 2018-12-06 06:04:09.189 
[Maxim] // event186, 2018-12-06 06:04:09.190 
[Maxim] // event187, 2018-12-06 06:04:09.191 
[Maxim] // event187, 2018-12-06 06:04:09.693 
[Maxim] // event187, 2018-12-06 06:04:10.693 
[Maxim] // Current NO.10 Tree
[Maxim] // event187, 2018-12-06 06:04:11.312 
[Maxim] // event188, 2018-12-06 06:04:11.313 
[Maxim] // event189, 2018-12-06 06:04:11.318 
[Maxim] // Current NO.10 Tree
[Maxim] // event189, 2018-12-06 06:04:11.972 
[Maxim] // event190, 2018-12-06 06:04:11.975 
[Maxim] // event191, 2018-12-06 06:04:11.975 
[Maxim] // Current NO.10 Tree
[Maxim] // event191, 2018-12-06 06:04:12.599 
[Maxim] // event192, 2018-12-06 06:04:12.601 
[Maxim] // event193, 2018-12-06 06:04:14.602 
[Maxim] // event193, 2018-12-06 06:04:15.108 
[Maxim] // event194, 2018-12-06 06:04:15.125 
[Maxim] // Current NO.10 Tree
[Maxim] // event194, 2018-12-06 06:04:15.807 
[Maxim] // event195, 2018-12-06 06:04:15.809 
[Maxim] // event196, 2018-12-06 06:04:15.823 
[Maxim] // Current NO.10 Tree
[Maxim] // event196, 2018-12-06 06:04:16.675 
[Maxim] // event197, 2018-12-06 06:04:16.677 
[Maxim] // event198, 2018-12-06 06:04:16.680 
[Maxim] // Current NO.11 Tree
[Maxim] // event198, 2018-12-06 06:04:17.458 
[Maxim] // event199, 2018-12-06 06:04:17.464 
[Maxim] // event200, 2018-12-06 06:04:17.466 
[Maxim] // Current NO.6 Tree
[Maxim] // event200, 2018-12-06 06:04:18.579 
[Maxim] // event201, 2018-12-06 06:04:18.597 
[Maxim] // event202, 2018-12-06 06:04:18.603 
[Maxim] // Current NO.6 Tree
[Maxim] // event202, 2018-12-06 06:04:19.268 
[Maxim] // event203, 2018-12-06 06:04:19.270 
[Maxim] // event204, 2018-12-06 06:04:19.271 
[Maxim] // activityResuming(com.luojilab.player)
[Maxim] // event204, 2018-12-06 06:04:19.786 
[Maxim] // event205, 2018-12-06 06:04:19.788 
[Maxim] // event206, 2018-12-06 06:04:19.789 
[Maxim] // event207, 2018-12-06 06:04:19.790 
[Maxim] // event208, 2018-12-06 06:04:19.791 
[Maxim] // event209, 2018-12-06 06:04:19.792 
[Maxim] // event210, 2018-12-06 06:04:19.793 
[Maxim] // event210, 2018-12-06 06:04:20.294 
[Maxim] // event211, 2018-12-06 06:04:20.296 
[Maxim] // event212, 2018-12-06 06:04:20.297 
[Maxim] // event213, 2018-12-06 06:04:20.314 
[Maxim] // event214, 2018-12-06 06:04:20.316 
[Maxim] // event214, 2018-12-06 06:04:20.816 
[Maxim] // event215, 2018-12-06 06:04:20.818 
[Maxim] // event216, 2018-12-06 06:04:20.819 
[Maxim] // event217, 2018-12-06 06:04:20.820 
[Maxim] // event218, 2018-12-06 06:04:20.821 
[Maxim] // event219, 2018-12-06 06:04:20.822 
[Maxim] // event220, 2018-12-06 06:04:20.822 
[Maxim] // event221, 2018-12-06 06:04:20.823 
[Maxim] // event222, 2018-12-06 06:04:20.850 
[Maxim] // Events injected: 222
[Maxim] // Total activities 9
[Maxim] // 1 - com.luojilab.business.myself.setting.AboutActivity
[Maxim] // 2 - com.luojilab.business.webview.WebViewActivity
[Maxim] // 3 - com.luojilab.business.myself.setting.SettingActivity
[Maxim] // 4 - com.luojilab.business.HomeTabActivity
[Maxim] // 5 - com.luojilab.business.packageweb.CommonPackageWebActivity
[Maxim] // 6 - com.luojilab.business.goods.ui.RNEbookDetailActivity1
[Maxim] // 7 - com.luojilab.component.course.list.CourseListActivity
[Maxim] // 8 - com.luojilab.business.user.ui.PhoneInputActivity
[Maxim] // 9 - com.luojilab.business.user.ui.PhonePwdInputActivity
[Maxim] // How many Events Dropped: keys=0, pointers=6, trackballs=0, flips=0, rotations=0
[Maxim] // ## Network stats: elapsed time= 60560 ms  ( 0 ms mobile, 0 ms wifi, 60560 ms not connected )
[Maxim] // System appears to have crashed at event 222 of 1000 using seed 1544315524874
