2018-12-07 19:07:21,5461,.ui.NewsDetailActivity,
2018-12-07 19:07:24,5461,.ui.NewsDetailActivity,
2018-12-07 19:07:28,5464,.ui.NewsDetailActivity,
2018-12-07 19:07:32,5488,.map.LocationMapActivity,
2018-12-07 19:07:36,5498,.ui.NewsDetailActivity,
2018-12-07 19:07:39,5500,.ui.NewsDetailActivity,
2018-12-07 19:07:43,5503,.ui.NewsDetailActivity,
2018-12-07 19:07:46,5506,.ui.NewsDetailActivity,
2018-12-07 19:07:50,5530,.ui.NewsDetailActivity,
2018-12-07 19:07:53,5556,undefined,
2018-12-07 19:07:57,5576,.ui.read24hours.Read24HoursActivity,
2018-12-07 19:08:01,5597,.ui.NewsDetailActivity,
2018-12-07 19:08:05,5599,.ui.NewsDetailActivity,
2018-12-07 19:08:09,5603,.ui.NewsDetailActivity,
2018-12-07 19:08:12,5604,.ui.NewsDetailActivity,
2018-12-07 19:08:16,5626,.ui.NewsDetailActivity,
2018-12-07 19:08:20,5649,.ui.NewsDetailActivity,
2018-12-07 19:08:23,5673,.ui.NewsDetailActivity,
2018-12-07 19:08:27,5676,com.sina.weibo.sdk.web.WeiboSdkWebActivity,
2018-12-07 19:08:30,5697,.ui.imagedetail.GalleryDetailPreViewActivity,
2018-12-07 19:08:34,5707,.ui.NewsDetailActivity,
2018-12-07 19:08:38,5732,.ui.NewsDetailActivity,
2018-12-07 19:08:41,5737,.module.comment.ReplyContentListActivity,
2018-12-07 19:08:45,5738,.module.comment.ReplyContentListActivity,
2018-12-07 19:08:48,5740,.module.comment.ReplyContentListActivity,
2018-12-07 19:08:52,5752,.module.comment.ReplyContentListActivity,
2018-12-07 19:08:55,5754,.module.comment.ReplyContentListActivity,
2018-12-07 19:08:59,5766,.ui.NewsDetailActivity,
2018-12-07 19:09:03,5787,.ui.NewsDetailActivity,
2018-12-07 19:09:06,5791,.module.comment.ReplyContentListActivity,
2018-12-07 19:09:10,5804,oicq.wlogin_sdk.quicklogin.QuickLoginWebViewActivity,
2018-12-07 19:09:14,5823,.ui.NewsDetailActivity,
2018-12-07 19:09:18,5827,.module.comment.ReplyContentListActivity,
2018-12-07 19:09:22,5829,.module.comment.ReplyContentListActivity,
2018-12-07 19:09:25,5830,.module.comment.ReplyContentListActivity,
2018-12-07 19:09:28,5842,.ui.NewsDetailActivity,
2018-12-07 19:09:32,5843,.ui.NewsDetailActivity,
2018-12-07 19:09:36,5858,.module.comment.ReplyContentListActivity,
2018-12-07 19:09:40,5860,.module.comment.ReplyContentListActivity,
2018-12-07 19:09:43,5867,.module.comment.ReplyContentListActivity,
2018-12-07 19:09:47,5869,.module.comment.ReplyContentListActivity,
2018-12-07 19:09:51,5871,.module.comment.ReplyContentListActivity,
2018-12-07 19:09:55,5873,.module.comment.ReplyContentListActivity,
2018-12-07 19:09:59,5885,.module.comment.ReplyContentListActivity,
2018-12-07 19:10:02,5893,.module.comment.ReplyContentListActivity,
2018-12-07 19:10:06,5899,.module.comment.ReplyContentListActivity,
2018-12-07 19:10:10,5989,.module.comment.ReplyContentListActivity,
2018-12-07 19:10:13,5990,.module.comment.ReplyContentListActivity,
2018-12-07 19:10:17,5993,.module.comment.ReplyContentListActivity,
2018-12-07 19:10:21,5996,.module.comment.ReplyContentListActivity,
