12-07 06:07:28.254   528   549 I ActivityManager: Displayed com.tencent.news/.map.LocationMapActivity: +580ms
12-07 06:07:28.254   528   549 I ActivityManager: Displayed com.tencent.news/.map.LocationMapActivity: +580ms
12-07 06:07:28.254   528   549 I ActivityManager: Displayed com.tencent.news/.map.LocationMapActivity: +580ms
12-07 06:07:28.254   528   549 I ActivityManager: Displayed com.tencent.news/.map.LocationMapActivity: +580ms
12-07 06:07:28.254   528   549 I ActivityManager: Displayed com.tencent.news/.map.LocationMapActivity: +580ms
12-07 06:07:28.254   528   549 I ActivityManager: Displayed com.tencent.news/.map.LocationMapActivity: +580ms
12-07 06:07:47.469   528   549 I ActivityManager: Displayed com.tencent.news/.map.LocationMapActivity: +522ms
12-07 06:07:28.254   528   549 I ActivityManager: Displayed com.tencent.news/.map.LocationMapActivity: +580ms
12-07 06:07:47.469   528   549 I ActivityManager: Displayed com.tencent.news/.map.LocationMapActivity: +522ms
12-07 06:07:53.789   528   549 I ActivityManager: Displayed com.tencent.news/.activity.SplashActivity: +1s116ms
12-07 06:07:28.254   528   549 I ActivityManager: Displayed com.tencent.news/.map.LocationMapActivity: +580ms
12-07 06:07:47.469   528   549 I ActivityManager: Displayed com.tencent.news/.map.LocationMapActivity: +522ms
12-07 06:07:53.789   528   549 I ActivityManager: Displayed com.tencent.news/.activity.SplashActivity: +1s116ms
12-07 06:07:57.350   528   549 I ActivityManager: Displayed com.tencent.news/.ui.read24hours.Read24HoursActivity: +517ms
12-07 06:07:28.254   528   549 I ActivityManager: Displayed com.tencent.news/.map.LocationMapActivity: +580ms
12-07 06:07:47.469   528   549 I ActivityManager: Displayed com.tencent.news/.map.LocationMapActivity: +522ms
12-07 06:07:53.789   528   549 I ActivityManager: Displayed com.tencent.news/.activity.SplashActivity: +1s116ms
12-07 06:07:57.350   528   549 I ActivityManager: Displayed com.tencent.news/.ui.read24hours.Read24HoursActivity: +517ms
12-07 06:07:58.603   528   549 I ActivityManager: Displayed com.tencent.news/.ui.NewsDetailActivity: +530ms
12-07 06:07:28.254   528   549 I ActivityManager: Displayed com.tencent.news/.map.LocationMapActivity: +580ms
12-07 06:07:47.469   528   549 I ActivityManager: Displayed com.tencent.news/.map.LocationMapActivity: +522ms
12-07 06:07:53.789   528   549 I ActivityManager: Displayed com.tencent.news/.activity.SplashActivity: +1s116ms
12-07 06:07:57.350   528   549 I ActivityManager: Displayed com.tencent.news/.ui.read24hours.Read24HoursActivity: +517ms
12-07 06:07:58.603   528   549 I ActivityManager: Displayed com.tencent.news/.ui.NewsDetailActivity: +530ms
12-07 06:07:28.254   528   549 I ActivityManager: Displayed com.tencent.news/.map.LocationMapActivity: +580ms
12-07 06:07:47.469   528   549 I ActivityManager: Displayed com.tencent.news/.map.LocationMapActivity: +522ms
12-07 06:07:53.789   528   549 I ActivityManager: Displayed com.tencent.news/.activity.SplashActivity: +1s116ms
12-07 06:07:57.350   528   549 I ActivityManager: Displayed com.tencent.news/.ui.read24hours.Read24HoursActivity: +517ms
12-07 06:07:58.603   528   549 I ActivityManager: Displayed com.tencent.news/.ui.NewsDetailActivity: +530ms
12-07 06:07:28.254   528   549 I ActivityManager: Displayed com.tencent.news/.map.LocationMapActivity: +580ms
12-07 06:07:47.469   528   549 I ActivityManager: Displayed com.tencent.news/.map.LocationMapActivity: +522ms
12-07 06:07:53.789   528   549 I ActivityManager: Displayed com.tencent.news/.activity.SplashActivity: +1s116ms
12-07 06:07:57.350   528   549 I ActivityManager: Displayed com.tencent.news/.ui.read24hours.Read24HoursActivity: +517ms
12-07 06:07:58.603   528   549 I ActivityManager: Displayed com.tencent.news/.ui.NewsDetailActivity: +530ms
12-07 06:07:28.254   528   549 I ActivityManager: Displayed com.tencent.news/.map.LocationMapActivity: +580ms
12-07 06:07:47.469   528   549 I ActivityManager: Displayed com.tencent.news/.map.LocationMapActivity: +522ms
12-07 06:07:53.789   528   549 I ActivityManager: Displayed com.tencent.news/.activity.SplashActivity: +1s116ms
12-07 06:07:57.350   528   549 I ActivityManager: Displayed com.tencent.news/.ui.read24hours.Read24HoursActivity: +517ms
12-07 06:07:58.603   528   549 I ActivityManager: Displayed com.tencent.news/.ui.NewsDetailActivity: +530ms
12-07 06:08:15.166   528   549 I ActivityManager: Displayed com.tencent.news/.ui.NewsDetailActivity: +491ms
12-07 06:07:28.254   528   549 I ActivityManager: Displayed com.tencent.news/.map.LocationMapActivity: +580ms
12-07 06:07:47.469   528   549 I ActivityManager: Displayed com.tencent.news/.map.LocationMapActivity: +522ms
12-07 06:07:53.789   528   549 I ActivityManager: Displayed com.tencent.news/.activity.SplashActivity: +1s116ms
12-07 06:07:57.350   528   549 I ActivityManager: Displayed com.tencent.news/.ui.read24hours.Read24HoursActivity: +517ms
12-07 06:07:58.603   528   549 I ActivityManager: Displayed com.tencent.news/.ui.NewsDetailActivity: +530ms
12-07 06:08:15.166   528   549 I ActivityManager: Displayed com.tencent.news/.ui.NewsDetailActivity: +491ms
12-07 06:08:18.127   528   549 I ActivityManager: Displayed com.tencent.news/.ui.NewsDetailActivity: +638ms
12-07 06:07:28.254   528   549 I ActivityManager: Displayed com.tencent.news/.map.LocationMapActivity: +580ms
12-07 06:07:47.469   528   549 I ActivityManager: Displayed com.tencent.news/.map.LocationMapActivity: +522ms
12-07 06:07:53.789   528   549 I ActivityManager: Displayed com.tencent.news/.activity.SplashActivity: +1s116ms
12-07 06:07:57.350   528   549 I ActivityManager: Displayed com.tencent.news/.ui.read24hours.Read24HoursActivity: +517ms
12-07 06:07:58.603   528   549 I ActivityManager: Displayed com.tencent.news/.ui.NewsDetailActivity: +530ms
12-07 06:08:15.166   528   549 I ActivityManager: Displayed com.tencent.news/.ui.NewsDetailActivity: +491ms
12-07 06:08:18.127   528   549 I ActivityManager: Displayed com.tencent.news/.ui.NewsDetailActivity: +638ms
12-07 06:08:21.666   528   549 I ActivityManager: Displayed com.tencent.news/.map.LocationMapActivity: +644ms
12-07 06:07:28.254   528   549 I ActivityManager: Displayed com.tencent.news/.map.LocationMapActivity: +580ms
12-07 06:07:47.469   528   549 I ActivityManager: Displayed com.tencent.news/.map.LocationMapActivity: +522ms
12-07 06:07:53.789   528   549 I ActivityManager: Displayed com.tencent.news/.activity.SplashActivity: +1s116ms
12-07 06:07:57.350   528   549 I ActivityManager: Displayed com.tencent.news/.ui.read24hours.Read24HoursActivity: +517ms
12-07 06:07:58.603   528   549 I ActivityManager: Displayed com.tencent.news/.ui.NewsDetailActivity: +530ms
12-07 06:08:15.166   528   549 I ActivityManager: Displayed com.tencent.news/.ui.NewsDetailActivity: +491ms
12-07 06:08:18.127   528   549 I ActivityManager: Displayed com.tencent.news/.ui.NewsDetailActivity: +638ms
12-07 06:08:21.666   528   549 I ActivityManager: Displayed com.tencent.news/.map.LocationMapActivity: +644ms
12-07 06:08:25.731   528   549 I ActivityManager: Displayed com.tencent.news/com.sina.weibo.sdk.web.WeiboSdkWebActivity: +135ms (total +533ms)
12-07 06:07:28.254   528   549 I ActivityManager: Displayed com.tencent.news/.map.LocationMapActivity: +580ms
12-07 06:07:47.469   528   549 I ActivityManager: Displayed com.tencent.news/.map.LocationMapActivity: +522ms
12-07 06:07:53.789   528   549 I ActivityManager: Displayed com.tencent.news/.activity.SplashActivity: +1s116ms
12-07 06:07:57.350   528   549 I ActivityManager: Displayed com.tencent.news/.ui.read24hours.Read24HoursActivity: +517ms
12-07 06:07:58.603   528   549 I ActivityManager: Displayed com.tencent.news/.ui.NewsDetailActivity: +530ms
12-07 06:08:15.166   528   549 I ActivityManager: Displayed com.tencent.news/.ui.NewsDetailActivity: +491ms
12-07 06:08:18.127   528   549 I ActivityManager: Displayed com.tencent.news/.ui.NewsDetailActivity: +638ms
12-07 06:08:21.666   528   549 I ActivityManager: Displayed com.tencent.news/.map.LocationMapActivity: +644ms
12-07 06:08:25.731   528   549 I ActivityManager: Displayed com.tencent.news/com.sina.weibo.sdk.web.WeiboSdkWebActivity: +135ms (total +533ms)
12-07 06:08:29.660   528   549 I ActivityManager: Displayed com.tencent.news/.ui.imagedetail.GalleryDetailPreViewActivity: +321ms
12-07 06:07:28.254   528   549 I ActivityManager: Displayed com.tencent.news/.map.LocationMapActivity: +580ms
12-07 06:07:47.469   528   549 I ActivityManager: Displayed com.tencent.news/.map.LocationMapActivity: +522ms
12-07 06:07:53.789   528   549 I ActivityManager: Displayed com.tencent.news/.activity.SplashActivity: +1s116ms
12-07 06:07:57.350   528   549 I ActivityManager: Displayed com.tencent.news/.ui.read24hours.Read24HoursActivity: +517ms
12-07 06:07:58.603   528   549 I ActivityManager: Displayed com.tencent.news/.ui.NewsDetailActivity: +530ms
12-07 06:08:15.166   528   549 I ActivityManager: Displayed com.tencent.news/.ui.NewsDetailActivity: +491ms
12-07 06:08:18.127   528   549 I ActivityManager: Displayed com.tencent.news/.ui.NewsDetailActivity: +638ms
12-07 06:08:21.666   528   549 I ActivityManager: Displayed com.tencent.news/.map.LocationMapActivity: +644ms
12-07 06:08:25.731   528   549 I ActivityManager: Displayed com.tencent.news/com.sina.weibo.sdk.web.WeiboSdkWebActivity: +135ms (total +533ms)
12-07 06:08:29.660   528   549 I ActivityManager: Displayed com.tencent.news/.ui.imagedetail.GalleryDetailPreViewActivity: +321ms
12-07 06:07:28.254   528   549 I ActivityManager: Displayed com.tencent.news/.map.LocationMapActivity: +580ms
12-07 06:07:47.469   528   549 I ActivityManager: Displayed com.tencent.news/.map.LocationMapActivity: +522ms
12-07 06:07:53.789   528   549 I ActivityManager: Displayed com.tencent.news/.activity.SplashActivity: +1s116ms
12-07 06:07:57.350   528   549 I ActivityManager: Displayed com.tencent.news/.ui.read24hours.Read24HoursActivity: +517ms
12-07 06:07:58.603   528   549 I ActivityManager: Displayed com.tencent.news/.ui.NewsDetailActivity: +530ms
12-07 06:08:15.166   528   549 I ActivityManager: Displayed com.tencent.news/.ui.NewsDetailActivity: +491ms
12-07 06:08:18.127   528   549 I ActivityManager: Displayed com.tencent.news/.ui.NewsDetailActivity: +638ms
12-07 06:08:21.666   528   549 I ActivityManager: Displayed com.tencent.news/.map.LocationMapActivity: +644ms
12-07 06:08:25.731   528   549 I ActivityManager: Displayed com.tencent.news/com.sina.weibo.sdk.web.WeiboSdkWebActivity: +135ms (total +533ms)
12-07 06:08:29.660   528   549 I ActivityManager: Displayed com.tencent.news/.ui.imagedetail.GalleryDetailPreViewActivity: +321ms
12-07 06:08:35.523   528   549 I ActivityManager: Displayed com.tencent.news/.ui.imagedetail.GalleryDetailPreViewActivity: +162ms
12-07 06:07:28.254   528   549 I ActivityManager: Displayed com.tencent.news/.map.LocationMapActivity: +580ms
12-07 06:07:47.469   528   549 I ActivityManager: Displayed com.tencent.news/.map.LocationMapActivity: +522ms
12-07 06:07:53.789   528   549 I ActivityManager: Displayed com.tencent.news/.activity.SplashActivity: +1s116ms
12-07 06:07:57.350   528   549 I ActivityManager: Displayed com.tencent.news/.ui.read24hours.Read24HoursActivity: +517ms
12-07 06:07:58.603   528   549 I ActivityManager: Displayed com.tencent.news/.ui.NewsDetailActivity: +530ms
12-07 06:08:15.166   528   549 I ActivityManager: Displayed com.tencent.news/.ui.NewsDetailActivity: +491ms
12-07 06:08:18.127   528   549 I ActivityManager: Displayed com.tencent.news/.ui.NewsDetailActivity: +638ms
12-07 06:08:21.666   528   549 I ActivityManager: Displayed com.tencent.news/.map.LocationMapActivity: +644ms
12-07 06:08:25.731   528   549 I ActivityManager: Displayed com.tencent.news/com.sina.weibo.sdk.web.WeiboSdkWebActivity: +135ms (total +533ms)
12-07 06:08:29.660   528   549 I ActivityManager: Displayed com.tencent.news/.ui.imagedetail.GalleryDetailPreViewActivity: +321ms
12-07 06:08:35.523   528   549 I ActivityManager: Displayed com.tencent.news/.ui.imagedetail.GalleryDetailPreViewActivity: +162ms
12-07 06:08:40.039   528   549 I ActivityManager: Displayed com.tencent.news/.module.comment.ReplyContentListActivity: +381ms
12-07 06:07:28.254   528   549 I ActivityManager: Displayed com.tencent.news/.map.LocationMapActivity: +580ms
12-07 06:07:47.469   528   549 I ActivityManager: Displayed com.tencent.news/.map.LocationMapActivity: +522ms
12-07 06:07:53.789   528   549 I ActivityManager: Displayed com.tencent.news/.activity.SplashActivity: +1s116ms
12-07 06:07:57.350   528   549 I ActivityManager: Displayed com.tencent.news/.ui.read24hours.Read24HoursActivity: +517ms
12-07 06:07:58.603   528   549 I ActivityManager: Displayed com.tencent.news/.ui.NewsDetailActivity: +530ms
12-07 06:08:15.166   528   549 I ActivityManager: Displayed com.tencent.news/.ui.NewsDetailActivity: +491ms
12-07 06:08:18.127   528   549 I ActivityManager: Displayed com.tencent.news/.ui.NewsDetailActivity: +638ms
12-07 06:08:21.666   528   549 I ActivityManager: Displayed com.tencent.news/.map.LocationMapActivity: +644ms
12-07 06:08:25.731   528   549 I ActivityManager: Displayed com.tencent.news/com.sina.weibo.sdk.web.WeiboSdkWebActivity: +135ms (total +533ms)
12-07 06:08:29.660   528   549 I ActivityManager: Displayed com.tencent.news/.ui.imagedetail.GalleryDetailPreViewActivity: +321ms
12-07 06:08:35.523   528   549 I ActivityManager: Displayed com.tencent.news/.ui.imagedetail.GalleryDetailPreViewActivity: +162ms
12-07 06:08:40.039   528   549 I ActivityManager: Displayed com.tencent.news/.module.comment.ReplyContentListActivity: +381ms
12-07 06:07:28.254   528   549 I ActivityManager: Displayed com.tencent.news/.map.LocationMapActivity: +580ms
12-07 06:07:47.469   528   549 I ActivityManager: Displayed com.tencent.news/.map.LocationMapActivity: +522ms
12-07 06:07:53.789   528   549 I ActivityManager: Displayed com.tencent.news/.activity.SplashActivity: +1s116ms
12-07 06:07:57.350   528   549 I ActivityManager: Displayed com.tencent.news/.ui.read24hours.Read24HoursActivity: +517ms
12-07 06:07:58.603   528   549 I ActivityManager: Displayed com.tencent.news/.ui.NewsDetailActivity: +530ms
12-07 06:08:15.166   528   549 I ActivityManager: Displayed com.tencent.news/.ui.NewsDetailActivity: +491ms
12-07 06:08:18.127   528   549 I ActivityManager: Displayed com.tencent.news/.ui.NewsDetailActivity: +638ms
12-07 06:08:21.666   528   549 I ActivityManager: Displayed com.tencent.news/.map.LocationMapActivity: +644ms
12-07 06:08:25.731   528   549 I ActivityManager: Displayed com.tencent.news/com.sina.weibo.sdk.web.WeiboSdkWebActivity: +135ms (total +533ms)
12-07 06:08:29.660   528   549 I ActivityManager: Displayed com.tencent.news/.ui.imagedetail.GalleryDetailPreViewActivity: +321ms
12-07 06:08:35.523   528   549 I ActivityManager: Displayed com.tencent.news/.ui.imagedetail.GalleryDetailPreViewActivity: +162ms
12-07 06:08:40.039   528   549 I ActivityManager: Displayed com.tencent.news/.module.comment.ReplyContentListActivity: +381ms
12-07 06:07:28.254   528   549 I ActivityManager: Displayed com.tencent.news/.map.LocationMapActivity: +580ms
12-07 06:07:47.469   528   549 I ActivityManager: Displayed com.tencent.news/.map.LocationMapActivity: +522ms
12-07 06:07:53.789   528   549 I ActivityManager: Displayed com.tencent.news/.activity.SplashActivity: +1s116ms
12-07 06:07:57.350   528   549 I ActivityManager: Displayed com.tencent.news/.ui.read24hours.Read24HoursActivity: +517ms
12-07 06:07:58.603   528   549 I ActivityManager: Displayed com.tencent.news/.ui.NewsDetailActivity: +530ms
12-07 06:08:15.166   528   549 I ActivityManager: Displayed com.tencent.news/.ui.NewsDetailActivity: +491ms
12-07 06:08:18.127   528   549 I ActivityManager: Displayed com.tencent.news/.ui.NewsDetailActivity: +638ms
12-07 06:08:21.666   528   549 I ActivityManager: Displayed com.tencent.news/.map.LocationMapActivity: +644ms
12-07 06:08:25.731   528   549 I ActivityManager: Displayed com.tencent.news/com.sina.weibo.sdk.web.WeiboSdkWebActivity: +135ms (total +533ms)
12-07 06:08:29.660   528   549 I ActivityManager: Displayed com.tencent.news/.ui.imagedetail.GalleryDetailPreViewActivity: +321ms
12-07 06:08:35.523   528   549 I ActivityManager: Displayed com.tencent.news/.ui.imagedetail.GalleryDetailPreViewActivity: +162ms
12-07 06:08:40.039   528   549 I ActivityManager: Displayed com.tencent.news/.module.comment.ReplyContentListActivity: +381ms
12-07 06:07:28.254   528   549 I ActivityManager: Displayed com.tencent.news/.map.LocationMapActivity: +580ms
12-07 06:07:47.469   528   549 I ActivityManager: Displayed com.tencent.news/.map.LocationMapActivity: +522ms
12-07 06:07:53.789   528   549 I ActivityManager: Displayed com.tencent.news/.activity.SplashActivity: +1s116ms
12-07 06:07:57.350   528   549 I ActivityManager: Displayed com.tencent.news/.ui.read24hours.Read24HoursActivity: +517ms
12-07 06:07:58.603   528   549 I ActivityManager: Displayed com.tencent.news/.ui.NewsDetailActivity: +530ms
12-07 06:08:15.166   528   549 I ActivityManager: Displayed com.tencent.news/.ui.NewsDetailActivity: +491ms
12-07 06:08:18.127   528   549 I ActivityManager: Displayed com.tencent.news/.ui.NewsDetailActivity: +638ms
12-07 06:08:21.666   528   549 I ActivityManager: Displayed com.tencent.news/.map.LocationMapActivity: +644ms
12-07 06:08:25.731   528   549 I ActivityManager: Displayed com.tencent.news/com.sina.weibo.sdk.web.WeiboSdkWebActivity: +135ms (total +533ms)
12-07 06:08:29.660   528   549 I ActivityManager: Displayed com.tencent.news/.ui.imagedetail.GalleryDetailPreViewActivity: +321ms
12-07 06:08:35.523   528   549 I ActivityManager: Displayed com.tencent.news/.ui.imagedetail.GalleryDetailPreViewActivity: +162ms
12-07 06:08:40.039   528   549 I ActivityManager: Displayed com.tencent.news/.module.comment.ReplyContentListActivity: +381ms
12-07 06:07:28.254   528   549 I ActivityManager: Displayed com.tencent.news/.map.LocationMapActivity: +580ms
12-07 06:07:47.469   528   549 I ActivityManager: Displayed com.tencent.news/.map.LocationMapActivity: +522ms
12-07 06:07:53.789   528   549 I ActivityManager: Displayed com.tencent.news/.activity.SplashActivity: +1s116ms
12-07 06:07:57.350   528   549 I ActivityManager: Displayed com.tencent.news/.ui.read24hours.Read24HoursActivity: +517ms
12-07 06:07:58.603   528   549 I ActivityManager: Displayed com.tencent.news/.ui.NewsDetailActivity: +530ms
12-07 06:08:15.166   528   549 I ActivityManager: Displayed com.tencent.news/.ui.NewsDetailActivity: +491ms
12-07 06:08:18.127   528   549 I ActivityManager: Displayed com.tencent.news/.ui.NewsDetailActivity: +638ms
12-07 06:08:21.666   528   549 I ActivityManager: Displayed com.tencent.news/.map.LocationMapActivity: +644ms
12-07 06:08:25.731   528   549 I ActivityManager: Displayed com.tencent.news/com.sina.weibo.sdk.web.WeiboSdkWebActivity: +135ms (total +533ms)
12-07 06:08:29.660   528   549 I ActivityManager: Displayed com.tencent.news/.ui.imagedetail.GalleryDetailPreViewActivity: +321ms
12-07 06:08:35.523   528   549 I ActivityManager: Displayed com.tencent.news/.ui.imagedetail.GalleryDetailPreViewActivity: +162ms
12-07 06:08:40.039   528   549 I ActivityManager: Displayed com.tencent.news/.module.comment.ReplyContentListActivity: +381ms
12-07 06:07:28.254   528   549 I ActivityManager: Displayed com.tencent.news/.map.LocationMapActivity: +580ms
12-07 06:07:47.469   528   549 I ActivityManager: Displayed com.tencent.news/.map.LocationMapActivity: +522ms
12-07 06:07:53.789   528   549 I ActivityManager: Displayed com.tencent.news/.activity.SplashActivity: +1s116ms
12-07 06:07:57.350   528   549 I ActivityManager: Displayed com.tencent.news/.ui.read24hours.Read24HoursActivity: +517ms
12-07 06:07:58.603   528   549 I ActivityManager: Displayed com.tencent.news/.ui.NewsDetailActivity: +530ms
12-07 06:08:15.166   528   549 I ActivityManager: Displayed com.tencent.news/.ui.NewsDetailActivity: +491ms
12-07 06:08:18.127   528   549 I ActivityManager: Displayed com.tencent.news/.ui.NewsDetailActivity: +638ms
12-07 06:08:21.666   528   549 I ActivityManager: Displayed com.tencent.news/.map.LocationMapActivity: +644ms
12-07 06:08:25.731   528   549 I ActivityManager: Displayed com.tencent.news/com.sina.weibo.sdk.web.WeiboSdkWebActivity: +135ms (total +533ms)
12-07 06:08:29.660   528   549 I ActivityManager: Displayed com.tencent.news/.ui.imagedetail.GalleryDetailPreViewActivity: +321ms
12-07 06:08:35.523   528   549 I ActivityManager: Displayed com.tencent.news/.ui.imagedetail.GalleryDetailPreViewActivity: +162ms
12-07 06:08:40.039   528   549 I ActivityManager: Displayed com.tencent.news/.module.comment.ReplyContentListActivity: +381ms
12-07 06:09:00.376   528   549 I ActivityManager: Displayed com.tencent.news/.module.comment.ReplyContentListActivity: +234ms
12-07 06:07:28.254   528   549 I ActivityManager: Displayed com.tencent.news/.map.LocationMapActivity: +580ms
12-07 06:07:47.469   528   549 I ActivityManager: Displayed com.tencent.news/.map.LocationMapActivity: +522ms
12-07 06:07:53.789   528   549 I ActivityManager: Displayed com.tencent.news/.activity.SplashActivity: +1s116ms
12-07 06:07:57.350   528   549 I ActivityManager: Displayed com.tencent.news/.ui.read24hours.Read24HoursActivity: +517ms
12-07 06:07:58.603   528   549 I ActivityManager: Displayed com.tencent.news/.ui.NewsDetailActivity: +530ms
12-07 06:08:15.166   528   549 I ActivityManager: Displayed com.tencent.news/.ui.NewsDetailActivity: +491ms
12-07 06:08:18.127   528   549 I ActivityManager: Displayed com.tencent.news/.ui.NewsDetailActivity: +638ms
12-07 06:08:21.666   528   549 I ActivityManager: Displayed com.tencent.news/.map.LocationMapActivity: +644ms
12-07 06:08:25.731   528   549 I ActivityManager: Displayed com.tencent.news/com.sina.weibo.sdk.web.WeiboSdkWebActivity: +135ms (total +533ms)
12-07 06:08:29.660   528   549 I ActivityManager: Displayed com.tencent.news/.ui.imagedetail.GalleryDetailPreViewActivity: +321ms
12-07 06:08:35.523   528   549 I ActivityManager: Displayed com.tencent.news/.ui.imagedetail.GalleryDetailPreViewActivity: +162ms
12-07 06:08:40.039   528   549 I ActivityManager: Displayed com.tencent.news/.module.comment.ReplyContentListActivity: +381ms
12-07 06:09:00.376   528   549 I ActivityManager: Displayed com.tencent.news/.module.comment.ReplyContentListActivity: +234ms
12-07 06:09:05.982   528   549 I ActivityManager: Displayed com.tencent.news/.module.comment.ReplyContentListActivity: +284ms
12-07 06:07:28.254   528   549 I ActivityManager: Displayed com.tencent.news/.map.LocationMapActivity: +580ms
12-07 06:07:47.469   528   549 I ActivityManager: Displayed com.tencent.news/.map.LocationMapActivity: +522ms
12-07 06:07:53.789   528   549 I ActivityManager: Displayed com.tencent.news/.activity.SplashActivity: +1s116ms
12-07 06:07:57.350   528   549 I ActivityManager: Displayed com.tencent.news/.ui.read24hours.Read24HoursActivity: +517ms
12-07 06:07:58.603   528   549 I ActivityManager: Displayed com.tencent.news/.ui.NewsDetailActivity: +530ms
12-07 06:08:15.166   528   549 I ActivityManager: Displayed com.tencent.news/.ui.NewsDetailActivity: +491ms
12-07 06:08:18.127   528   549 I ActivityManager: Displayed com.tencent.news/.ui.NewsDetailActivity: +638ms
12-07 06:08:21.666   528   549 I ActivityManager: Displayed com.tencent.news/.map.LocationMapActivity: +644ms
12-07 06:08:25.731   528   549 I ActivityManager: Displayed com.tencent.news/com.sina.weibo.sdk.web.WeiboSdkWebActivity: +135ms (total +533ms)
12-07 06:08:29.660   528   549 I ActivityManager: Displayed com.tencent.news/.ui.imagedetail.GalleryDetailPreViewActivity: +321ms
12-07 06:08:35.523   528   549 I ActivityManager: Displayed com.tencent.news/.ui.imagedetail.GalleryDetailPreViewActivity: +162ms
12-07 06:08:40.039   528   549 I ActivityManager: Displayed com.tencent.news/.module.comment.ReplyContentListActivity: +381ms
12-07 06:09:00.376   528   549 I ActivityManager: Displayed com.tencent.news/.module.comment.ReplyContentListActivity: +234ms
12-07 06:09:05.982   528   549 I ActivityManager: Displayed com.tencent.news/.module.comment.ReplyContentListActivity: +284ms
12-07 06:09:09.583   528   549 I ActivityManager: Displayed com.tencent.news/.ui.LoginActivity: +178ms
12-07 06:09:09.925   528   549 I ActivityManager: Displayed com.tencent.news/oicq.wlogin_sdk.quicklogin.QuickLoginWebViewActivity: +266ms
12-07 06:07:28.254   528   549 I ActivityManager: Displayed com.tencent.news/.map.LocationMapActivity: +580ms
12-07 06:07:47.469   528   549 I ActivityManager: Displayed com.tencent.news/.map.LocationMapActivity: +522ms
12-07 06:07:53.789   528   549 I ActivityManager: Displayed com.tencent.news/.activity.SplashActivity: +1s116ms
12-07 06:07:57.350   528   549 I ActivityManager: Displayed com.tencent.news/.ui.read24hours.Read24HoursActivity: +517ms
12-07 06:07:58.603   528   549 I ActivityManager: Displayed com.tencent.news/.ui.NewsDetailActivity: +530ms
12-07 06:08:15.166   528   549 I ActivityManager: Displayed com.tencent.news/.ui.NewsDetailActivity: +491ms
12-07 06:08:18.127   528   549 I ActivityManager: Displayed com.tencent.news/.ui.NewsDetailActivity: +638ms
12-07 06:08:21.666   528   549 I ActivityManager: Displayed com.tencent.news/.map.LocationMapActivity: +644ms
12-07 06:08:25.731   528   549 I ActivityManager: Displayed com.tencent.news/com.sina.weibo.sdk.web.WeiboSdkWebActivity: +135ms (total +533ms)
12-07 06:08:29.660   528   549 I ActivityManager: Displayed com.tencent.news/.ui.imagedetail.GalleryDetailPreViewActivity: +321ms
12-07 06:08:35.523   528   549 I ActivityManager: Displayed com.tencent.news/.ui.imagedetail.GalleryDetailPreViewActivity: +162ms
12-07 06:08:40.039   528   549 I ActivityManager: Displayed com.tencent.news/.module.comment.ReplyContentListActivity: +381ms
12-07 06:09:00.376   528   549 I ActivityManager: Displayed com.tencent.news/.module.comment.ReplyContentListActivity: +234ms
12-07 06:09:05.982   528   549 I ActivityManager: Displayed com.tencent.news/.module.comment.ReplyContentListActivity: +284ms
12-07 06:09:09.583   528   549 I ActivityManager: Displayed com.tencent.news/.ui.LoginActivity: +178ms
12-07 06:09:09.925   528   549 I ActivityManager: Displayed com.tencent.news/oicq.wlogin_sdk.quicklogin.QuickLoginWebViewActivity: +266ms
12-07 06:07:28.254   528   549 I ActivityManager: Displayed com.tencent.news/.map.LocationMapActivity: +580ms
12-07 06:07:47.469   528   549 I ActivityManager: Displayed com.tencent.news/.map.LocationMapActivity: +522ms
12-07 06:07:53.789   528   549 I ActivityManager: Displayed com.tencent.news/.activity.SplashActivity: +1s116ms
12-07 06:07:57.350   528   549 I ActivityManager: Displayed com.tencent.news/.ui.read24hours.Read24HoursActivity: +517ms
12-07 06:07:58.603   528   549 I ActivityManager: Displayed com.tencent.news/.ui.NewsDetailActivity: +530ms
12-07 06:08:15.166   528   549 I ActivityManager: Displayed com.tencent.news/.ui.NewsDetailActivity: +491ms
12-07 06:08:18.127   528   549 I ActivityManager: Displayed com.tencent.news/.ui.NewsDetailActivity: +638ms
12-07 06:08:21.666   528   549 I ActivityManager: Displayed com.tencent.news/.map.LocationMapActivity: +644ms
12-07 06:08:25.731   528   549 I ActivityManager: Displayed com.tencent.news/com.sina.weibo.sdk.web.WeiboSdkWebActivity: +135ms (total +533ms)
12-07 06:08:29.660   528   549 I ActivityManager: Displayed com.tencent.news/.ui.imagedetail.GalleryDetailPreViewActivity: +321ms
12-07 06:08:35.523   528   549 I ActivityManager: Displayed com.tencent.news/.ui.imagedetail.GalleryDetailPreViewActivity: +162ms
12-07 06:08:40.039   528   549 I ActivityManager: Displayed com.tencent.news/.module.comment.ReplyContentListActivity: +381ms
12-07 06:09:00.376   528   549 I ActivityManager: Displayed com.tencent.news/.module.comment.ReplyContentListActivity: +234ms
12-07 06:09:05.982   528   549 I ActivityManager: Displayed com.tencent.news/.module.comment.ReplyContentListActivity: +284ms
12-07 06:09:09.583   528   549 I ActivityManager: Displayed com.tencent.news/.ui.LoginActivity: +178ms
12-07 06:09:09.925   528   549 I ActivityManager: Displayed com.tencent.news/oicq.wlogin_sdk.quicklogin.QuickLoginWebViewActivity: +266ms
12-07 06:09:15.649   528   549 I ActivityManager: Displayed com.tencent.news/.module.comment.ReplyContentListActivity: +169ms
12-07 06:07:28.254   528   549 I ActivityManager: Displayed com.tencent.news/.map.LocationMapActivity: +580ms
12-07 06:07:47.469   528   549 I ActivityManager: Displayed com.tencent.news/.map.LocationMapActivity: +522ms
12-07 06:07:53.789   528   549 I ActivityManager: Displayed com.tencent.news/.activity.SplashActivity: +1s116ms
12-07 06:07:57.350   528   549 I ActivityManager: Displayed com.tencent.news/.ui.read24hours.Read24HoursActivity: +517ms
12-07 06:07:58.603   528   549 I ActivityManager: Displayed com.tencent.news/.ui.NewsDetailActivity: +530ms
12-07 06:08:15.166   528   549 I ActivityManager: Displayed com.tencent.news/.ui.NewsDetailActivity: +491ms
12-07 06:08:18.127   528   549 I ActivityManager: Displayed com.tencent.news/.ui.NewsDetailActivity: +638ms
12-07 06:08:21.666   528   549 I ActivityManager: Displayed com.tencent.news/.map.LocationMapActivity: +644ms
12-07 06:08:25.731   528   549 I ActivityManager: Displayed com.tencent.news/com.sina.weibo.sdk.web.WeiboSdkWebActivity: +135ms (total +533ms)
12-07 06:08:29.660   528   549 I ActivityManager: Displayed com.tencent.news/.ui.imagedetail.GalleryDetailPreViewActivity: +321ms
12-07 06:08:35.523   528   549 I ActivityManager: Displayed com.tencent.news/.ui.imagedetail.GalleryDetailPreViewActivity: +162ms
12-07 06:08:40.039   528   549 I ActivityManager: Displayed com.tencent.news/.module.comment.ReplyContentListActivity: +381ms
12-07 06:09:00.376   528   549 I ActivityManager: Displayed com.tencent.news/.module.comment.ReplyContentListActivity: +234ms
12-07 06:09:05.982   528   549 I ActivityManager: Displayed com.tencent.news/.module.comment.ReplyContentListActivity: +284ms
12-07 06:09:09.583   528   549 I ActivityManager: Displayed com.tencent.news/.ui.LoginActivity: +178ms
12-07 06:09:09.925   528   549 I ActivityManager: Displayed com.tencent.news/oicq.wlogin_sdk.quicklogin.QuickLoginWebViewActivity: +266ms
12-07 06:09:15.649   528   549 I ActivityManager: Displayed com.tencent.news/.module.comment.ReplyContentListActivity: +169ms
12-07 06:07:28.254   528   549 I ActivityManager: Displayed com.tencent.news/.map.LocationMapActivity: +580ms
12-07 06:07:47.469   528   549 I ActivityManager: Displayed com.tencent.news/.map.LocationMapActivity: +522ms
12-07 06:07:53.789   528   549 I ActivityManager: Displayed com.tencent.news/.activity.SplashActivity: +1s116ms
12-07 06:07:57.350   528   549 I ActivityManager: Displayed com.tencent.news/.ui.read24hours.Read24HoursActivity: +517ms
12-07 06:07:58.603   528   549 I ActivityManager: Displayed com.tencent.news/.ui.NewsDetailActivity: +530ms
12-07 06:08:15.166   528   549 I ActivityManager: Displayed com.tencent.news/.ui.NewsDetailActivity: +491ms
12-07 06:08:18.127   528   549 I ActivityManager: Displayed com.tencent.news/.ui.NewsDetailActivity: +638ms
12-07 06:08:21.666   528   549 I ActivityManager: Displayed com.tencent.news/.map.LocationMapActivity: +644ms
12-07 06:08:25.731   528   549 I ActivityManager: Displayed com.tencent.news/com.sina.weibo.sdk.web.WeiboSdkWebActivity: +135ms (total +533ms)
12-07 06:08:29.660   528   549 I ActivityManager: Displayed com.tencent.news/.ui.imagedetail.GalleryDetailPreViewActivity: +321ms
12-07 06:08:35.523   528   549 I ActivityManager: Displayed com.tencent.news/.ui.imagedetail.GalleryDetailPreViewActivity: +162ms
12-07 06:08:40.039   528   549 I ActivityManager: Displayed com.tencent.news/.module.comment.ReplyContentListActivity: +381ms
12-07 06:09:00.376   528   549 I ActivityManager: Displayed com.tencent.news/.module.comment.ReplyContentListActivity: +234ms
12-07 06:09:05.982   528   549 I ActivityManager: Displayed com.tencent.news/.module.comment.ReplyContentListActivity: +284ms
12-07 06:09:09.583   528   549 I ActivityManager: Displayed com.tencent.news/.ui.LoginActivity: +178ms
12-07 06:09:09.925   528   549 I ActivityManager: Displayed com.tencent.news/oicq.wlogin_sdk.quicklogin.QuickLoginWebViewActivity: +266ms
12-07 06:09:15.649   528   549 I ActivityManager: Displayed com.tencent.news/.module.comment.ReplyContentListActivity: +169ms
12-07 06:07:28.254   528   549 I ActivityManager: Displayed com.tencent.news/.map.LocationMapActivity: +580ms
12-07 06:07:47.469   528   549 I ActivityManager: Displayed com.tencent.news/.map.LocationMapActivity: +522ms
12-07 06:07:53.789   528   549 I ActivityManager: Displayed com.tencent.news/.activity.SplashActivity: +1s116ms
12-07 06:07:57.350   528   549 I ActivityManager: Displayed com.tencent.news/.ui.read24hours.Read24HoursActivity: +517ms
12-07 06:07:58.603   528   549 I ActivityManager: Displayed com.tencent.news/.ui.NewsDetailActivity: +530ms
12-07 06:08:15.166   528   549 I ActivityManager: Displayed com.tencent.news/.ui.NewsDetailActivity: +491ms
12-07 06:08:18.127   528   549 I ActivityManager: Displayed com.tencent.news/.ui.NewsDetailActivity: +638ms
12-07 06:08:21.666   528   549 I ActivityManager: Displayed com.tencent.news/.map.LocationMapActivity: +644ms
12-07 06:08:25.731   528   549 I ActivityManager: Displayed com.tencent.news/com.sina.weibo.sdk.web.WeiboSdkWebActivity: +135ms (total +533ms)
12-07 06:08:29.660   528   549 I ActivityManager: Displayed com.tencent.news/.ui.imagedetail.GalleryDetailPreViewActivity: +321ms
12-07 06:08:35.523   528   549 I ActivityManager: Displayed com.tencent.news/.ui.imagedetail.GalleryDetailPreViewActivity: +162ms
12-07 06:08:40.039   528   549 I ActivityManager: Displayed com.tencent.news/.module.comment.ReplyContentListActivity: +381ms
12-07 06:09:00.376   528   549 I ActivityManager: Displayed com.tencent.news/.module.comment.ReplyContentListActivity: +234ms
12-07 06:09:05.982   528   549 I ActivityManager: Displayed com.tencent.news/.module.comment.ReplyContentListActivity: +284ms
12-07 06:09:09.583   528   549 I ActivityManager: Displayed com.tencent.news/.ui.LoginActivity: +178ms
12-07 06:09:09.925   528   549 I ActivityManager: Displayed com.tencent.news/oicq.wlogin_sdk.quicklogin.QuickLoginWebViewActivity: +266ms
12-07 06:09:15.649   528   549 I ActivityManager: Displayed com.tencent.news/.module.comment.ReplyContentListActivity: +169ms
12-07 06:07:28.254   528   549 I ActivityManager: Displayed com.tencent.news/.map.LocationMapActivity: +580ms
12-07 06:07:47.469   528   549 I ActivityManager: Displayed com.tencent.news/.map.LocationMapActivity: +522ms
12-07 06:07:53.789   528   549 I ActivityManager: Displayed com.tencent.news/.activity.SplashActivity: +1s116ms
12-07 06:07:57.350   528   549 I ActivityManager: Displayed com.tencent.news/.ui.read24hours.Read24HoursActivity: +517ms
12-07 06:07:58.603   528   549 I ActivityManager: Displayed com.tencent.news/.ui.NewsDetailActivity: +530ms
12-07 06:08:15.166   528   549 I ActivityManager: Displayed com.tencent.news/.ui.NewsDetailActivity: +491ms
12-07 06:08:18.127   528   549 I ActivityManager: Displayed com.tencent.news/.ui.NewsDetailActivity: +638ms
12-07 06:08:21.666   528   549 I ActivityManager: Displayed com.tencent.news/.map.LocationMapActivity: +644ms
12-07 06:08:25.731   528   549 I ActivityManager: Displayed com.tencent.news/com.sina.weibo.sdk.web.WeiboSdkWebActivity: +135ms (total +533ms)
12-07 06:08:29.660   528   549 I ActivityManager: Displayed com.tencent.news/.ui.imagedetail.GalleryDetailPreViewActivity: +321ms
12-07 06:08:35.523   528   549 I ActivityManager: Displayed com.tencent.news/.ui.imagedetail.GalleryDetailPreViewActivity: +162ms
12-07 06:08:40.039   528   549 I ActivityManager: Displayed com.tencent.news/.module.comment.ReplyContentListActivity: +381ms
12-07 06:09:00.376   528   549 I ActivityManager: Displayed com.tencent.news/.module.comment.ReplyContentListActivity: +234ms
12-07 06:09:05.982   528   549 I ActivityManager: Displayed com.tencent.news/.module.comment.ReplyContentListActivity: +284ms
12-07 06:09:09.583   528   549 I ActivityManager: Displayed com.tencent.news/.ui.LoginActivity: +178ms
12-07 06:09:09.925   528   549 I ActivityManager: Displayed com.tencent.news/oicq.wlogin_sdk.quicklogin.QuickLoginWebViewActivity: +266ms
12-07 06:09:15.649   528   549 I ActivityManager: Displayed com.tencent.news/.module.comment.ReplyContentListActivity: +169ms
12-07 06:07:28.254   528   549 I ActivityManager: Displayed com.tencent.news/.map.LocationMapActivity: +580ms
12-07 06:07:47.469   528   549 I ActivityManager: Displayed com.tencent.news/.map.LocationMapActivity: +522ms
12-07 06:07:53.789   528   549 I ActivityManager: Displayed com.tencent.news/.activity.SplashActivity: +1s116ms
12-07 06:07:57.350   528   549 I ActivityManager: Displayed com.tencent.news/.ui.read24hours.Read24HoursActivity: +517ms
12-07 06:07:58.603   528   549 I ActivityManager: Displayed com.tencent.news/.ui.NewsDetailActivity: +530ms
12-07 06:08:15.166   528   549 I ActivityManager: Displayed com.tencent.news/.ui.NewsDetailActivity: +491ms
12-07 06:08:18.127   528   549 I ActivityManager: Displayed com.tencent.news/.ui.NewsDetailActivity: +638ms
12-07 06:08:21.666   528   549 I ActivityManager: Displayed com.tencent.news/.map.LocationMapActivity: +644ms
12-07 06:08:25.731   528   549 I ActivityManager: Displayed com.tencent.news/com.sina.weibo.sdk.web.WeiboSdkWebActivity: +135ms (total +533ms)
12-07 06:08:29.660   528   549 I ActivityManager: Displayed com.tencent.news/.ui.imagedetail.GalleryDetailPreViewActivity: +321ms
12-07 06:08:35.523   528   549 I ActivityManager: Displayed com.tencent.news/.ui.imagedetail.GalleryDetailPreViewActivity: +162ms
12-07 06:08:40.039   528   549 I ActivityManager: Displayed com.tencent.news/.module.comment.ReplyContentListActivity: +381ms
12-07 06:09:00.376   528   549 I ActivityManager: Displayed com.tencent.news/.module.comment.ReplyContentListActivity: +234ms
12-07 06:09:05.982   528   549 I ActivityManager: Displayed com.tencent.news/.module.comment.ReplyContentListActivity: +284ms
12-07 06:09:09.583   528   549 I ActivityManager: Displayed com.tencent.news/.ui.LoginActivity: +178ms
12-07 06:09:09.925   528   549 I ActivityManager: Displayed com.tencent.news/oicq.wlogin_sdk.quicklogin.QuickLoginWebViewActivity: +266ms
12-07 06:09:15.649   528   549 I ActivityManager: Displayed com.tencent.news/.module.comment.ReplyContentListActivity: +169ms
12-07 06:09:34.262   528   549 I ActivityManager: Displayed com.tencent.news/.module.comment.ReplyContentListActivity: +277ms
12-07 06:07:28.254   528   549 I ActivityManager: Displayed com.tencent.news/.map.LocationMapActivity: +580ms
12-07 06:07:47.469   528   549 I ActivityManager: Displayed com.tencent.news/.map.LocationMapActivity: +522ms
12-07 06:07:53.789   528   549 I ActivityManager: Displayed com.tencent.news/.activity.SplashActivity: +1s116ms
12-07 06:07:57.350   528   549 I ActivityManager: Displayed com.tencent.news/.ui.read24hours.Read24HoursActivity: +517ms
12-07 06:07:58.603   528   549 I ActivityManager: Displayed com.tencent.news/.ui.NewsDetailActivity: +530ms
12-07 06:08:15.166   528   549 I ActivityManager: Displayed com.tencent.news/.ui.NewsDetailActivity: +491ms
12-07 06:08:18.127   528   549 I ActivityManager: Displayed com.tencent.news/.ui.NewsDetailActivity: +638ms
12-07 06:08:21.666   528   549 I ActivityManager: Displayed com.tencent.news/.map.LocationMapActivity: +644ms
12-07 06:08:25.731   528   549 I ActivityManager: Displayed com.tencent.news/com.sina.weibo.sdk.web.WeiboSdkWebActivity: +135ms (total +533ms)
12-07 06:08:29.660   528   549 I ActivityManager: Displayed com.tencent.news/.ui.imagedetail.GalleryDetailPreViewActivity: +321ms
12-07 06:08:35.523   528   549 I ActivityManager: Displayed com.tencent.news/.ui.imagedetail.GalleryDetailPreViewActivity: +162ms
12-07 06:08:40.039   528   549 I ActivityManager: Displayed com.tencent.news/.module.comment.ReplyContentListActivity: +381ms
12-07 06:09:00.376   528   549 I ActivityManager: Displayed com.tencent.news/.module.comment.ReplyContentListActivity: +234ms
12-07 06:09:05.982   528   549 I ActivityManager: Displayed com.tencent.news/.module.comment.ReplyContentListActivity: +284ms
12-07 06:09:09.583   528   549 I ActivityManager: Displayed com.tencent.news/.ui.LoginActivity: +178ms
12-07 06:09:09.925   528   549 I ActivityManager: Displayed com.tencent.news/oicq.wlogin_sdk.quicklogin.QuickLoginWebViewActivity: +266ms
12-07 06:09:15.649   528   549 I ActivityManager: Displayed com.tencent.news/.module.comment.ReplyContentListActivity: +169ms
12-07 06:09:34.262   528   549 I ActivityManager: Displayed com.tencent.news/.module.comment.ReplyContentListActivity: +277ms
12-07 06:07:28.254   528   549 I ActivityManager: Displayed com.tencent.news/.map.LocationMapActivity: +580ms
12-07 06:07:47.469   528   549 I ActivityManager: Displayed com.tencent.news/.map.LocationMapActivity: +522ms
12-07 06:07:53.789   528   549 I ActivityManager: Displayed com.tencent.news/.activity.SplashActivity: +1s116ms
12-07 06:07:57.350   528   549 I ActivityManager: Displayed com.tencent.news/.ui.read24hours.Read24HoursActivity: +517ms
12-07 06:07:58.603   528   549 I ActivityManager: Displayed com.tencent.news/.ui.NewsDetailActivity: +530ms
12-07 06:08:15.166   528   549 I ActivityManager: Displayed com.tencent.news/.ui.NewsDetailActivity: +491ms
12-07 06:08:18.127   528   549 I ActivityManager: Displayed com.tencent.news/.ui.NewsDetailActivity: +638ms
12-07 06:08:21.666   528   549 I ActivityManager: Displayed com.tencent.news/.map.LocationMapActivity: +644ms
12-07 06:08:25.731   528   549 I ActivityManager: Displayed com.tencent.news/com.sina.weibo.sdk.web.WeiboSdkWebActivity: +135ms (total +533ms)
12-07 06:08:29.660   528   549 I ActivityManager: Displayed com.tencent.news/.ui.imagedetail.GalleryDetailPreViewActivity: +321ms
12-07 06:08:35.523   528   549 I ActivityManager: Displayed com.tencent.news/.ui.imagedetail.GalleryDetailPreViewActivity: +162ms
12-07 06:08:40.039   528   549 I ActivityManager: Displayed com.tencent.news/.module.comment.ReplyContentListActivity: +381ms
12-07 06:09:00.376   528   549 I ActivityManager: Displayed com.tencent.news/.module.comment.ReplyContentListActivity: +234ms
12-07 06:09:05.982   528   549 I ActivityManager: Displayed com.tencent.news/.module.comment.ReplyContentListActivity: +284ms
12-07 06:09:09.583   528   549 I ActivityManager: Displayed com.tencent.news/.ui.LoginActivity: +178ms
12-07 06:09:09.925   528   549 I ActivityManager: Displayed com.tencent.news/oicq.wlogin_sdk.quicklogin.QuickLoginWebViewActivity: +266ms
12-07 06:09:15.649   528   549 I ActivityManager: Displayed com.tencent.news/.module.comment.ReplyContentListActivity: +169ms
12-07 06:09:34.262   528   549 I ActivityManager: Displayed com.tencent.news/.module.comment.ReplyContentListActivity: +277ms
12-07 06:07:28.254   528   549 I ActivityManager: Displayed com.tencent.news/.map.LocationMapActivity: +580ms
12-07 06:07:47.469   528   549 I ActivityManager: Displayed com.tencent.news/.map.LocationMapActivity: +522ms
12-07 06:07:53.789   528   549 I ActivityManager: Displayed com.tencent.news/.activity.SplashActivity: +1s116ms
12-07 06:07:57.350   528   549 I ActivityManager: Displayed com.tencent.news/.ui.read24hours.Read24HoursActivity: +517ms
12-07 06:07:58.603   528   549 I ActivityManager: Displayed com.tencent.news/.ui.NewsDetailActivity: +530ms
12-07 06:08:15.166   528   549 I ActivityManager: Displayed com.tencent.news/.ui.NewsDetailActivity: +491ms
12-07 06:08:18.127   528   549 I ActivityManager: Displayed com.tencent.news/.ui.NewsDetailActivity: +638ms
12-07 06:08:21.666   528   549 I ActivityManager: Displayed com.tencent.news/.map.LocationMapActivity: +644ms
12-07 06:08:25.731   528   549 I ActivityManager: Displayed com.tencent.news/com.sina.weibo.sdk.web.WeiboSdkWebActivity: +135ms (total +533ms)
12-07 06:08:29.660   528   549 I ActivityManager: Displayed com.tencent.news/.ui.imagedetail.GalleryDetailPreViewActivity: +321ms
12-07 06:08:35.523   528   549 I ActivityManager: Displayed com.tencent.news/.ui.imagedetail.GalleryDetailPreViewActivity: +162ms
12-07 06:08:40.039   528   549 I ActivityManager: Displayed com.tencent.news/.module.comment.ReplyContentListActivity: +381ms
12-07 06:09:00.376   528   549 I ActivityManager: Displayed com.tencent.news/.module.comment.ReplyContentListActivity: +234ms
12-07 06:09:05.982   528   549 I ActivityManager: Displayed com.tencent.news/.module.comment.ReplyContentListActivity: +284ms
12-07 06:09:09.583   528   549 I ActivityManager: Displayed com.tencent.news/.ui.LoginActivity: +178ms
12-07 06:09:09.925   528   549 I ActivityManager: Displayed com.tencent.news/oicq.wlogin_sdk.quicklogin.QuickLoginWebViewActivity: +266ms
12-07 06:09:15.649   528   549 I ActivityManager: Displayed com.tencent.news/.module.comment.ReplyContentListActivity: +169ms
12-07 06:09:34.262   528   549 I ActivityManager: Displayed com.tencent.news/.module.comment.ReplyContentListActivity: +277ms
12-07 06:07:28.254   528   549 I ActivityManager: Displayed com.tencent.news/.map.LocationMapActivity: +580ms
12-07 06:07:47.469   528   549 I ActivityManager: Displayed com.tencent.news/.map.LocationMapActivity: +522ms
12-07 06:07:53.789   528   549 I ActivityManager: Displayed com.tencent.news/.activity.SplashActivity: +1s116ms
12-07 06:07:57.350   528   549 I ActivityManager: Displayed com.tencent.news/.ui.read24hours.Read24HoursActivity: +517ms
12-07 06:07:58.603   528   549 I ActivityManager: Displayed com.tencent.news/.ui.NewsDetailActivity: +530ms
12-07 06:08:15.166   528   549 I ActivityManager: Displayed com.tencent.news/.ui.NewsDetailActivity: +491ms
12-07 06:08:18.127   528   549 I ActivityManager: Displayed com.tencent.news/.ui.NewsDetailActivity: +638ms
12-07 06:08:21.666   528   549 I ActivityManager: Displayed com.tencent.news/.map.LocationMapActivity: +644ms
12-07 06:08:25.731   528   549 I ActivityManager: Displayed com.tencent.news/com.sina.weibo.sdk.web.WeiboSdkWebActivity: +135ms (total +533ms)
12-07 06:08:29.660   528   549 I ActivityManager: Displayed com.tencent.news/.ui.imagedetail.GalleryDetailPreViewActivity: +321ms
12-07 06:08:35.523   528   549 I ActivityManager: Displayed com.tencent.news/.ui.imagedetail.GalleryDetailPreViewActivity: +162ms
12-07 06:08:40.039   528   549 I ActivityManager: Displayed com.tencent.news/.module.comment.ReplyContentListActivity: +381ms
12-07 06:09:00.376   528   549 I ActivityManager: Displayed com.tencent.news/.module.comment.ReplyContentListActivity: +234ms
12-07 06:09:05.982   528   549 I ActivityManager: Displayed com.tencent.news/.module.comment.ReplyContentListActivity: +284ms
12-07 06:09:09.583   528   549 I ActivityManager: Displayed com.tencent.news/.ui.LoginActivity: +178ms
12-07 06:09:09.925   528   549 I ActivityManager: Displayed com.tencent.news/oicq.wlogin_sdk.quicklogin.QuickLoginWebViewActivity: +266ms
12-07 06:09:15.649   528   549 I ActivityManager: Displayed com.tencent.news/.module.comment.ReplyContentListActivity: +169ms
12-07 06:09:34.262   528   549 I ActivityManager: Displayed com.tencent.news/.module.comment.ReplyContentListActivity: +277ms
12-07 06:07:28.254   528   549 I ActivityManager: Displayed com.tencent.news/.map.LocationMapActivity: +580ms
12-07 06:07:47.469   528   549 I ActivityManager: Displayed com.tencent.news/.map.LocationMapActivity: +522ms
12-07 06:07:53.789   528   549 I ActivityManager: Displayed com.tencent.news/.activity.SplashActivity: +1s116ms
12-07 06:07:57.350   528   549 I ActivityManager: Displayed com.tencent.news/.ui.read24hours.Read24HoursActivity: +517ms
12-07 06:07:58.603   528   549 I ActivityManager: Displayed com.tencent.news/.ui.NewsDetailActivity: +530ms
12-07 06:08:15.166   528   549 I ActivityManager: Displayed com.tencent.news/.ui.NewsDetailActivity: +491ms
12-07 06:08:18.127   528   549 I ActivityManager: Displayed com.tencent.news/.ui.NewsDetailActivity: +638ms
12-07 06:08:21.666   528   549 I ActivityManager: Displayed com.tencent.news/.map.LocationMapActivity: +644ms
12-07 06:08:25.731   528   549 I ActivityManager: Displayed com.tencent.news/com.sina.weibo.sdk.web.WeiboSdkWebActivity: +135ms (total +533ms)
12-07 06:08:29.660   528   549 I ActivityManager: Displayed com.tencent.news/.ui.imagedetail.GalleryDetailPreViewActivity: +321ms
12-07 06:08:35.523   528   549 I ActivityManager: Displayed com.tencent.news/.ui.imagedetail.GalleryDetailPreViewActivity: +162ms
12-07 06:08:40.039   528   549 I ActivityManager: Displayed com.tencent.news/.module.comment.ReplyContentListActivity: +381ms
12-07 06:09:00.376   528   549 I ActivityManager: Displayed com.tencent.news/.module.comment.ReplyContentListActivity: +234ms
12-07 06:09:05.982   528   549 I ActivityManager: Displayed com.tencent.news/.module.comment.ReplyContentListActivity: +284ms
12-07 06:09:09.583   528   549 I ActivityManager: Displayed com.tencent.news/.ui.LoginActivity: +178ms
12-07 06:09:09.925   528   549 I ActivityManager: Displayed com.tencent.news/oicq.wlogin_sdk.quicklogin.QuickLoginWebViewActivity: +266ms
12-07 06:09:15.649   528   549 I ActivityManager: Displayed com.tencent.news/.module.comment.ReplyContentListActivity: +169ms
12-07 06:09:34.262   528   549 I ActivityManager: Displayed com.tencent.news/.module.comment.ReplyContentListActivity: +277ms
12-07 06:07:28.254   528   549 I ActivityManager: Displayed com.tencent.news/.map.LocationMapActivity: +580ms
12-07 06:07:47.469   528   549 I ActivityManager: Displayed com.tencent.news/.map.LocationMapActivity: +522ms
12-07 06:07:53.789   528   549 I ActivityManager: Displayed com.tencent.news/.activity.SplashActivity: +1s116ms
12-07 06:07:57.350   528   549 I ActivityManager: Displayed com.tencent.news/.ui.read24hours.Read24HoursActivity: +517ms
12-07 06:07:58.603   528   549 I ActivityManager: Displayed com.tencent.news/.ui.NewsDetailActivity: +530ms
12-07 06:08:15.166   528   549 I ActivityManager: Displayed com.tencent.news/.ui.NewsDetailActivity: +491ms
12-07 06:08:18.127   528   549 I ActivityManager: Displayed com.tencent.news/.ui.NewsDetailActivity: +638ms
12-07 06:08:21.666   528   549 I ActivityManager: Displayed com.tencent.news/.map.LocationMapActivity: +644ms
12-07 06:08:25.731   528   549 I ActivityManager: Displayed com.tencent.news/com.sina.weibo.sdk.web.WeiboSdkWebActivity: +135ms (total +533ms)
12-07 06:08:29.660   528   549 I ActivityManager: Displayed com.tencent.news/.ui.imagedetail.GalleryDetailPreViewActivity: +321ms
12-07 06:08:35.523   528   549 I ActivityManager: Displayed com.tencent.news/.ui.imagedetail.GalleryDetailPreViewActivity: +162ms
12-07 06:08:40.039   528   549 I ActivityManager: Displayed com.tencent.news/.module.comment.ReplyContentListActivity: +381ms
12-07 06:09:00.376   528   549 I ActivityManager: Displayed com.tencent.news/.module.comment.ReplyContentListActivity: +234ms
12-07 06:09:05.982   528   549 I ActivityManager: Displayed com.tencent.news/.module.comment.ReplyContentListActivity: +284ms
12-07 06:09:09.583   528   549 I ActivityManager: Displayed com.tencent.news/.ui.LoginActivity: +178ms
12-07 06:09:09.925   528   549 I ActivityManager: Displayed com.tencent.news/oicq.wlogin_sdk.quicklogin.QuickLoginWebViewActivity: +266ms
12-07 06:09:15.649   528   549 I ActivityManager: Displayed com.tencent.news/.module.comment.ReplyContentListActivity: +169ms
12-07 06:09:34.262   528   549 I ActivityManager: Displayed com.tencent.news/.module.comment.ReplyContentListActivity: +277ms
12-07 06:09:57.072   528   549 I ActivityManager: Displayed com.tencent.news/.module.comment.ReplyContentListActivity: +709ms
12-07 06:07:28.254   528   549 I ActivityManager: Displayed com.tencent.news/.map.LocationMapActivity: +580ms
12-07 06:07:47.469   528   549 I ActivityManager: Displayed com.tencent.news/.map.LocationMapActivity: +522ms
12-07 06:07:53.789   528   549 I ActivityManager: Displayed com.tencent.news/.activity.SplashActivity: +1s116ms
12-07 06:07:57.350   528   549 I ActivityManager: Displayed com.tencent.news/.ui.read24hours.Read24HoursActivity: +517ms
12-07 06:07:58.603   528   549 I ActivityManager: Displayed com.tencent.news/.ui.NewsDetailActivity: +530ms
12-07 06:08:15.166   528   549 I ActivityManager: Displayed com.tencent.news/.ui.NewsDetailActivity: +491ms
12-07 06:08:18.127   528   549 I ActivityManager: Displayed com.tencent.news/.ui.NewsDetailActivity: +638ms
12-07 06:08:21.666   528   549 I ActivityManager: Displayed com.tencent.news/.map.LocationMapActivity: +644ms
12-07 06:08:25.731   528   549 I ActivityManager: Displayed com.tencent.news/com.sina.weibo.sdk.web.WeiboSdkWebActivity: +135ms (total +533ms)
12-07 06:08:29.660   528   549 I ActivityManager: Displayed com.tencent.news/.ui.imagedetail.GalleryDetailPreViewActivity: +321ms
12-07 06:08:35.523   528   549 I ActivityManager: Displayed com.tencent.news/.ui.imagedetail.GalleryDetailPreViewActivity: +162ms
12-07 06:08:40.039   528   549 I ActivityManager: Displayed com.tencent.news/.module.comment.ReplyContentListActivity: +381ms
12-07 06:09:00.376   528   549 I ActivityManager: Displayed com.tencent.news/.module.comment.ReplyContentListActivity: +234ms
12-07 06:09:05.982   528   549 I ActivityManager: Displayed com.tencent.news/.module.comment.ReplyContentListActivity: +284ms
12-07 06:09:09.583   528   549 I ActivityManager: Displayed com.tencent.news/.ui.LoginActivity: +178ms
12-07 06:09:09.925   528   549 I ActivityManager: Displayed com.tencent.news/oicq.wlogin_sdk.quicklogin.QuickLoginWebViewActivity: +266ms
12-07 06:09:15.649   528   549 I ActivityManager: Displayed com.tencent.news/.module.comment.ReplyContentListActivity: +169ms
12-07 06:09:34.262   528   549 I ActivityManager: Displayed com.tencent.news/.module.comment.ReplyContentListActivity: +277ms
12-07 06:09:57.072   528   549 I ActivityManager: Displayed com.tencent.news/.module.comment.ReplyContentListActivity: +709ms
12-07 06:07:28.254   528   549 I ActivityManager: Displayed com.tencent.news/.map.LocationMapActivity: +580ms
12-07 06:07:47.469   528   549 I ActivityManager: Displayed com.tencent.news/.map.LocationMapActivity: +522ms
12-07 06:07:53.789   528   549 I ActivityManager: Displayed com.tencent.news/.activity.SplashActivity: +1s116ms
12-07 06:07:57.350   528   549 I ActivityManager: Displayed com.tencent.news/.ui.read24hours.Read24HoursActivity: +517ms
12-07 06:07:58.603   528   549 I ActivityManager: Displayed com.tencent.news/.ui.NewsDetailActivity: +530ms
12-07 06:08:15.166   528   549 I ActivityManager: Displayed com.tencent.news/.ui.NewsDetailActivity: +491ms
12-07 06:08:18.127   528   549 I ActivityManager: Displayed com.tencent.news/.ui.NewsDetailActivity: +638ms
12-07 06:08:21.666   528   549 I ActivityManager: Displayed com.tencent.news/.map.LocationMapActivity: +644ms
12-07 06:08:25.731   528   549 I ActivityManager: Displayed com.tencent.news/com.sina.weibo.sdk.web.WeiboSdkWebActivity: +135ms (total +533ms)
12-07 06:08:29.660   528   549 I ActivityManager: Displayed com.tencent.news/.ui.imagedetail.GalleryDetailPreViewActivity: +321ms
12-07 06:08:35.523   528   549 I ActivityManager: Displayed com.tencent.news/.ui.imagedetail.GalleryDetailPreViewActivity: +162ms
12-07 06:08:40.039   528   549 I ActivityManager: Displayed com.tencent.news/.module.comment.ReplyContentListActivity: +381ms
12-07 06:09:00.376   528   549 I ActivityManager: Displayed com.tencent.news/.module.comment.ReplyContentListActivity: +234ms
12-07 06:09:05.982   528   549 I ActivityManager: Displayed com.tencent.news/.module.comment.ReplyContentListActivity: +284ms
12-07 06:09:09.583   528   549 I ActivityManager: Displayed com.tencent.news/.ui.LoginActivity: +178ms
12-07 06:09:09.925   528   549 I ActivityManager: Displayed com.tencent.news/oicq.wlogin_sdk.quicklogin.QuickLoginWebViewActivity: +266ms
12-07 06:09:15.649   528   549 I ActivityManager: Displayed com.tencent.news/.module.comment.ReplyContentListActivity: +169ms
12-07 06:09:34.262   528   549 I ActivityManager: Displayed com.tencent.news/.module.comment.ReplyContentListActivity: +277ms
12-07 06:09:57.072   528   549 I ActivityManager: Displayed com.tencent.news/.module.comment.ReplyContentListActivity: +709ms
12-07 06:10:03.675   528   549 I ActivityManager: Displayed com.tencent.news/.module.comment.ReplyContentListActivity: +109ms
12-07 06:07:28.254   528   549 I ActivityManager: Displayed com.tencent.news/.map.LocationMapActivity: +580ms
12-07 06:07:47.469   528   549 I ActivityManager: Displayed com.tencent.news/.map.LocationMapActivity: +522ms
12-07 06:07:53.789   528   549 I ActivityManager: Displayed com.tencent.news/.activity.SplashActivity: +1s116ms
12-07 06:07:57.350   528   549 I ActivityManager: Displayed com.tencent.news/.ui.read24hours.Read24HoursActivity: +517ms
12-07 06:07:58.603   528   549 I ActivityManager: Displayed com.tencent.news/.ui.NewsDetailActivity: +530ms
12-07 06:08:15.166   528   549 I ActivityManager: Displayed com.tencent.news/.ui.NewsDetailActivity: +491ms
12-07 06:08:18.127   528   549 I ActivityManager: Displayed com.tencent.news/.ui.NewsDetailActivity: +638ms
12-07 06:08:21.666   528   549 I ActivityManager: Displayed com.tencent.news/.map.LocationMapActivity: +644ms
12-07 06:08:25.731   528   549 I ActivityManager: Displayed com.tencent.news/com.sina.weibo.sdk.web.WeiboSdkWebActivity: +135ms (total +533ms)
12-07 06:08:29.660   528   549 I ActivityManager: Displayed com.tencent.news/.ui.imagedetail.GalleryDetailPreViewActivity: +321ms
12-07 06:08:35.523   528   549 I ActivityManager: Displayed com.tencent.news/.ui.imagedetail.GalleryDetailPreViewActivity: +162ms
12-07 06:08:40.039   528   549 I ActivityManager: Displayed com.tencent.news/.module.comment.ReplyContentListActivity: +381ms
12-07 06:09:00.376   528   549 I ActivityManager: Displayed com.tencent.news/.module.comment.ReplyContentListActivity: +234ms
12-07 06:09:05.982   528   549 I ActivityManager: Displayed com.tencent.news/.module.comment.ReplyContentListActivity: +284ms
12-07 06:09:09.583   528   549 I ActivityManager: Displayed com.tencent.news/.ui.LoginActivity: +178ms
12-07 06:09:09.925   528   549 I ActivityManager: Displayed com.tencent.news/oicq.wlogin_sdk.quicklogin.QuickLoginWebViewActivity: +266ms
12-07 06:09:15.649   528   549 I ActivityManager: Displayed com.tencent.news/.module.comment.ReplyContentListActivity: +169ms
12-07 06:09:34.262   528   549 I ActivityManager: Displayed com.tencent.news/.module.comment.ReplyContentListActivity: +277ms
12-07 06:09:57.072   528   549 I ActivityManager: Displayed com.tencent.news/.module.comment.ReplyContentListActivity: +709ms
12-07 06:10:03.675   528   549 I ActivityManager: Displayed com.tencent.news/.module.comment.ReplyContentListActivity: +109ms
12-07 06:10:07.825   528   549 I ActivityManager: Displayed com.tencent.news/.map.LocationMapActivity: +737ms
12-07 06:07:28.254   528   549 I ActivityManager: Displayed com.tencent.news/.map.LocationMapActivity: +580ms
12-07 06:07:47.469   528   549 I ActivityManager: Displayed com.tencent.news/.map.LocationMapActivity: +522ms
12-07 06:07:53.789   528   549 I ActivityManager: Displayed com.tencent.news/.activity.SplashActivity: +1s116ms
12-07 06:07:57.350   528   549 I ActivityManager: Displayed com.tencent.news/.ui.read24hours.Read24HoursActivity: +517ms
12-07 06:07:58.603   528   549 I ActivityManager: Displayed com.tencent.news/.ui.NewsDetailActivity: +530ms
12-07 06:08:15.166   528   549 I ActivityManager: Displayed com.tencent.news/.ui.NewsDetailActivity: +491ms
12-07 06:08:18.127   528   549 I ActivityManager: Displayed com.tencent.news/.ui.NewsDetailActivity: +638ms
12-07 06:08:21.666   528   549 I ActivityManager: Displayed com.tencent.news/.map.LocationMapActivity: +644ms
12-07 06:08:25.731   528   549 I ActivityManager: Displayed com.tencent.news/com.sina.weibo.sdk.web.WeiboSdkWebActivity: +135ms (total +533ms)
12-07 06:08:29.660   528   549 I ActivityManager: Displayed com.tencent.news/.ui.imagedetail.GalleryDetailPreViewActivity: +321ms
12-07 06:08:35.523   528   549 I ActivityManager: Displayed com.tencent.news/.ui.imagedetail.GalleryDetailPreViewActivity: +162ms
12-07 06:08:40.039   528   549 I ActivityManager: Displayed com.tencent.news/.module.comment.ReplyContentListActivity: +381ms
12-07 06:09:00.376   528   549 I ActivityManager: Displayed com.tencent.news/.module.comment.ReplyContentListActivity: +234ms
12-07 06:09:05.982   528   549 I ActivityManager: Displayed com.tencent.news/.module.comment.ReplyContentListActivity: +284ms
12-07 06:09:09.583   528   549 I ActivityManager: Displayed com.tencent.news/.ui.LoginActivity: +178ms
12-07 06:09:09.925   528   549 I ActivityManager: Displayed com.tencent.news/oicq.wlogin_sdk.quicklogin.QuickLoginWebViewActivity: +266ms
12-07 06:09:15.649   528   549 I ActivityManager: Displayed com.tencent.news/.module.comment.ReplyContentListActivity: +169ms
12-07 06:09:34.262   528   549 I ActivityManager: Displayed com.tencent.news/.module.comment.ReplyContentListActivity: +277ms
12-07 06:09:57.072   528   549 I ActivityManager: Displayed com.tencent.news/.module.comment.ReplyContentListActivity: +709ms
12-07 06:10:03.675   528   549 I ActivityManager: Displayed com.tencent.news/.module.comment.ReplyContentListActivity: +109ms
12-07 06:10:07.825   528   549 I ActivityManager: Displayed com.tencent.news/.map.LocationMapActivity: +737ms
12-07 06:07:28.254   528   549 I ActivityManager: Displayed com.tencent.news/.map.LocationMapActivity: +580ms
12-07 06:07:47.469   528   549 I ActivityManager: Displayed com.tencent.news/.map.LocationMapActivity: +522ms
12-07 06:07:53.789   528   549 I ActivityManager: Displayed com.tencent.news/.activity.SplashActivity: +1s116ms
12-07 06:07:57.350   528   549 I ActivityManager: Displayed com.tencent.news/.ui.read24hours.Read24HoursActivity: +517ms
12-07 06:07:58.603   528   549 I ActivityManager: Displayed com.tencent.news/.ui.NewsDetailActivity: +530ms
12-07 06:08:15.166   528   549 I ActivityManager: Displayed com.tencent.news/.ui.NewsDetailActivity: +491ms
12-07 06:08:18.127   528   549 I ActivityManager: Displayed com.tencent.news/.ui.NewsDetailActivity: +638ms
12-07 06:08:21.666   528   549 I ActivityManager: Displayed com.tencent.news/.map.LocationMapActivity: +644ms
12-07 06:08:25.731   528   549 I ActivityManager: Displayed com.tencent.news/com.sina.weibo.sdk.web.WeiboSdkWebActivity: +135ms (total +533ms)
12-07 06:08:29.660   528   549 I ActivityManager: Displayed com.tencent.news/.ui.imagedetail.GalleryDetailPreViewActivity: +321ms
12-07 06:08:35.523   528   549 I ActivityManager: Displayed com.tencent.news/.ui.imagedetail.GalleryDetailPreViewActivity: +162ms
12-07 06:08:40.039   528   549 I ActivityManager: Displayed com.tencent.news/.module.comment.ReplyContentListActivity: +381ms
12-07 06:09:00.376   528   549 I ActivityManager: Displayed com.tencent.news/.module.comment.ReplyContentListActivity: +234ms
12-07 06:09:05.982   528   549 I ActivityManager: Displayed com.tencent.news/.module.comment.ReplyContentListActivity: +284ms
12-07 06:09:09.583   528   549 I ActivityManager: Displayed com.tencent.news/.ui.LoginActivity: +178ms
12-07 06:09:09.925   528   549 I ActivityManager: Displayed com.tencent.news/oicq.wlogin_sdk.quicklogin.QuickLoginWebViewActivity: +266ms
12-07 06:09:15.649   528   549 I ActivityManager: Displayed com.tencent.news/.module.comment.ReplyContentListActivity: +169ms
12-07 06:09:34.262   528   549 I ActivityManager: Displayed com.tencent.news/.module.comment.ReplyContentListActivity: +277ms
12-07 06:09:57.072   528   549 I ActivityManager: Displayed com.tencent.news/.module.comment.ReplyContentListActivity: +709ms
12-07 06:10:03.675   528   549 I ActivityManager: Displayed com.tencent.news/.module.comment.ReplyContentListActivity: +109ms
12-07 06:10:07.825   528   549 I ActivityManager: Displayed com.tencent.news/.map.LocationMapActivity: +737ms
12-07 06:10:15.001   528   549 I ActivityManager: Displayed com.tencent.news/.ui.LoginActivity: +338ms
12-07 06:10:16.838   528   549 I ActivityManager: Displayed com.tencent.news/.ui.LoginActivity: +189ms
12-07 06:07:28.254   528   549 I ActivityManager: Displayed com.tencent.news/.map.LocationMapActivity: +580ms
12-07 06:07:47.469   528   549 I ActivityManager: Displayed com.tencent.news/.map.LocationMapActivity: +522ms
12-07 06:07:53.789   528   549 I ActivityManager: Displayed com.tencent.news/.activity.SplashActivity: +1s116ms
12-07 06:07:57.350   528   549 I ActivityManager: Displayed com.tencent.news/.ui.read24hours.Read24HoursActivity: +517ms
12-07 06:07:58.603   528   549 I ActivityManager: Displayed com.tencent.news/.ui.NewsDetailActivity: +530ms
12-07 06:08:15.166   528   549 I ActivityManager: Displayed com.tencent.news/.ui.NewsDetailActivity: +491ms
12-07 06:08:18.127   528   549 I ActivityManager: Displayed com.tencent.news/.ui.NewsDetailActivity: +638ms
12-07 06:08:21.666   528   549 I ActivityManager: Displayed com.tencent.news/.map.LocationMapActivity: +644ms
12-07 06:08:25.731   528   549 I ActivityManager: Displayed com.tencent.news/com.sina.weibo.sdk.web.WeiboSdkWebActivity: +135ms (total +533ms)
12-07 06:08:29.660   528   549 I ActivityManager: Displayed com.tencent.news/.ui.imagedetail.GalleryDetailPreViewActivity: +321ms
12-07 06:08:35.523   528   549 I ActivityManager: Displayed com.tencent.news/.ui.imagedetail.GalleryDetailPreViewActivity: +162ms
12-07 06:08:40.039   528   549 I ActivityManager: Displayed com.tencent.news/.module.comment.ReplyContentListActivity: +381ms
12-07 06:09:00.376   528   549 I ActivityManager: Displayed com.tencent.news/.module.comment.ReplyContentListActivity: +234ms
12-07 06:09:05.982   528   549 I ActivityManager: Displayed com.tencent.news/.module.comment.ReplyContentListActivity: +284ms
12-07 06:09:09.583   528   549 I ActivityManager: Displayed com.tencent.news/.ui.LoginActivity: +178ms
12-07 06:09:09.925   528   549 I ActivityManager: Displayed com.tencent.news/oicq.wlogin_sdk.quicklogin.QuickLoginWebViewActivity: +266ms
12-07 06:09:15.649   528   549 I ActivityManager: Displayed com.tencent.news/.module.comment.ReplyContentListActivity: +169ms
12-07 06:09:34.262   528   549 I ActivityManager: Displayed com.tencent.news/.module.comment.ReplyContentListActivity: +277ms
12-07 06:09:57.072   528   549 I ActivityManager: Displayed com.tencent.news/.module.comment.ReplyContentListActivity: +709ms
12-07 06:10:03.675   528   549 I ActivityManager: Displayed com.tencent.news/.module.comment.ReplyContentListActivity: +109ms
12-07 06:10:07.825   528   549 I ActivityManager: Displayed com.tencent.news/.map.LocationMapActivity: +737ms
12-07 06:10:15.001   528   549 I ActivityManager: Displayed com.tencent.news/.ui.LoginActivity: +338ms
12-07 06:10:16.838   528   549 I ActivityManager: Displayed com.tencent.news/.ui.LoginActivity: +189ms
